[0.058s] Invoking command in '/home/arael/Downloads/Mpala /mocap_ws/build/mocap4r2_control_msgs': CMAKE_PREFIX_PATH=${CMAKE_PREFIX_PATH}:/home/arael/Downloads/Mpala /mocap_ws/install/mocap4r2cli:/opt/ros/jazzy DEBUGINFOD_URLS=https://debuginfod.ubuntu.com /usr/bin/cmake --build /home/arael/Downloads/Mpala /mocap_ws/build/mocap4r2_control_msgs -- -j16 -l16
[0.208s] [  2%] Built target mocap4r2_control_msgs__rosidl_generator_type_description
[0.242s] [  2%] Built target ament_cmake_python_symlink_mocap4r2_control_msgs
[0.282s] [  4%] Built target mocap4r2_control_msgs__cpp
[0.287s] [ 22%] Built target mocap4r2_control_msgs__rosidl_generator_c
[0.432s] [ 31%] Built target mocap4r2_control_msgs__rosidl_typesupport_c
[0.460s] [ 40%] Built target mocap4r2_control_msgs__rosidl_typesupport_introspection_c
[0.464s] [ 50%] Built target mocap4r2_control_msgs__rosidl_typesupport_fastrtps_c
[0.484s] [ 59%] Built target mocap4r2_control_msgs__rosidl_typesupport_fastrtps_cpp
[0.490s] [ 68%] Built target mocap4r2_control_msgs__rosidl_typesupport_cpp
[0.502s] [ 77%] Built target mocap4r2_control_msgs__rosidl_typesupport_introspection_cpp
[0.577s] [ 77%] Built target mocap4r2_control_msgs
[0.638s] [ 79%] Built target mocap4r2_control_msgs__py
[0.714s] [ 86%] Built target mocap4r2_control_msgs__rosidl_generator_py
[0.802s] [ 90%] Built target mocap4r2_control_msgs_s__rosidl_typesupport_introspection_c
[0.807s] [ 95%] Built target mocap4r2_control_msgs_s__rosidl_typesupport_fastrtps_c
[0.810s] [100%] Built target mocap4r2_control_msgs_s__rosidl_typesupport_c
[1.000s] running egg_info
[1.054s] writing mocap4r2_control_msgs.egg-info/PKG-INFO
[1.055s] writing dependency_links to mocap4r2_control_msgs.egg-info/dependency_links.txt
[1.055s] writing top-level names to mocap4r2_control_msgs.egg-info/top_level.txt
[1.197s] reading manifest file 'mocap4r2_control_msgs.egg-info/SOURCES.txt'
[1.198s] writing manifest file 'mocap4r2_control_msgs.egg-info/SOURCES.txt'
[1.252s] [100%] Built target ament_cmake_python_build_mocap4r2_control_msgs_egg
[1.276s] Invoked command in '/home/arael/Downloads/Mpala /mocap_ws/build/mocap4r2_control_msgs' returned '0': CMAKE_PREFIX_PATH=${CMAKE_PREFIX_PATH}:/home/arael/Downloads/Mpala /mocap_ws/install/mocap4r2cli:/opt/ros/jazzy DEBUGINFOD_URLS=https://debuginfod.ubuntu.com /usr/bin/cmake --build /home/arael/Downloads/Mpala /mocap_ws/build/mocap4r2_control_msgs -- -j16 -l16
[1.295s] Invoking command in '/home/arael/Downloads/Mpala /mocap_ws/build/mocap4r2_control_msgs': CMAKE_PREFIX_PATH=${CMAKE_PREFIX_PATH}:/home/arael/Downloads/Mpala /mocap_ws/install/mocap4r2cli:/opt/ros/jazzy DEBUGINFOD_URLS=https://debuginfod.ubuntu.com /usr/bin/cmake --install /home/arael/Downloads/Mpala /mocap_ws/build/mocap4r2_control_msgs
[1.310s] -- Install configuration: ""
[1.311s] -- Execute custom install script
[1.311s] -- Up-to-date symlink: /home/arael/Downloads/Mpala /mocap_ws/install/mocap4r2_control_msgs/share/ament_index/resource_index/rosidl_interfaces/mocap4r2_control_msgs
[1.311s] -- Up-to-date symlink: /home/arael/Downloads/Mpala /mocap_ws/install/mocap4r2_control_msgs/share/mocap4r2_control_msgs/msg/Control.json
[1.312s] -- Up-to-date symlink: /home/arael/Downloads/Mpala /mocap_ws/install/mocap4r2_control_msgs/share/mocap4r2_control_msgs/msg/MocapInfo.json
[1.312s] -- Up-to-date symlink: /home/arael/Downloads/Mpala /mocap_ws/install/mocap4r2_control_msgs/include/mocap4r2_control_msgs/mocap4r2_control_msgs/msg/control.h
[1.312s] -- Up-to-date symlink: /home/arael/Downloads/Mpala /mocap_ws/install/mocap4r2_control_msgs/include/mocap4r2_control_msgs/mocap4r2_control_msgs/msg/detail/control__functions.h
[1.312s] -- Up-to-date symlink: /home/arael/Downloads/Mpala /mocap_ws/install/mocap4r2_control_msgs/include/mocap4r2_control_msgs/mocap4r2_control_msgs/msg/detail/control__struct.h
[1.313s] -- Up-to-date symlink: /home/arael/Downloads/Mpala /mocap_ws/install/mocap4r2_control_msgs/include/mocap4r2_control_msgs/mocap4r2_control_msgs/msg/detail/control__type_support.h
[1.313s] -- Up-to-date symlink: /home/arael/Downloads/Mpala /mocap_ws/install/mocap4r2_control_msgs/include/mocap4r2_control_msgs/mocap4r2_control_msgs/msg/detail/mocap_info__functions.h
[1.313s] -- Up-to-date symlink: /home/arael/Downloads/Mpala /mocap_ws/install/mocap4r2_control_msgs/include/mocap4r2_control_msgs/mocap4r2_control_msgs/msg/detail/mocap_info__struct.h
[1.313s] -- Up-to-date symlink: /home/arael/Downloads/Mpala /mocap_ws/install/mocap4r2_control_msgs/include/mocap4r2_control_msgs/mocap4r2_control_msgs/msg/detail/mocap_info__type_support.h
[1.314s] -- Up-to-date symlink: /home/arael/Downloads/Mpala /mocap_ws/install/mocap4r2_control_msgs/include/mocap4r2_control_msgs/mocap4r2_control_msgs/msg/mocap_info.h
[1.314s] -- Up-to-date symlink: /home/arael/Downloads/Mpala /mocap_ws/install/mocap4r2_control_msgs/include/mocap4r2_control_msgs/mocap4r2_control_msgs/msg/rosidl_generator_c__visibility_control.h
[1.314s] -- Up-to-date symlink: /home/arael/Downloads/Mpala /mocap_ws/install/mocap4r2_control_msgs/share/mocap4r2_control_msgs/environment/library_path.sh
[1.314s] -- Up-to-date symlink: /home/arael/Downloads/Mpala /mocap_ws/install/mocap4r2_control_msgs/share/mocap4r2_control_msgs/environment/library_path.dsv
[1.315s] -- Up-to-date symlink: /home/arael/Downloads/Mpala /mocap_ws/install/mocap4r2_control_msgs/include/mocap4r2_control_msgs/mocap4r2_control_msgs/msg/detail/control__rosidl_typesupport_fastrtps_c.h
[1.315s] -- Up-to-date symlink: /home/arael/Downloads/Mpala /mocap_ws/install/mocap4r2_control_msgs/include/mocap4r2_control_msgs/mocap4r2_control_msgs/msg/detail/mocap_info__rosidl_typesupport_fastrtps_c.h
[1.316s] -- Up-to-date symlink: /home/arael/Downloads/Mpala /mocap_ws/install/mocap4r2_control_msgs/include/mocap4r2_control_msgs/mocap4r2_control_msgs/msg/rosidl_typesupport_fastrtps_c__visibility_control.h
[1.316s] -- Up-to-date symlink: /home/arael/Downloads/Mpala /mocap_ws/install/mocap4r2_control_msgs/include/mocap4r2_control_msgs/mocap4r2_control_msgs/msg/detail/control__rosidl_typesupport_introspection_c.h
[1.317s] -- Up-to-date symlink: /home/arael/Downloads/Mpala /mocap_ws/install/mocap4r2_control_msgs/include/mocap4r2_control_msgs/mocap4r2_control_msgs/msg/detail/mocap_info__rosidl_typesupport_introspection_c.h
[1.317s] -- Up-to-date symlink: /home/arael/Downloads/Mpala /mocap_ws/install/mocap4r2_control_msgs/include/mocap4r2_control_msgs/mocap4r2_control_msgs/msg/rosidl_typesupport_introspection_c__visibility_control.h
[1.317s] -- Up-to-date symlink: /home/arael/Downloads/Mpala /mocap_ws/install/mocap4r2_control_msgs/include/mocap4r2_control_msgs/mocap4r2_control_msgs/msg/control.hpp
[1.317s] -- Up-to-date symlink: /home/arael/Downloads/Mpala /mocap_ws/install/mocap4r2_control_msgs/include/mocap4r2_control_msgs/mocap4r2_control_msgs/msg/detail/control__builder.hpp
[1.318s] -- Up-to-date symlink: /home/arael/Downloads/Mpala /mocap_ws/install/mocap4r2_control_msgs/include/mocap4r2_control_msgs/mocap4r2_control_msgs/msg/detail/control__struct.hpp
[1.318s] -- Up-to-date symlink: /home/arael/Downloads/Mpala /mocap_ws/install/mocap4r2_control_msgs/include/mocap4r2_control_msgs/mocap4r2_control_msgs/msg/detail/control__traits.hpp
[1.318s] -- Up-to-date symlink: /home/arael/Downloads/Mpala /mocap_ws/install/mocap4r2_control_msgs/include/mocap4r2_control_msgs/mocap4r2_control_msgs/msg/detail/control__type_support.hpp
[1.318s] -- Up-to-date symlink: /home/arael/Downloads/Mpala /mocap_ws/install/mocap4r2_control_msgs/include/mocap4r2_control_msgs/mocap4r2_control_msgs/msg/detail/mocap_info__builder.hpp
[1.319s] -- Up-to-date symlink: /home/arael/Downloads/Mpala /mocap_ws/install/mocap4r2_control_msgs/include/mocap4r2_control_msgs/mocap4r2_control_msgs/msg/detail/mocap_info__struct.hpp
[1.319s] -- Up-to-date symlink: /home/arael/Downloads/Mpala /mocap_ws/install/mocap4r2_control_msgs/include/mocap4r2_control_msgs/mocap4r2_control_msgs/msg/detail/mocap_info__traits.hpp
[1.319s] -- Up-to-date symlink: /home/arael/Downloads/Mpala /mocap_ws/install/mocap4r2_control_msgs/include/mocap4r2_control_msgs/mocap4r2_control_msgs/msg/detail/mocap_info__type_support.hpp
[1.320s] -- Up-to-date symlink: /home/arael/Downloads/Mpala /mocap_ws/install/mocap4r2_control_msgs/include/mocap4r2_control_msgs/mocap4r2_control_msgs/msg/mocap_info.hpp
[1.320s] -- Up-to-date symlink: /home/arael/Downloads/Mpala /mocap_ws/install/mocap4r2_control_msgs/include/mocap4r2_control_msgs/mocap4r2_control_msgs/msg/rosidl_generator_cpp__visibility_control.hpp
[1.320s] -- Up-to-date symlink: /home/arael/Downloads/Mpala /mocap_ws/install/mocap4r2_control_msgs/include/mocap4r2_control_msgs/mocap4r2_control_msgs/msg/detail/control__rosidl_typesupport_fastrtps_cpp.hpp
[1.320s] -- Up-to-date symlink: /home/arael/Downloads/Mpala /mocap_ws/install/mocap4r2_control_msgs/include/mocap4r2_control_msgs/mocap4r2_control_msgs/msg/detail/mocap_info__rosidl_typesupport_fastrtps_cpp.hpp
[1.321s] -- Up-to-date symlink: /home/arael/Downloads/Mpala /mocap_ws/install/mocap4r2_control_msgs/include/mocap4r2_control_msgs/mocap4r2_control_msgs/msg/rosidl_typesupport_fastrtps_cpp__visibility_control.h
[1.321s] -- Up-to-date symlink: /home/arael/Downloads/Mpala /mocap_ws/install/mocap4r2_control_msgs/include/mocap4r2_control_msgs/mocap4r2_control_msgs/msg/detail/control__rosidl_typesupport_introspection_cpp.hpp
[1.321s] -- Up-to-date symlink: /home/arael/Downloads/Mpala /mocap_ws/install/mocap4r2_control_msgs/include/mocap4r2_control_msgs/mocap4r2_control_msgs/msg/detail/mocap_info__rosidl_typesupport_introspection_cpp.hpp
[1.321s] -- Up-to-date symlink: /home/arael/Downloads/Mpala /mocap_ws/install/mocap4r2_control_msgs/share/mocap4r2_control_msgs/environment/pythonpath.sh
[1.322s] -- Up-to-date symlink: /home/arael/Downloads/Mpala /mocap_ws/install/mocap4r2_control_msgs/share/mocap4r2_control_msgs/environment/pythonpath.dsv
[1.322s] -- Up-to-date symlink: /home/arael/Downloads/Mpala /mocap_ws/install/mocap4r2_control_msgs/lib/python3.12/site-packages/mocap4r2_control_msgs-0.0.7-py3.12.egg-info/PKG-INFO
[1.322s] -- Up-to-date symlink: /home/arael/Downloads/Mpala /mocap_ws/install/mocap4r2_control_msgs/lib/python3.12/site-packages/mocap4r2_control_msgs-0.0.7-py3.12.egg-info/SOURCES.txt
[1.323s] -- Up-to-date symlink: /home/arael/Downloads/Mpala /mocap_ws/install/mocap4r2_control_msgs/lib/python3.12/site-packages/mocap4r2_control_msgs-0.0.7-py3.12.egg-info/dependency_links.txt
[1.323s] -- Up-to-date symlink: /home/arael/Downloads/Mpala /mocap_ws/install/mocap4r2_control_msgs/lib/python3.12/site-packages/mocap4r2_control_msgs-0.0.7-py3.12.egg-info/top_level.txt
[1.324s] -- Up-to-date symlink: /home/arael/Downloads/Mpala /mocap_ws/install/mocap4r2_control_msgs/lib/python3.12/site-packages/mocap4r2_control_msgs/__init__.py
[1.324s] -- Up-to-date symlink: /home/arael/Downloads/Mpala /mocap_ws/install/mocap4r2_control_msgs/lib/python3.12/site-packages/mocap4r2_control_msgs/_mocap4r2_control_msgs_s.ep.rosidl_typesupport_c.c
[1.324s] -- Up-to-date symlink: /home/arael/Downloads/Mpala /mocap_ws/install/mocap4r2_control_msgs/lib/python3.12/site-packages/mocap4r2_control_msgs/_mocap4r2_control_msgs_s.ep.rosidl_typesupport_fastrtps_c.c
[1.325s] -- Up-to-date symlink: /home/arael/Downloads/Mpala /mocap_ws/install/mocap4r2_control_msgs/lib/python3.12/site-packages/mocap4r2_control_msgs/_mocap4r2_control_msgs_s.ep.rosidl_typesupport_introspection_c.c
[1.325s] -- Up-to-date symlink: /home/arael/Downloads/Mpala /mocap_ws/install/mocap4r2_control_msgs/lib/python3.12/site-packages/mocap4r2_control_msgs/mocap4r2_control_msgs_s__rosidl_typesupport_c.so
[1.325s] -- Up-to-date symlink: /home/arael/Downloads/Mpala /mocap_ws/install/mocap4r2_control_msgs/lib/python3.12/site-packages/mocap4r2_control_msgs/mocap4r2_control_msgs_s__rosidl_typesupport_fastrtps_c.so
[1.325s] -- Up-to-date symlink: /home/arael/Downloads/Mpala /mocap_ws/install/mocap4r2_control_msgs/lib/python3.12/site-packages/mocap4r2_control_msgs/mocap4r2_control_msgs_s__rosidl_typesupport_introspection_c.so
[1.325s] -- Up-to-date symlink: /home/arael/Downloads/Mpala /mocap_ws/install/mocap4r2_control_msgs/lib/python3.12/site-packages/mocap4r2_control_msgs/msg/__init__.py
[1.326s] -- Up-to-date symlink: /home/arael/Downloads/Mpala /mocap_ws/install/mocap4r2_control_msgs/lib/python3.12/site-packages/mocap4r2_control_msgs/msg/_control.py
[1.326s] -- Up-to-date symlink: /home/arael/Downloads/Mpala /mocap_ws/install/mocap4r2_control_msgs/lib/python3.12/site-packages/mocap4r2_control_msgs/msg/_control_s.c
[1.327s] -- Up-to-date symlink: /home/arael/Downloads/Mpala /mocap_ws/install/mocap4r2_control_msgs/lib/python3.12/site-packages/mocap4r2_control_msgs/msg/_mocap_info.py
[1.327s] -- Up-to-date symlink: /home/arael/Downloads/Mpala /mocap_ws/install/mocap4r2_control_msgs/lib/python3.12/site-packages/mocap4r2_control_msgs/msg/_mocap_info_s.c
[1.327s] -- Up-to-date symlink: /home/arael/Downloads/Mpala /mocap_ws/install/mocap4r2_control_msgs/lib/python3.12/site-packages/mocap4r2_control_msgs/mocap4r2_control_msgs_s__rosidl_typesupport_fastrtps_c.so
[1.327s] -- Up-to-date symlink: /home/arael/Downloads/Mpala /mocap_ws/install/mocap4r2_control_msgs/lib/python3.12/site-packages/mocap4r2_control_msgs/mocap4r2_control_msgs_s__rosidl_typesupport_introspection_c.so
[1.328s] -- Up-to-date symlink: /home/arael/Downloads/Mpala /mocap_ws/install/mocap4r2_control_msgs/lib/python3.12/site-packages/mocap4r2_control_msgs/mocap4r2_control_msgs_s__rosidl_typesupport_c.so
[1.328s] -- Up-to-date symlink: /home/arael/Downloads/Mpala /mocap_ws/install/mocap4r2_control_msgs/share/mocap4r2_control_msgs/msg/Control.idl
[1.329s] -- Up-to-date symlink: /home/arael/Downloads/Mpala /mocap_ws/install/mocap4r2_control_msgs/share/mocap4r2_control_msgs/msg/MocapInfo.idl
[1.330s] -- Up-to-date symlink: /home/arael/Downloads/Mpala /mocap_ws/install/mocap4r2_control_msgs/share/mocap4r2_control_msgs/msg/Control.msg
[1.331s] -- Up-to-date symlink: /home/arael/Downloads/Mpala /mocap_ws/install/mocap4r2_control_msgs/share/mocap4r2_control_msgs/msg/MocapInfo.msg
[1.331s] -- Up-to-date symlink: /home/arael/Downloads/Mpala /mocap_ws/install/mocap4r2_control_msgs/share/mocap4r2_control_msgs/mocap4r2_control_bridge_mapping_rule.yaml
[1.331s] -- Up-to-date symlink: /home/arael/Downloads/Mpala /mocap_ws/install/mocap4r2_control_msgs/share/ament_index/resource_index/package_run_dependencies/mocap4r2_control_msgs
[1.331s] -- Up-to-date symlink: /home/arael/Downloads/Mpala /mocap_ws/install/mocap4r2_control_msgs/share/ament_index/resource_index/parent_prefix_path/mocap4r2_control_msgs
[1.331s] -- Up-to-date symlink: /home/arael/Downloads/Mpala /mocap_ws/install/mocap4r2_control_msgs/share/mocap4r2_control_msgs/environment/ament_prefix_path.sh
[1.332s] -- Up-to-date symlink: /home/arael/Downloads/Mpala /mocap_ws/install/mocap4r2_control_msgs/share/mocap4r2_control_msgs/environment/ament_prefix_path.dsv
[1.332s] -- Up-to-date symlink: /home/arael/Downloads/Mpala /mocap_ws/install/mocap4r2_control_msgs/share/mocap4r2_control_msgs/environment/path.sh
[1.333s] -- Up-to-date symlink: /home/arael/Downloads/Mpala /mocap_ws/install/mocap4r2_control_msgs/share/mocap4r2_control_msgs/environment/path.dsv
[1.333s] -- Up-to-date symlink: /home/arael/Downloads/Mpala /mocap_ws/install/mocap4r2_control_msgs/share/mocap4r2_control_msgs/local_setup.bash
[1.333s] -- Up-to-date symlink: /home/arael/Downloads/Mpala /mocap_ws/install/mocap4r2_control_msgs/share/mocap4r2_control_msgs/local_setup.sh
[1.333s] -- Up-to-date symlink: /home/arael/Downloads/Mpala /mocap_ws/install/mocap4r2_control_msgs/share/mocap4r2_control_msgs/local_setup.zsh
[1.333s] -- Up-to-date symlink: /home/arael/Downloads/Mpala /mocap_ws/install/mocap4r2_control_msgs/share/mocap4r2_control_msgs/local_setup.dsv
[1.333s] -- Symlinking: /home/arael/Downloads/Mpala /mocap_ws/install/mocap4r2_control_msgs/share/mocap4r2_control_msgs/package.dsv
[1.365s] -- Up-to-date symlink: /home/arael/Downloads/Mpala /mocap_ws/install/mocap4r2_control_msgs/share/ament_index/resource_index/packages/mocap4r2_control_msgs
[1.367s] -- Up-to-date symlink: /home/arael/Downloads/Mpala /mocap_ws/install/mocap4r2_control_msgs/share/mocap4r2_control_msgs/cmake/rosidl_cmake-extras.cmake
[1.368s] -- Up-to-date symlink: /home/arael/Downloads/Mpala /mocap_ws/install/mocap4r2_control_msgs/share/mocap4r2_control_msgs/cmake/ament_cmake_export_dependencies-extras.cmake
[1.368s] -- Up-to-date symlink: /home/arael/Downloads/Mpala /mocap_ws/install/mocap4r2_control_msgs/share/mocap4r2_control_msgs/cmake/ament_cmake_export_include_directories-extras.cmake
[1.369s] -- Up-to-date symlink: /home/arael/Downloads/Mpala /mocap_ws/install/mocap4r2_control_msgs/share/mocap4r2_control_msgs/cmake/ament_cmake_export_libraries-extras.cmake
[1.369s] -- Up-to-date symlink: /home/arael/Downloads/Mpala /mocap_ws/install/mocap4r2_control_msgs/share/mocap4r2_control_msgs/cmake/ament_cmake_export_targets-extras.cmake
[1.371s] -- Up-to-date symlink: /home/arael/Downloads/Mpala /mocap_ws/install/mocap4r2_control_msgs/share/mocap4r2_control_msgs/cmake/rosidl_cmake_export_typesupport_targets-extras.cmake
[1.372s] -- Up-to-date symlink: /home/arael/Downloads/Mpala /mocap_ws/install/mocap4r2_control_msgs/share/mocap4r2_control_msgs/cmake/rosidl_cmake_export_typesupport_libraries-extras.cmake
[1.373s] -- Up-to-date symlink: /home/arael/Downloads/Mpala /mocap_ws/install/mocap4r2_control_msgs/share/mocap4r2_control_msgs/cmake/mocap4r2_control_msgsConfig.cmake
[1.373s] -- Up-to-date symlink: /home/arael/Downloads/Mpala /mocap_ws/install/mocap4r2_control_msgs/share/mocap4r2_control_msgs/cmake/mocap4r2_control_msgsConfig-version.cmake
[1.374s] -- Up-to-date symlink: /home/arael/Downloads/Mpala /mocap_ws/install/mocap4r2_control_msgs/share/mocap4r2_control_msgs/package.xml
[1.375s] -- Up-to-date: /home/arael/Downloads/Mpala /mocap_ws/install/mocap4r2_control_msgs/lib/libmocap4r2_control_msgs__rosidl_generator_c.so
[1.376s] -- Up-to-date: /home/arael/Downloads/Mpala /mocap_ws/install/mocap4r2_control_msgs/lib/libmocap4r2_control_msgs__rosidl_typesupport_fastrtps_c.so
[1.376s] -- Up-to-date: /home/arael/Downloads/Mpala /mocap_ws/install/mocap4r2_control_msgs/lib/libmocap4r2_control_msgs__rosidl_typesupport_introspection_c.so
[1.377s] -- Up-to-date: /home/arael/Downloads/Mpala /mocap_ws/install/mocap4r2_control_msgs/lib/libmocap4r2_control_msgs__rosidl_typesupport_c.so
[1.378s] -- Up-to-date: /home/arael/Downloads/Mpala /mocap_ws/install/mocap4r2_control_msgs/lib/libmocap4r2_control_msgs__rosidl_typesupport_fastrtps_cpp.so
[1.379s] -- Up-to-date: /home/arael/Downloads/Mpala /mocap_ws/install/mocap4r2_control_msgs/lib/libmocap4r2_control_msgs__rosidl_typesupport_introspection_cpp.so
[1.380s] -- Up-to-date: /home/arael/Downloads/Mpala /mocap_ws/install/mocap4r2_control_msgs/lib/libmocap4r2_control_msgs__rosidl_typesupport_cpp.so
[1.460s] Listing '/home/arael/Downloads/Mpala /mocap_ws/install/mocap4r2_control_msgs/lib/python3.12/site-packages/mocap4r2_control_msgs'...
[1.460s] Listing '/home/arael/Downloads/Mpala /mocap_ws/install/mocap4r2_control_msgs/lib/python3.12/site-packages/mocap4r2_control_msgs/msg'...
[1.474s] -- Up-to-date: /home/arael/Downloads/Mpala /mocap_ws/install/mocap4r2_control_msgs/lib/libmocap4r2_control_msgs__rosidl_generator_py.so
[1.474s] -- Up-to-date: /home/arael/Downloads/Mpala /mocap_ws/install/mocap4r2_control_msgs/share/mocap4r2_control_msgs/cmake/export_mocap4r2_control_msgs__rosidl_generator_cExport.cmake
[1.475s] -- Up-to-date: /home/arael/Downloads/Mpala /mocap_ws/install/mocap4r2_control_msgs/share/mocap4r2_control_msgs/cmake/export_mocap4r2_control_msgs__rosidl_generator_cExport-noconfig.cmake
[1.475s] -- Up-to-date: /home/arael/Downloads/Mpala /mocap_ws/install/mocap4r2_control_msgs/share/mocap4r2_control_msgs/cmake/export_mocap4r2_control_msgs__rosidl_typesupport_fastrtps_cExport.cmake
[1.476s] -- Up-to-date: /home/arael/Downloads/Mpala /mocap_ws/install/mocap4r2_control_msgs/share/mocap4r2_control_msgs/cmake/export_mocap4r2_control_msgs__rosidl_typesupport_fastrtps_cExport-noconfig.cmake
[1.476s] -- Up-to-date: /home/arael/Downloads/Mpala /mocap_ws/install/mocap4r2_control_msgs/share/mocap4r2_control_msgs/cmake/mocap4r2_control_msgs__rosidl_typesupport_introspection_cExport.cmake
[1.476s] -- Up-to-date: /home/arael/Downloads/Mpala /mocap_ws/install/mocap4r2_control_msgs/share/mocap4r2_control_msgs/cmake/mocap4r2_control_msgs__rosidl_typesupport_introspection_cExport-noconfig.cmake
[1.478s] -- Up-to-date: /home/arael/Downloads/Mpala /mocap_ws/install/mocap4r2_control_msgs/share/mocap4r2_control_msgs/cmake/mocap4r2_control_msgs__rosidl_typesupport_cExport.cmake
[1.478s] -- Up-to-date: /home/arael/Downloads/Mpala /mocap_ws/install/mocap4r2_control_msgs/share/mocap4r2_control_msgs/cmake/mocap4r2_control_msgs__rosidl_typesupport_cExport-noconfig.cmake
[1.478s] -- Up-to-date: /home/arael/Downloads/Mpala /mocap_ws/install/mocap4r2_control_msgs/share/mocap4r2_control_msgs/cmake/export_mocap4r2_control_msgs__rosidl_generator_cppExport.cmake
[1.478s] -- Up-to-date: /home/arael/Downloads/Mpala /mocap_ws/install/mocap4r2_control_msgs/share/mocap4r2_control_msgs/cmake/export_mocap4r2_control_msgs__rosidl_typesupport_fastrtps_cppExport.cmake
[1.479s] -- Up-to-date: /home/arael/Downloads/Mpala /mocap_ws/install/mocap4r2_control_msgs/share/mocap4r2_control_msgs/cmake/export_mocap4r2_control_msgs__rosidl_typesupport_fastrtps_cppExport-noconfig.cmake
[1.479s] -- Up-to-date: /home/arael/Downloads/Mpala /mocap_ws/install/mocap4r2_control_msgs/share/mocap4r2_control_msgs/cmake/mocap4r2_control_msgs__rosidl_typesupport_introspection_cppExport.cmake
[1.480s] -- Up-to-date: /home/arael/Downloads/Mpala /mocap_ws/install/mocap4r2_control_msgs/share/mocap4r2_control_msgs/cmake/mocap4r2_control_msgs__rosidl_typesupport_introspection_cppExport-noconfig.cmake
[1.480s] -- Up-to-date: /home/arael/Downloads/Mpala /mocap_ws/install/mocap4r2_control_msgs/share/mocap4r2_control_msgs/cmake/mocap4r2_control_msgs__rosidl_typesupport_cppExport.cmake
[1.480s] -- Up-to-date: /home/arael/Downloads/Mpala /mocap_ws/install/mocap4r2_control_msgs/share/mocap4r2_control_msgs/cmake/mocap4r2_control_msgs__rosidl_typesupport_cppExport-noconfig.cmake
[1.481s] -- Up-to-date: /home/arael/Downloads/Mpala /mocap_ws/install/mocap4r2_control_msgs/share/mocap4r2_control_msgs/cmake/export_mocap4r2_control_msgs__rosidl_generator_pyExport.cmake
[1.481s] -- Up-to-date: /home/arael/Downloads/Mpala /mocap_ws/install/mocap4r2_control_msgs/share/mocap4r2_control_msgs/cmake/export_mocap4r2_control_msgs__rosidl_generator_pyExport-noconfig.cmake
[1.483s] Invoked command in '/home/arael/Downloads/Mpala /mocap_ws/build/mocap4r2_control_msgs' returned '0': CMAKE_PREFIX_PATH=${CMAKE_PREFIX_PATH}:/home/arael/Downloads/Mpala /mocap_ws/install/mocap4r2cli:/opt/ros/jazzy DEBUGINFOD_URLS=https://debuginfod.ubuntu.com /usr/bin/cmake --install /home/arael/Downloads/Mpala /mocap_ws/build/mocap4r2_control_msgs
