[0.042s] Invoking command in '/home/arael/Downloads/Mpala /mocap_ws/build/mocap4r2_control_msgs': CMAKE_PREFIX_PATH=${CMAKE_PREFIX_PATH}:/opt/ros/jazzy DEBUGINFOD_URLS=https://debuginfod.ubuntu.com /usr/bin/cmake --build /home/arael/Downloads/Mpala /mocap_ws/build/mocap4r2_control_msgs -- -j16 -l16
[0.179s] [  2%] Built target mocap4r2_control_msgs__rosidl_generator_type_description
[0.206s] [  2%] Built target ament_cmake_python_symlink_mocap4r2_control_msgs
[0.243s] [  4%] Built target mocap4r2_control_msgs__cpp
[0.252s] [ 22%] Built target mocap4r2_control_msgs__rosidl_generator_c
[0.378s] [ 34%] Built target mocap4r2_control_msgs__rosidl_typesupport_fastrtps_cpp
[0.378s] [ 40%] Built target mocap4r2_control_msgs__rosidl_typesupport_fastrtps_c
[0.382s] [ 59%] Built target mocap4r2_control_msgs__rosidl_typesupport_introspection_cpp
[0.382s] [ 59%] Built target mocap4r2_control_msgs__rosidl_typesupport_introspection_c
[0.396s] [ 68%] Built target mocap4r2_control_msgs__rosidl_typesupport_c
[0.399s] [ 77%] Built target mocap4r2_control_msgs__rosidl_typesupport_cpp
[0.453s] [ 77%] Built target mocap4r2_control_msgs
[0.509s] [ 79%] Built target mocap4r2_control_msgs__py
[0.570s] [ 86%] Built target mocap4r2_control_msgs__rosidl_generator_py
[0.649s] [ 90%] Built target mocap4r2_control_msgs_s__rosidl_typesupport_c
[0.649s] [ 95%] Built target mocap4r2_control_msgs_s__rosidl_typesupport_introspection_c
[0.649s] [100%] Built target mocap4r2_control_msgs_s__rosidl_typesupport_fastrtps_c
[0.838s] running egg_info
[0.890s] writing mocap4r2_control_msgs.egg-info/PKG-INFO
[0.891s] writing dependency_links to mocap4r2_control_msgs.egg-info/dependency_links.txt
[0.891s] writing top-level names to mocap4r2_control_msgs.egg-info/top_level.txt
[1.041s] reading manifest file 'mocap4r2_control_msgs.egg-info/SOURCES.txt'
[1.042s] writing manifest file 'mocap4r2_control_msgs.egg-info/SOURCES.txt'
[1.121s] [100%] Built target ament_cmake_python_build_mocap4r2_control_msgs_egg
[1.176s] Invoked command in '/home/arael/Downloads/Mpala /mocap_ws/build/mocap4r2_control_msgs' returned '0': CMAKE_PREFIX_PATH=${CMAKE_PREFIX_PATH}:/opt/ros/jazzy DEBUGINFOD_URLS=https://debuginfod.ubuntu.com /usr/bin/cmake --build /home/arael/Downloads/Mpala /mocap_ws/build/mocap4r2_control_msgs -- -j16 -l16
[1.178s] Invoking command in '/home/arael/Downloads/Mpala /mocap_ws/build/mocap4r2_control_msgs': CMAKE_PREFIX_PATH=${CMAKE_PREFIX_PATH}:/opt/ros/jazzy DEBUGINFOD_URLS=https://debuginfod.ubuntu.com /usr/bin/cmake --install /home/arael/Downloads/Mpala /mocap_ws/build/mocap4r2_control_msgs
[1.198s] -- Install configuration: ""
[1.200s] -- Execute custom install script
[1.200s] -- Up-to-date symlink: /home/arael/Downloads/Mpala /mocap_ws/install/mocap4r2_control_msgs/share/ament_index/resource_index/rosidl_interfaces/mocap4r2_control_msgs
[1.201s] -- Up-to-date symlink: /home/arael/Downloads/Mpala /mocap_ws/install/mocap4r2_control_msgs/share/mocap4r2_control_msgs/msg/Control.json
[1.202s] -- Up-to-date symlink: /home/arael/Downloads/Mpala /mocap_ws/install/mocap4r2_control_msgs/share/mocap4r2_control_msgs/msg/MocapInfo.json
[1.203s] -- Up-to-date symlink: /home/arael/Downloads/Mpala /mocap_ws/install/mocap4r2_control_msgs/include/mocap4r2_control_msgs/mocap4r2_control_msgs/msg/control.h
[1.204s] -- Up-to-date symlink: /home/arael/Downloads/Mpala /mocap_ws/install/mocap4r2_control_msgs/include/mocap4r2_control_msgs/mocap4r2_control_msgs/msg/detail/control__functions.h
[1.205s] -- Up-to-date symlink: /home/arael/Downloads/Mpala /mocap_ws/install/mocap4r2_control_msgs/include/mocap4r2_control_msgs/mocap4r2_control_msgs/msg/detail/control__struct.h
[1.205s] -- Up-to-date symlink: /home/arael/Downloads/Mpala /mocap_ws/install/mocap4r2_control_msgs/include/mocap4r2_control_msgs/mocap4r2_control_msgs/msg/detail/control__type_support.h
[1.205s] -- Up-to-date symlink: /home/arael/Downloads/Mpala /mocap_ws/install/mocap4r2_control_msgs/include/mocap4r2_control_msgs/mocap4r2_control_msgs/msg/detail/mocap_info__functions.h
[1.205s] -- Up-to-date symlink: /home/arael/Downloads/Mpala /mocap_ws/install/mocap4r2_control_msgs/include/mocap4r2_control_msgs/mocap4r2_control_msgs/msg/detail/mocap_info__struct.h
[1.206s] -- Up-to-date symlink: /home/arael/Downloads/Mpala /mocap_ws/install/mocap4r2_control_msgs/include/mocap4r2_control_msgs/mocap4r2_control_msgs/msg/detail/mocap_info__type_support.h
[1.206s] -- Up-to-date symlink: /home/arael/Downloads/Mpala /mocap_ws/install/mocap4r2_control_msgs/include/mocap4r2_control_msgs/mocap4r2_control_msgs/msg/mocap_info.h
[1.207s] -- Up-to-date symlink: /home/arael/Downloads/Mpala /mocap_ws/install/mocap4r2_control_msgs/include/mocap4r2_control_msgs/mocap4r2_control_msgs/msg/rosidl_generator_c__visibility_control.h
[1.207s] -- Up-to-date symlink: /home/arael/Downloads/Mpala /mocap_ws/install/mocap4r2_control_msgs/share/mocap4r2_control_msgs/environment/library_path.sh
[1.208s] -- Up-to-date symlink: /home/arael/Downloads/Mpala /mocap_ws/install/mocap4r2_control_msgs/share/mocap4r2_control_msgs/environment/library_path.dsv
[1.210s] -- Up-to-date symlink: /home/arael/Downloads/Mpala /mocap_ws/install/mocap4r2_control_msgs/include/mocap4r2_control_msgs/mocap4r2_control_msgs/msg/detail/control__rosidl_typesupport_fastrtps_c.h
[1.210s] -- Up-to-date symlink: /home/arael/Downloads/Mpala /mocap_ws/install/mocap4r2_control_msgs/include/mocap4r2_control_msgs/mocap4r2_control_msgs/msg/detail/mocap_info__rosidl_typesupport_fastrtps_c.h
[1.211s] -- Up-to-date symlink: /home/arael/Downloads/Mpala /mocap_ws/install/mocap4r2_control_msgs/include/mocap4r2_control_msgs/mocap4r2_control_msgs/msg/rosidl_typesupport_fastrtps_c__visibility_control.h
[1.214s] -- Up-to-date symlink: /home/arael/Downloads/Mpala /mocap_ws/install/mocap4r2_control_msgs/include/mocap4r2_control_msgs/mocap4r2_control_msgs/msg/detail/control__rosidl_typesupport_introspection_c.h
[1.214s] -- Up-to-date symlink: /home/arael/Downloads/Mpala /mocap_ws/install/mocap4r2_control_msgs/include/mocap4r2_control_msgs/mocap4r2_control_msgs/msg/detail/mocap_info__rosidl_typesupport_introspection_c.h
[1.215s] -- Up-to-date symlink: /home/arael/Downloads/Mpala /mocap_ws/install/mocap4r2_control_msgs/include/mocap4r2_control_msgs/mocap4r2_control_msgs/msg/rosidl_typesupport_introspection_c__visibility_control.h
[1.217s] -- Up-to-date symlink: /home/arael/Downloads/Mpala /mocap_ws/install/mocap4r2_control_msgs/include/mocap4r2_control_msgs/mocap4r2_control_msgs/msg/control.hpp
[1.217s] -- Up-to-date symlink: /home/arael/Downloads/Mpala /mocap_ws/install/mocap4r2_control_msgs/include/mocap4r2_control_msgs/mocap4r2_control_msgs/msg/detail/control__builder.hpp
[1.218s] -- Up-to-date symlink: /home/arael/Downloads/Mpala /mocap_ws/install/mocap4r2_control_msgs/include/mocap4r2_control_msgs/mocap4r2_control_msgs/msg/detail/control__struct.hpp
[1.218s] -- Up-to-date symlink: /home/arael/Downloads/Mpala /mocap_ws/install/mocap4r2_control_msgs/include/mocap4r2_control_msgs/mocap4r2_control_msgs/msg/detail/control__traits.hpp
[1.219s] -- Up-to-date symlink: /home/arael/Downloads/Mpala /mocap_ws/install/mocap4r2_control_msgs/include/mocap4r2_control_msgs/mocap4r2_control_msgs/msg/detail/control__type_support.hpp
[1.220s] -- Up-to-date symlink: /home/arael/Downloads/Mpala /mocap_ws/install/mocap4r2_control_msgs/include/mocap4r2_control_msgs/mocap4r2_control_msgs/msg/detail/mocap_info__builder.hpp
[1.221s] -- Up-to-date symlink: /home/arael/Downloads/Mpala /mocap_ws/install/mocap4r2_control_msgs/include/mocap4r2_control_msgs/mocap4r2_control_msgs/msg/detail/mocap_info__struct.hpp
[1.222s] -- Up-to-date symlink: /home/arael/Downloads/Mpala /mocap_ws/install/mocap4r2_control_msgs/include/mocap4r2_control_msgs/mocap4r2_control_msgs/msg/detail/mocap_info__traits.hpp
[1.223s] -- Up-to-date symlink: /home/arael/Downloads/Mpala /mocap_ws/install/mocap4r2_control_msgs/include/mocap4r2_control_msgs/mocap4r2_control_msgs/msg/detail/mocap_info__type_support.hpp
[1.223s] -- Up-to-date symlink: /home/arael/Downloads/Mpala /mocap_ws/install/mocap4r2_control_msgs/include/mocap4r2_control_msgs/mocap4r2_control_msgs/msg/mocap_info.hpp
[1.224s] -- Up-to-date symlink: /home/arael/Downloads/Mpala /mocap_ws/install/mocap4r2_control_msgs/include/mocap4r2_control_msgs/mocap4r2_control_msgs/msg/rosidl_generator_cpp__visibility_control.hpp
[1.226s] -- Up-to-date symlink: /home/arael/Downloads/Mpala /mocap_ws/install/mocap4r2_control_msgs/include/mocap4r2_control_msgs/mocap4r2_control_msgs/msg/detail/control__rosidl_typesupport_fastrtps_cpp.hpp
[1.227s] -- Up-to-date symlink: /home/arael/Downloads/Mpala /mocap_ws/install/mocap4r2_control_msgs/include/mocap4r2_control_msgs/mocap4r2_control_msgs/msg/detail/mocap_info__rosidl_typesupport_fastrtps_cpp.hpp
[1.227s] -- Up-to-date symlink: /home/arael/Downloads/Mpala /mocap_ws/install/mocap4r2_control_msgs/include/mocap4r2_control_msgs/mocap4r2_control_msgs/msg/rosidl_typesupport_fastrtps_cpp__visibility_control.h
[1.228s] -- Up-to-date symlink: /home/arael/Downloads/Mpala /mocap_ws/install/mocap4r2_control_msgs/include/mocap4r2_control_msgs/mocap4r2_control_msgs/msg/detail/control__rosidl_typesupport_introspection_cpp.hpp
[1.229s] -- Up-to-date symlink: /home/arael/Downloads/Mpala /mocap_ws/install/mocap4r2_control_msgs/include/mocap4r2_control_msgs/mocap4r2_control_msgs/msg/detail/mocap_info__rosidl_typesupport_introspection_cpp.hpp
[1.230s] -- Up-to-date symlink: /home/arael/Downloads/Mpala /mocap_ws/install/mocap4r2_control_msgs/share/mocap4r2_control_msgs/environment/pythonpath.sh
[1.231s] -- Up-to-date symlink: /home/arael/Downloads/Mpala /mocap_ws/install/mocap4r2_control_msgs/share/mocap4r2_control_msgs/environment/pythonpath.dsv
[1.232s] -- Up-to-date symlink: /home/arael/Downloads/Mpala /mocap_ws/install/mocap4r2_control_msgs/lib/python3.12/site-packages/mocap4r2_control_msgs-0.0.7-py3.12.egg-info/PKG-INFO
[1.233s] -- Up-to-date symlink: /home/arael/Downloads/Mpala /mocap_ws/install/mocap4r2_control_msgs/lib/python3.12/site-packages/mocap4r2_control_msgs-0.0.7-py3.12.egg-info/SOURCES.txt
[1.233s] -- Up-to-date symlink: /home/arael/Downloads/Mpala /mocap_ws/install/mocap4r2_control_msgs/lib/python3.12/site-packages/mocap4r2_control_msgs-0.0.7-py3.12.egg-info/dependency_links.txt
[1.235s] -- Up-to-date symlink: /home/arael/Downloads/Mpala /mocap_ws/install/mocap4r2_control_msgs/lib/python3.12/site-packages/mocap4r2_control_msgs-0.0.7-py3.12.egg-info/top_level.txt
[1.237s] -- Up-to-date symlink: /home/arael/Downloads/Mpala /mocap_ws/install/mocap4r2_control_msgs/lib/python3.12/site-packages/mocap4r2_control_msgs/__init__.py
[1.238s] -- Up-to-date symlink: /home/arael/Downloads/Mpala /mocap_ws/install/mocap4r2_control_msgs/lib/python3.12/site-packages/mocap4r2_control_msgs/_mocap4r2_control_msgs_s.ep.rosidl_typesupport_c.c
[1.238s] -- Up-to-date symlink: /home/arael/Downloads/Mpala /mocap_ws/install/mocap4r2_control_msgs/lib/python3.12/site-packages/mocap4r2_control_msgs/_mocap4r2_control_msgs_s.ep.rosidl_typesupport_fastrtps_c.c
[1.239s] -- Up-to-date symlink: /home/arael/Downloads/Mpala /mocap_ws/install/mocap4r2_control_msgs/lib/python3.12/site-packages/mocap4r2_control_msgs/_mocap4r2_control_msgs_s.ep.rosidl_typesupport_introspection_c.c
[1.239s] -- Up-to-date symlink: /home/arael/Downloads/Mpala /mocap_ws/install/mocap4r2_control_msgs/lib/python3.12/site-packages/mocap4r2_control_msgs/mocap4r2_control_msgs_s__rosidl_typesupport_c.so
[1.239s] -- Up-to-date symlink: /home/arael/Downloads/Mpala /mocap_ws/install/mocap4r2_control_msgs/lib/python3.12/site-packages/mocap4r2_control_msgs/mocap4r2_control_msgs_s__rosidl_typesupport_fastrtps_c.so
[1.240s] -- Up-to-date symlink: /home/arael/Downloads/Mpala /mocap_ws/install/mocap4r2_control_msgs/lib/python3.12/site-packages/mocap4r2_control_msgs/mocap4r2_control_msgs_s__rosidl_typesupport_introspection_c.so
[1.240s] -- Up-to-date symlink: /home/arael/Downloads/Mpala /mocap_ws/install/mocap4r2_control_msgs/lib/python3.12/site-packages/mocap4r2_control_msgs/msg/__init__.py
[1.240s] -- Up-to-date symlink: /home/arael/Downloads/Mpala /mocap_ws/install/mocap4r2_control_msgs/lib/python3.12/site-packages/mocap4r2_control_msgs/msg/_control.py
[1.241s] -- Up-to-date symlink: /home/arael/Downloads/Mpala /mocap_ws/install/mocap4r2_control_msgs/lib/python3.12/site-packages/mocap4r2_control_msgs/msg/_control_s.c
[1.241s] -- Up-to-date symlink: /home/arael/Downloads/Mpala /mocap_ws/install/mocap4r2_control_msgs/lib/python3.12/site-packages/mocap4r2_control_msgs/msg/_mocap_info.py
[1.241s] -- Up-to-date symlink: /home/arael/Downloads/Mpala /mocap_ws/install/mocap4r2_control_msgs/lib/python3.12/site-packages/mocap4r2_control_msgs/msg/_mocap_info_s.c
[1.242s] -- Up-to-date symlink: /home/arael/Downloads/Mpala /mocap_ws/install/mocap4r2_control_msgs/lib/python3.12/site-packages/mocap4r2_control_msgs/mocap4r2_control_msgs_s__rosidl_typesupport_fastrtps_c.so
[1.243s] -- Up-to-date symlink: /home/arael/Downloads/Mpala /mocap_ws/install/mocap4r2_control_msgs/lib/python3.12/site-packages/mocap4r2_control_msgs/mocap4r2_control_msgs_s__rosidl_typesupport_introspection_c.so
[1.243s] -- Up-to-date symlink: /home/arael/Downloads/Mpala /mocap_ws/install/mocap4r2_control_msgs/lib/python3.12/site-packages/mocap4r2_control_msgs/mocap4r2_control_msgs_s__rosidl_typesupport_c.so
[1.244s] -- Up-to-date symlink: /home/arael/Downloads/Mpala /mocap_ws/install/mocap4r2_control_msgs/share/mocap4r2_control_msgs/msg/Control.idl
[1.244s] -- Up-to-date symlink: /home/arael/Downloads/Mpala /mocap_ws/install/mocap4r2_control_msgs/share/mocap4r2_control_msgs/msg/MocapInfo.idl
[1.245s] -- Up-to-date symlink: /home/arael/Downloads/Mpala /mocap_ws/install/mocap4r2_control_msgs/share/mocap4r2_control_msgs/msg/Control.msg
[1.245s] -- Up-to-date symlink: /home/arael/Downloads/Mpala /mocap_ws/install/mocap4r2_control_msgs/share/mocap4r2_control_msgs/msg/MocapInfo.msg
[1.246s] -- Up-to-date symlink: /home/arael/Downloads/Mpala /mocap_ws/install/mocap4r2_control_msgs/share/mocap4r2_control_msgs/mocap4r2_control_bridge_mapping_rule.yaml
[1.246s] -- Up-to-date symlink: /home/arael/Downloads/Mpala /mocap_ws/install/mocap4r2_control_msgs/share/ament_index/resource_index/package_run_dependencies/mocap4r2_control_msgs
[1.248s] -- Up-to-date symlink: /home/arael/Downloads/Mpala /mocap_ws/install/mocap4r2_control_msgs/share/ament_index/resource_index/parent_prefix_path/mocap4r2_control_msgs
[1.249s] -- Up-to-date symlink: /home/arael/Downloads/Mpala /mocap_ws/install/mocap4r2_control_msgs/share/mocap4r2_control_msgs/environment/ament_prefix_path.sh
[1.249s] -- Up-to-date symlink: /home/arael/Downloads/Mpala /mocap_ws/install/mocap4r2_control_msgs/share/mocap4r2_control_msgs/environment/ament_prefix_path.dsv
[1.249s] -- Up-to-date symlink: /home/arael/Downloads/Mpala /mocap_ws/install/mocap4r2_control_msgs/share/mocap4r2_control_msgs/environment/path.sh
[1.250s] -- Up-to-date symlink: /home/arael/Downloads/Mpala /mocap_ws/install/mocap4r2_control_msgs/share/mocap4r2_control_msgs/environment/path.dsv
[1.250s] -- Up-to-date symlink: /home/arael/Downloads/Mpala /mocap_ws/install/mocap4r2_control_msgs/share/mocap4r2_control_msgs/local_setup.bash
[1.251s] -- Up-to-date symlink: /home/arael/Downloads/Mpala /mocap_ws/install/mocap4r2_control_msgs/share/mocap4r2_control_msgs/local_setup.sh
[1.252s] -- Up-to-date symlink: /home/arael/Downloads/Mpala /mocap_ws/install/mocap4r2_control_msgs/share/mocap4r2_control_msgs/local_setup.zsh
[1.252s] -- Up-to-date symlink: /home/arael/Downloads/Mpala /mocap_ws/install/mocap4r2_control_msgs/share/mocap4r2_control_msgs/local_setup.dsv
[1.253s] -- Symlinking: /home/arael/Downloads/Mpala /mocap_ws/install/mocap4r2_control_msgs/share/mocap4r2_control_msgs/package.dsv
[1.265s] -- Up-to-date symlink: /home/arael/Downloads/Mpala /mocap_ws/install/mocap4r2_control_msgs/share/ament_index/resource_index/packages/mocap4r2_control_msgs
[1.265s] -- Up-to-date symlink: /home/arael/Downloads/Mpala /mocap_ws/install/mocap4r2_control_msgs/share/mocap4r2_control_msgs/cmake/rosidl_cmake-extras.cmake
[1.265s] -- Up-to-date symlink: /home/arael/Downloads/Mpala /mocap_ws/install/mocap4r2_control_msgs/share/mocap4r2_control_msgs/cmake/ament_cmake_export_dependencies-extras.cmake
[1.266s] -- Up-to-date symlink: /home/arael/Downloads/Mpala /mocap_ws/install/mocap4r2_control_msgs/share/mocap4r2_control_msgs/cmake/ament_cmake_export_include_directories-extras.cmake
[1.268s] -- Up-to-date symlink: /home/arael/Downloads/Mpala /mocap_ws/install/mocap4r2_control_msgs/share/mocap4r2_control_msgs/cmake/ament_cmake_export_libraries-extras.cmake
[1.269s] -- Up-to-date symlink: /home/arael/Downloads/Mpala /mocap_ws/install/mocap4r2_control_msgs/share/mocap4r2_control_msgs/cmake/ament_cmake_export_targets-extras.cmake
[1.269s] -- Up-to-date symlink: /home/arael/Downloads/Mpala /mocap_ws/install/mocap4r2_control_msgs/share/mocap4r2_control_msgs/cmake/rosidl_cmake_export_typesupport_targets-extras.cmake
[1.269s] -- Up-to-date symlink: /home/arael/Downloads/Mpala /mocap_ws/install/mocap4r2_control_msgs/share/mocap4r2_control_msgs/cmake/rosidl_cmake_export_typesupport_libraries-extras.cmake
[1.269s] -- Up-to-date symlink: /home/arael/Downloads/Mpala /mocap_ws/install/mocap4r2_control_msgs/share/mocap4r2_control_msgs/cmake/mocap4r2_control_msgsConfig.cmake
[1.269s] -- Up-to-date symlink: /home/arael/Downloads/Mpala /mocap_ws/install/mocap4r2_control_msgs/share/mocap4r2_control_msgs/cmake/mocap4r2_control_msgsConfig-version.cmake
[1.269s] -- Up-to-date symlink: /home/arael/Downloads/Mpala /mocap_ws/install/mocap4r2_control_msgs/share/mocap4r2_control_msgs/package.xml
[1.269s] -- Up-to-date: /home/arael/Downloads/Mpala /mocap_ws/install/mocap4r2_control_msgs/lib/libmocap4r2_control_msgs__rosidl_generator_c.so
[1.270s] -- Up-to-date: /home/arael/Downloads/Mpala /mocap_ws/install/mocap4r2_control_msgs/lib/libmocap4r2_control_msgs__rosidl_typesupport_fastrtps_c.so
[1.270s] -- Up-to-date: /home/arael/Downloads/Mpala /mocap_ws/install/mocap4r2_control_msgs/lib/libmocap4r2_control_msgs__rosidl_typesupport_introspection_c.so
[1.270s] -- Up-to-date: /home/arael/Downloads/Mpala /mocap_ws/install/mocap4r2_control_msgs/lib/libmocap4r2_control_msgs__rosidl_typesupport_c.so
[1.271s] -- Up-to-date: /home/arael/Downloads/Mpala /mocap_ws/install/mocap4r2_control_msgs/lib/libmocap4r2_control_msgs__rosidl_typesupport_fastrtps_cpp.so
[1.271s] -- Up-to-date: /home/arael/Downloads/Mpala /mocap_ws/install/mocap4r2_control_msgs/lib/libmocap4r2_control_msgs__rosidl_typesupport_introspection_cpp.so
[1.272s] -- Up-to-date: /home/arael/Downloads/Mpala /mocap_ws/install/mocap4r2_control_msgs/lib/libmocap4r2_control_msgs__rosidl_typesupport_cpp.so
[1.344s] Listing '/home/arael/Downloads/Mpala /mocap_ws/install/mocap4r2_control_msgs/lib/python3.12/site-packages/mocap4r2_control_msgs'...
[1.344s] Listing '/home/arael/Downloads/Mpala /mocap_ws/install/mocap4r2_control_msgs/lib/python3.12/site-packages/mocap4r2_control_msgs/msg'...
[1.361s] -- Up-to-date: /home/arael/Downloads/Mpala /mocap_ws/install/mocap4r2_control_msgs/lib/libmocap4r2_control_msgs__rosidl_generator_py.so
[1.362s] -- Up-to-date: /home/arael/Downloads/Mpala /mocap_ws/install/mocap4r2_control_msgs/share/mocap4r2_control_msgs/cmake/export_mocap4r2_control_msgs__rosidl_generator_cExport.cmake
[1.362s] -- Up-to-date: /home/arael/Downloads/Mpala /mocap_ws/install/mocap4r2_control_msgs/share/mocap4r2_control_msgs/cmake/export_mocap4r2_control_msgs__rosidl_generator_cExport-noconfig.cmake
[1.363s] -- Up-to-date: /home/arael/Downloads/Mpala /mocap_ws/install/mocap4r2_control_msgs/share/mocap4r2_control_msgs/cmake/export_mocap4r2_control_msgs__rosidl_typesupport_fastrtps_cExport.cmake
[1.363s] -- Up-to-date: /home/arael/Downloads/Mpala /mocap_ws/install/mocap4r2_control_msgs/share/mocap4r2_control_msgs/cmake/export_mocap4r2_control_msgs__rosidl_typesupport_fastrtps_cExport-noconfig.cmake
[1.364s] -- Up-to-date: /home/arael/Downloads/Mpala /mocap_ws/install/mocap4r2_control_msgs/share/mocap4r2_control_msgs/cmake/mocap4r2_control_msgs__rosidl_typesupport_introspection_cExport.cmake
[1.365s] -- Up-to-date: /home/arael/Downloads/Mpala /mocap_ws/install/mocap4r2_control_msgs/share/mocap4r2_control_msgs/cmake/mocap4r2_control_msgs__rosidl_typesupport_introspection_cExport-noconfig.cmake
[1.367s] -- Up-to-date: /home/arael/Downloads/Mpala /mocap_ws/install/mocap4r2_control_msgs/share/mocap4r2_control_msgs/cmake/mocap4r2_control_msgs__rosidl_typesupport_cExport.cmake
[1.368s] -- Up-to-date: /home/arael/Downloads/Mpala /mocap_ws/install/mocap4r2_control_msgs/share/mocap4r2_control_msgs/cmake/mocap4r2_control_msgs__rosidl_typesupport_cExport-noconfig.cmake
[1.368s] -- Up-to-date: /home/arael/Downloads/Mpala /mocap_ws/install/mocap4r2_control_msgs/share/mocap4r2_control_msgs/cmake/export_mocap4r2_control_msgs__rosidl_generator_cppExport.cmake
[1.368s] -- Up-to-date: /home/arael/Downloads/Mpala /mocap_ws/install/mocap4r2_control_msgs/share/mocap4r2_control_msgs/cmake/export_mocap4r2_control_msgs__rosidl_typesupport_fastrtps_cppExport.cmake
[1.368s] -- Up-to-date: /home/arael/Downloads/Mpala /mocap_ws/install/mocap4r2_control_msgs/share/mocap4r2_control_msgs/cmake/export_mocap4r2_control_msgs__rosidl_typesupport_fastrtps_cppExport-noconfig.cmake
[1.368s] -- Up-to-date: /home/arael/Downloads/Mpala /mocap_ws/install/mocap4r2_control_msgs/share/mocap4r2_control_msgs/cmake/mocap4r2_control_msgs__rosidl_typesupport_introspection_cppExport.cmake
[1.368s] -- Up-to-date: /home/arael/Downloads/Mpala /mocap_ws/install/mocap4r2_control_msgs/share/mocap4r2_control_msgs/cmake/mocap4r2_control_msgs__rosidl_typesupport_introspection_cppExport-noconfig.cmake
[1.368s] -- Up-to-date: /home/arael/Downloads/Mpala /mocap_ws/install/mocap4r2_control_msgs/share/mocap4r2_control_msgs/cmake/mocap4r2_control_msgs__rosidl_typesupport_cppExport.cmake
[1.368s] -- Up-to-date: /home/arael/Downloads/Mpala /mocap_ws/install/mocap4r2_control_msgs/share/mocap4r2_control_msgs/cmake/mocap4r2_control_msgs__rosidl_typesupport_cppExport-noconfig.cmake
[1.368s] -- Up-to-date: /home/arael/Downloads/Mpala /mocap_ws/install/mocap4r2_control_msgs/share/mocap4r2_control_msgs/cmake/export_mocap4r2_control_msgs__rosidl_generator_pyExport.cmake
[1.369s] -- Up-to-date: /home/arael/Downloads/Mpala /mocap_ws/install/mocap4r2_control_msgs/share/mocap4r2_control_msgs/cmake/export_mocap4r2_control_msgs__rosidl_generator_pyExport-noconfig.cmake
[1.431s] Invoked command in '/home/arael/Downloads/Mpala /mocap_ws/build/mocap4r2_control_msgs' returned '0': CMAKE_PREFIX_PATH=${CMAKE_PREFIX_PATH}:/opt/ros/jazzy DEBUGINFOD_URLS=https://debuginfod.ubuntu.com /usr/bin/cmake --install /home/arael/Downloads/Mpala /mocap_ws/build/mocap4r2_control_msgs
