[0.033s] Invoking command in '/home/arael/Downloads/Mpala /mocap_ws/build/mocap4r2_robot_gt_msgs': CMAKE_PREFIX_PATH=${CMAKE_PREFIX_PATH}:/home/arael/Downloads/Mpala /mocap_ws/install/mocap4r2cli:/opt/ros/jazzy DEBUGINFOD_URLS=https://debuginfod.ubuntu.com /usr/bin/cmake --build /home/arael/Downloads/Mpala /mocap_ws/build/mocap4r2_robot_gt_msgs -- -j16 -l16
[0.175s] [  2%] Built target mocap4r2_robot_gt_msgs__rosidl_generator_type_description
[0.217s] [  2%] Built target ament_cmake_python_symlink_mocap4r2_robot_gt_msgs
[0.247s] [  5%] Built target mocap4r2_robot_gt_msgs__cpp
[0.267s] [ 20%] Built target mocap4r2_robot_gt_msgs__rosidl_generator_c
[0.374s] [ 29%] Built target mocap4r2_robot_gt_msgs__rosidl_typesupport_cpp
[0.395s] [ 38%] Built target mocap4r2_robot_gt_msgs__rosidl_typesupport_fastrtps_c
[0.412s] [ 47%] Built target mocap4r2_robot_gt_msgs__rosidl_typesupport_c
[0.422s] [ 55%] Built target mocap4r2_robot_gt_msgs__rosidl_typesupport_introspection_cpp
[0.443s] [ 64%] Built target mocap4r2_robot_gt_msgs__rosidl_typesupport_introspection_c
[0.452s] [ 73%] Built target mocap4r2_robot_gt_msgs__rosidl_typesupport_fastrtps_cpp
[0.524s] [ 73%] Built target mocap4r2_robot_gt_msgs
[0.596s] [ 76%] Built target mocap4r2_robot_gt_msgs__py
[0.667s] [ 82%] Built target mocap4r2_robot_gt_msgs__rosidl_generator_py
[0.750s] [ 88%] Built target mocap4r2_robot_gt_msgs_s__rosidl_typesupport_introspection_c
[0.752s] [ 94%] Built target mocap4r2_robot_gt_msgs_s__rosidl_typesupport_fastrtps_c
[0.757s] [100%] Built target mocap4r2_robot_gt_msgs_s__rosidl_typesupport_c
[0.789s] running egg_info
[0.824s] writing mocap4r2_robot_gt_msgs.egg-info/PKG-INFO
[0.825s] writing dependency_links to mocap4r2_robot_gt_msgs.egg-info/dependency_links.txt
[0.825s] writing top-level names to mocap4r2_robot_gt_msgs.egg-info/top_level.txt
[0.922s] reading manifest file 'mocap4r2_robot_gt_msgs.egg-info/SOURCES.txt'
[0.923s] writing manifest file 'mocap4r2_robot_gt_msgs.egg-info/SOURCES.txt'
[0.991s] [100%] Built target ament_cmake_python_build_mocap4r2_robot_gt_msgs_egg
[1.031s] Invoked command in '/home/arael/Downloads/Mpala /mocap_ws/build/mocap4r2_robot_gt_msgs' returned '0': CMAKE_PREFIX_PATH=${CMAKE_PREFIX_PATH}:/home/arael/Downloads/Mpala /mocap_ws/install/mocap4r2cli:/opt/ros/jazzy DEBUGINFOD_URLS=https://debuginfod.ubuntu.com /usr/bin/cmake --build /home/arael/Downloads/Mpala /mocap_ws/build/mocap4r2_robot_gt_msgs -- -j16 -l16
[1.063s] Invoking command in '/home/arael/Downloads/Mpala /mocap_ws/build/mocap4r2_robot_gt_msgs': CMAKE_PREFIX_PATH=${CMAKE_PREFIX_PATH}:/home/arael/Downloads/Mpala /mocap_ws/install/mocap4r2cli:/opt/ros/jazzy DEBUGINFOD_URLS=https://debuginfod.ubuntu.com /usr/bin/cmake --install /home/arael/Downloads/Mpala /mocap_ws/build/mocap4r2_robot_gt_msgs
[1.089s] -- Install configuration: ""
[1.091s] -- Execute custom install script
[1.092s] -- Up-to-date symlink: /home/arael/Downloads/Mpala /mocap_ws/install/mocap4r2_robot_gt_msgs/share/ament_index/resource_index/rosidl_interfaces/mocap4r2_robot_gt_msgs
[1.092s] -- Up-to-date symlink: /home/arael/Downloads/Mpala /mocap_ws/install/mocap4r2_robot_gt_msgs/share/mocap4r2_robot_gt_msgs/srv/SetGTOrigin.json
[1.093s] -- Up-to-date symlink: /home/arael/Downloads/Mpala /mocap_ws/install/mocap4r2_robot_gt_msgs/include/mocap4r2_robot_gt_msgs/mocap4r2_robot_gt_msgs/msg/rosidl_generator_c__visibility_control.h
[1.094s] -- Up-to-date symlink: /home/arael/Downloads/Mpala /mocap_ws/install/mocap4r2_robot_gt_msgs/include/mocap4r2_robot_gt_msgs/mocap4r2_robot_gt_msgs/srv/detail/set_gt_origin__functions.h
[1.094s] -- Up-to-date symlink: /home/arael/Downloads/Mpala /mocap_ws/install/mocap4r2_robot_gt_msgs/include/mocap4r2_robot_gt_msgs/mocap4r2_robot_gt_msgs/srv/detail/set_gt_origin__struct.h
[1.095s] -- Up-to-date symlink: /home/arael/Downloads/Mpala /mocap_ws/install/mocap4r2_robot_gt_msgs/include/mocap4r2_robot_gt_msgs/mocap4r2_robot_gt_msgs/srv/detail/set_gt_origin__type_support.h
[1.095s] -- Up-to-date symlink: /home/arael/Downloads/Mpala /mocap_ws/install/mocap4r2_robot_gt_msgs/include/mocap4r2_robot_gt_msgs/mocap4r2_robot_gt_msgs/srv/set_gt_origin.h
[1.095s] -- Up-to-date symlink: /home/arael/Downloads/Mpala /mocap_ws/install/mocap4r2_robot_gt_msgs/share/mocap4r2_robot_gt_msgs/environment/library_path.sh
[1.096s] -- Up-to-date symlink: /home/arael/Downloads/Mpala /mocap_ws/install/mocap4r2_robot_gt_msgs/share/mocap4r2_robot_gt_msgs/environment/library_path.dsv
[1.097s] -- Up-to-date symlink: /home/arael/Downloads/Mpala /mocap_ws/install/mocap4r2_robot_gt_msgs/include/mocap4r2_robot_gt_msgs/mocap4r2_robot_gt_msgs/msg/rosidl_typesupport_fastrtps_c__visibility_control.h
[1.097s] -- Up-to-date symlink: /home/arael/Downloads/Mpala /mocap_ws/install/mocap4r2_robot_gt_msgs/include/mocap4r2_robot_gt_msgs/mocap4r2_robot_gt_msgs/srv/detail/set_gt_origin__rosidl_typesupport_fastrtps_c.h
[1.098s] -- Up-to-date symlink: /home/arael/Downloads/Mpala /mocap_ws/install/mocap4r2_robot_gt_msgs/include/mocap4r2_robot_gt_msgs/mocap4r2_robot_gt_msgs/msg/rosidl_typesupport_introspection_c__visibility_control.h
[1.099s] -- Up-to-date symlink: /home/arael/Downloads/Mpala /mocap_ws/install/mocap4r2_robot_gt_msgs/include/mocap4r2_robot_gt_msgs/mocap4r2_robot_gt_msgs/srv/detail/set_gt_origin__rosidl_typesupport_introspection_c.h
[1.100s] -- Up-to-date symlink: /home/arael/Downloads/Mpala /mocap_ws/install/mocap4r2_robot_gt_msgs/include/mocap4r2_robot_gt_msgs/mocap4r2_robot_gt_msgs/msg/rosidl_generator_cpp__visibility_control.hpp
[1.100s] -- Up-to-date symlink: /home/arael/Downloads/Mpala /mocap_ws/install/mocap4r2_robot_gt_msgs/include/mocap4r2_robot_gt_msgs/mocap4r2_robot_gt_msgs/srv/detail/set_gt_origin__builder.hpp
[1.101s] -- Up-to-date symlink: /home/arael/Downloads/Mpala /mocap_ws/install/mocap4r2_robot_gt_msgs/include/mocap4r2_robot_gt_msgs/mocap4r2_robot_gt_msgs/srv/detail/set_gt_origin__struct.hpp
[1.101s] -- Up-to-date symlink: /home/arael/Downloads/Mpala /mocap_ws/install/mocap4r2_robot_gt_msgs/include/mocap4r2_robot_gt_msgs/mocap4r2_robot_gt_msgs/srv/detail/set_gt_origin__traits.hpp
[1.101s] -- Up-to-date symlink: /home/arael/Downloads/Mpala /mocap_ws/install/mocap4r2_robot_gt_msgs/include/mocap4r2_robot_gt_msgs/mocap4r2_robot_gt_msgs/srv/detail/set_gt_origin__type_support.hpp
[1.102s] -- Up-to-date symlink: /home/arael/Downloads/Mpala /mocap_ws/install/mocap4r2_robot_gt_msgs/include/mocap4r2_robot_gt_msgs/mocap4r2_robot_gt_msgs/srv/set_gt_origin.hpp
[1.103s] -- Up-to-date symlink: /home/arael/Downloads/Mpala /mocap_ws/install/mocap4r2_robot_gt_msgs/include/mocap4r2_robot_gt_msgs/mocap4r2_robot_gt_msgs/msg/rosidl_typesupport_fastrtps_cpp__visibility_control.h
[1.103s] -- Up-to-date symlink: /home/arael/Downloads/Mpala /mocap_ws/install/mocap4r2_robot_gt_msgs/include/mocap4r2_robot_gt_msgs/mocap4r2_robot_gt_msgs/srv/detail/set_gt_origin__rosidl_typesupport_fastrtps_cpp.hpp
[1.104s] -- Up-to-date symlink: /home/arael/Downloads/Mpala /mocap_ws/install/mocap4r2_robot_gt_msgs/include/mocap4r2_robot_gt_msgs/mocap4r2_robot_gt_msgs/srv/detail/set_gt_origin__rosidl_typesupport_introspection_cpp.hpp
[1.104s] -- Up-to-date symlink: /home/arael/Downloads/Mpala /mocap_ws/install/mocap4r2_robot_gt_msgs/share/mocap4r2_robot_gt_msgs/environment/pythonpath.sh
[1.105s] -- Up-to-date symlink: /home/arael/Downloads/Mpala /mocap_ws/install/mocap4r2_robot_gt_msgs/share/mocap4r2_robot_gt_msgs/environment/pythonpath.dsv
[1.106s] -- Up-to-date symlink: /home/arael/Downloads/Mpala /mocap_ws/install/mocap4r2_robot_gt_msgs/lib/python3.12/site-packages/mocap4r2_robot_gt_msgs-0.0.7-py3.12.egg-info/PKG-INFO
[1.106s] -- Up-to-date symlink: /home/arael/Downloads/Mpala /mocap_ws/install/mocap4r2_robot_gt_msgs/lib/python3.12/site-packages/mocap4r2_robot_gt_msgs-0.0.7-py3.12.egg-info/SOURCES.txt
[1.107s] -- Up-to-date symlink: /home/arael/Downloads/Mpala /mocap_ws/install/mocap4r2_robot_gt_msgs/lib/python3.12/site-packages/mocap4r2_robot_gt_msgs-0.0.7-py3.12.egg-info/dependency_links.txt
[1.107s] -- Up-to-date symlink: /home/arael/Downloads/Mpala /mocap_ws/install/mocap4r2_robot_gt_msgs/lib/python3.12/site-packages/mocap4r2_robot_gt_msgs-0.0.7-py3.12.egg-info/top_level.txt
[1.109s] -- Up-to-date symlink: /home/arael/Downloads/Mpala /mocap_ws/install/mocap4r2_robot_gt_msgs/lib/python3.12/site-packages/mocap4r2_robot_gt_msgs/__init__.py
[1.109s] -- Up-to-date symlink: /home/arael/Downloads/Mpala /mocap_ws/install/mocap4r2_robot_gt_msgs/lib/python3.12/site-packages/mocap4r2_robot_gt_msgs/_mocap4r2_robot_gt_msgs_s.ep.rosidl_typesupport_c.c
[1.110s] -- Up-to-date symlink: /home/arael/Downloads/Mpala /mocap_ws/install/mocap4r2_robot_gt_msgs/lib/python3.12/site-packages/mocap4r2_robot_gt_msgs/_mocap4r2_robot_gt_msgs_s.ep.rosidl_typesupport_fastrtps_c.c
[1.110s] -- Up-to-date symlink: /home/arael/Downloads/Mpala /mocap_ws/install/mocap4r2_robot_gt_msgs/lib/python3.12/site-packages/mocap4r2_robot_gt_msgs/_mocap4r2_robot_gt_msgs_s.ep.rosidl_typesupport_introspection_c.c
[1.110s] -- Up-to-date symlink: /home/arael/Downloads/Mpala /mocap_ws/install/mocap4r2_robot_gt_msgs/lib/python3.12/site-packages/mocap4r2_robot_gt_msgs/mocap4r2_robot_gt_msgs_s__rosidl_typesupport_c.so
[1.111s] -- Up-to-date symlink: /home/arael/Downloads/Mpala /mocap_ws/install/mocap4r2_robot_gt_msgs/lib/python3.12/site-packages/mocap4r2_robot_gt_msgs/mocap4r2_robot_gt_msgs_s__rosidl_typesupport_fastrtps_c.so
[1.111s] -- Up-to-date symlink: /home/arael/Downloads/Mpala /mocap_ws/install/mocap4r2_robot_gt_msgs/lib/python3.12/site-packages/mocap4r2_robot_gt_msgs/mocap4r2_robot_gt_msgs_s__rosidl_typesupport_introspection_c.so
[1.111s] -- Up-to-date symlink: /home/arael/Downloads/Mpala /mocap_ws/install/mocap4r2_robot_gt_msgs/lib/python3.12/site-packages/mocap4r2_robot_gt_msgs/srv/__init__.py
[1.112s] -- Up-to-date symlink: /home/arael/Downloads/Mpala /mocap_ws/install/mocap4r2_robot_gt_msgs/lib/python3.12/site-packages/mocap4r2_robot_gt_msgs/srv/_set_gt_origin.py
[1.112s] -- Up-to-date symlink: /home/arael/Downloads/Mpala /mocap_ws/install/mocap4r2_robot_gt_msgs/lib/python3.12/site-packages/mocap4r2_robot_gt_msgs/srv/_set_gt_origin_s.c
[1.112s] -- Up-to-date symlink: /home/arael/Downloads/Mpala /mocap_ws/install/mocap4r2_robot_gt_msgs/lib/python3.12/site-packages/mocap4r2_robot_gt_msgs/mocap4r2_robot_gt_msgs_s__rosidl_typesupport_fastrtps_c.so
[1.113s] -- Up-to-date symlink: /home/arael/Downloads/Mpala /mocap_ws/install/mocap4r2_robot_gt_msgs/lib/python3.12/site-packages/mocap4r2_robot_gt_msgs/mocap4r2_robot_gt_msgs_s__rosidl_typesupport_introspection_c.so
[1.113s] -- Up-to-date symlink: /home/arael/Downloads/Mpala /mocap_ws/install/mocap4r2_robot_gt_msgs/lib/python3.12/site-packages/mocap4r2_robot_gt_msgs/mocap4r2_robot_gt_msgs_s__rosidl_typesupport_c.so
[1.114s] -- Up-to-date symlink: /home/arael/Downloads/Mpala /mocap_ws/install/mocap4r2_robot_gt_msgs/share/mocap4r2_robot_gt_msgs/srv/SetGTOrigin.idl
[1.114s] -- Up-to-date symlink: /home/arael/Downloads/Mpala /mocap_ws/install/mocap4r2_robot_gt_msgs/share/mocap4r2_robot_gt_msgs/srv/SetGTOrigin.srv
[1.115s] -- Up-to-date symlink: /home/arael/Downloads/Mpala /mocap_ws/install/mocap4r2_robot_gt_msgs/share/ament_index/resource_index/package_run_dependencies/mocap4r2_robot_gt_msgs
[1.116s] -- Up-to-date symlink: /home/arael/Downloads/Mpala /mocap_ws/install/mocap4r2_robot_gt_msgs/share/ament_index/resource_index/parent_prefix_path/mocap4r2_robot_gt_msgs
[1.116s] -- Up-to-date symlink: /home/arael/Downloads/Mpala /mocap_ws/install/mocap4r2_robot_gt_msgs/share/mocap4r2_robot_gt_msgs/environment/ament_prefix_path.sh
[1.116s] -- Up-to-date symlink: /home/arael/Downloads/Mpala /mocap_ws/install/mocap4r2_robot_gt_msgs/share/mocap4r2_robot_gt_msgs/environment/ament_prefix_path.dsv
[1.117s] -- Up-to-date symlink: /home/arael/Downloads/Mpala /mocap_ws/install/mocap4r2_robot_gt_msgs/share/mocap4r2_robot_gt_msgs/environment/path.sh
[1.117s] -- Up-to-date symlink: /home/arael/Downloads/Mpala /mocap_ws/install/mocap4r2_robot_gt_msgs/share/mocap4r2_robot_gt_msgs/environment/path.dsv
[1.118s] -- Up-to-date symlink: /home/arael/Downloads/Mpala /mocap_ws/install/mocap4r2_robot_gt_msgs/share/mocap4r2_robot_gt_msgs/local_setup.bash
[1.118s] -- Up-to-date symlink: /home/arael/Downloads/Mpala /mocap_ws/install/mocap4r2_robot_gt_msgs/share/mocap4r2_robot_gt_msgs/local_setup.sh
[1.118s] -- Up-to-date symlink: /home/arael/Downloads/Mpala /mocap_ws/install/mocap4r2_robot_gt_msgs/share/mocap4r2_robot_gt_msgs/local_setup.zsh
[1.119s] -- Up-to-date symlink: /home/arael/Downloads/Mpala /mocap_ws/install/mocap4r2_robot_gt_msgs/share/mocap4r2_robot_gt_msgs/local_setup.dsv
[1.119s] -- Symlinking: /home/arael/Downloads/Mpala /mocap_ws/install/mocap4r2_robot_gt_msgs/share/mocap4r2_robot_gt_msgs/package.dsv
[1.154s] -- Up-to-date symlink: /home/arael/Downloads/Mpala /mocap_ws/install/mocap4r2_robot_gt_msgs/share/ament_index/resource_index/packages/mocap4r2_robot_gt_msgs
[1.154s] -- Up-to-date symlink: /home/arael/Downloads/Mpala /mocap_ws/install/mocap4r2_robot_gt_msgs/share/mocap4r2_robot_gt_msgs/cmake/rosidl_cmake-extras.cmake
[1.155s] -- Up-to-date symlink: /home/arael/Downloads/Mpala /mocap_ws/install/mocap4r2_robot_gt_msgs/share/mocap4r2_robot_gt_msgs/cmake/ament_cmake_export_dependencies-extras.cmake
[1.155s] -- Up-to-date symlink: /home/arael/Downloads/Mpala /mocap_ws/install/mocap4r2_robot_gt_msgs/share/mocap4r2_robot_gt_msgs/cmake/ament_cmake_export_include_directories-extras.cmake
[1.156s] -- Up-to-date symlink: /home/arael/Downloads/Mpala /mocap_ws/install/mocap4r2_robot_gt_msgs/share/mocap4r2_robot_gt_msgs/cmake/ament_cmake_export_libraries-extras.cmake
[1.156s] -- Up-to-date symlink: /home/arael/Downloads/Mpala /mocap_ws/install/mocap4r2_robot_gt_msgs/share/mocap4r2_robot_gt_msgs/cmake/ament_cmake_export_targets-extras.cmake
[1.157s] -- Up-to-date symlink: /home/arael/Downloads/Mpala /mocap_ws/install/mocap4r2_robot_gt_msgs/share/mocap4r2_robot_gt_msgs/cmake/rosidl_cmake_export_typesupport_targets-extras.cmake
[1.157s] -- Up-to-date symlink: /home/arael/Downloads/Mpala /mocap_ws/install/mocap4r2_robot_gt_msgs/share/mocap4r2_robot_gt_msgs/cmake/rosidl_cmake_export_typesupport_libraries-extras.cmake
[1.158s] -- Up-to-date symlink: /home/arael/Downloads/Mpala /mocap_ws/install/mocap4r2_robot_gt_msgs/share/mocap4r2_robot_gt_msgs/cmake/mocap4r2_robot_gt_msgsConfig.cmake
[1.158s] -- Up-to-date symlink: /home/arael/Downloads/Mpala /mocap_ws/install/mocap4r2_robot_gt_msgs/share/mocap4r2_robot_gt_msgs/cmake/mocap4r2_robot_gt_msgsConfig-version.cmake
[1.158s] -- Up-to-date symlink: /home/arael/Downloads/Mpala /mocap_ws/install/mocap4r2_robot_gt_msgs/share/mocap4r2_robot_gt_msgs/package.xml
[1.158s] -- Up-to-date: /home/arael/Downloads/Mpala /mocap_ws/install/mocap4r2_robot_gt_msgs/lib/libmocap4r2_robot_gt_msgs__rosidl_generator_c.so
[1.159s] -- Up-to-date: /home/arael/Downloads/Mpala /mocap_ws/install/mocap4r2_robot_gt_msgs/lib/libmocap4r2_robot_gt_msgs__rosidl_typesupport_fastrtps_c.so
[1.160s] -- Up-to-date: /home/arael/Downloads/Mpala /mocap_ws/install/mocap4r2_robot_gt_msgs/lib/libmocap4r2_robot_gt_msgs__rosidl_typesupport_introspection_c.so
[1.161s] -- Up-to-date: /home/arael/Downloads/Mpala /mocap_ws/install/mocap4r2_robot_gt_msgs/lib/libmocap4r2_robot_gt_msgs__rosidl_typesupport_c.so
[1.161s] -- Up-to-date: /home/arael/Downloads/Mpala /mocap_ws/install/mocap4r2_robot_gt_msgs/lib/libmocap4r2_robot_gt_msgs__rosidl_typesupport_fastrtps_cpp.so
[1.162s] -- Up-to-date: /home/arael/Downloads/Mpala /mocap_ws/install/mocap4r2_robot_gt_msgs/lib/libmocap4r2_robot_gt_msgs__rosidl_typesupport_introspection_cpp.so
[1.163s] -- Up-to-date: /home/arael/Downloads/Mpala /mocap_ws/install/mocap4r2_robot_gt_msgs/lib/libmocap4r2_robot_gt_msgs__rosidl_typesupport_cpp.so
[1.266s] Listing '/home/arael/Downloads/Mpala /mocap_ws/install/mocap4r2_robot_gt_msgs/lib/python3.12/site-packages/mocap4r2_robot_gt_msgs'...
[1.266s] Listing '/home/arael/Downloads/Mpala /mocap_ws/install/mocap4r2_robot_gt_msgs/lib/python3.12/site-packages/mocap4r2_robot_gt_msgs/srv'...
[1.285s] -- Up-to-date: /home/arael/Downloads/Mpala /mocap_ws/install/mocap4r2_robot_gt_msgs/lib/libmocap4r2_robot_gt_msgs__rosidl_generator_py.so
[1.286s] -- Up-to-date: /home/arael/Downloads/Mpala /mocap_ws/install/mocap4r2_robot_gt_msgs/share/mocap4r2_robot_gt_msgs/cmake/export_mocap4r2_robot_gt_msgs__rosidl_generator_cExport.cmake
[1.287s] -- Up-to-date: /home/arael/Downloads/Mpala /mocap_ws/install/mocap4r2_robot_gt_msgs/share/mocap4r2_robot_gt_msgs/cmake/export_mocap4r2_robot_gt_msgs__rosidl_generator_cExport-noconfig.cmake
[1.287s] -- Up-to-date: /home/arael/Downloads/Mpala /mocap_ws/install/mocap4r2_robot_gt_msgs/share/mocap4r2_robot_gt_msgs/cmake/export_mocap4r2_robot_gt_msgs__rosidl_typesupport_fastrtps_cExport.cmake
[1.287s] -- Up-to-date: /home/arael/Downloads/Mpala /mocap_ws/install/mocap4r2_robot_gt_msgs/share/mocap4r2_robot_gt_msgs/cmake/export_mocap4r2_robot_gt_msgs__rosidl_typesupport_fastrtps_cExport-noconfig.cmake
[1.287s] -- Up-to-date: /home/arael/Downloads/Mpala /mocap_ws/install/mocap4r2_robot_gt_msgs/share/mocap4r2_robot_gt_msgs/cmake/mocap4r2_robot_gt_msgs__rosidl_typesupport_introspection_cExport.cmake
[1.288s] -- Up-to-date: /home/arael/Downloads/Mpala /mocap_ws/install/mocap4r2_robot_gt_msgs/share/mocap4r2_robot_gt_msgs/cmake/mocap4r2_robot_gt_msgs__rosidl_typesupport_introspection_cExport-noconfig.cmake
[1.288s] -- Up-to-date: /home/arael/Downloads/Mpala /mocap_ws/install/mocap4r2_robot_gt_msgs/share/mocap4r2_robot_gt_msgs/cmake/mocap4r2_robot_gt_msgs__rosidl_typesupport_cExport.cmake
[1.288s] -- Up-to-date: /home/arael/Downloads/Mpala /mocap_ws/install/mocap4r2_robot_gt_msgs/share/mocap4r2_robot_gt_msgs/cmake/mocap4r2_robot_gt_msgs__rosidl_typesupport_cExport-noconfig.cmake
[1.288s] -- Up-to-date: /home/arael/Downloads/Mpala /mocap_ws/install/mocap4r2_robot_gt_msgs/share/mocap4r2_robot_gt_msgs/cmake/export_mocap4r2_robot_gt_msgs__rosidl_generator_cppExport.cmake
[1.289s] -- Up-to-date: /home/arael/Downloads/Mpala /mocap_ws/install/mocap4r2_robot_gt_msgs/share/mocap4r2_robot_gt_msgs/cmake/export_mocap4r2_robot_gt_msgs__rosidl_typesupport_fastrtps_cppExport.cmake
[1.289s] -- Up-to-date: /home/arael/Downloads/Mpala /mocap_ws/install/mocap4r2_robot_gt_msgs/share/mocap4r2_robot_gt_msgs/cmake/export_mocap4r2_robot_gt_msgs__rosidl_typesupport_fastrtps_cppExport-noconfig.cmake
[1.289s] -- Up-to-date: /home/arael/Downloads/Mpala /mocap_ws/install/mocap4r2_robot_gt_msgs/share/mocap4r2_robot_gt_msgs/cmake/mocap4r2_robot_gt_msgs__rosidl_typesupport_introspection_cppExport.cmake
[1.289s] -- Up-to-date: /home/arael/Downloads/Mpala /mocap_ws/install/mocap4r2_robot_gt_msgs/share/mocap4r2_robot_gt_msgs/cmake/mocap4r2_robot_gt_msgs__rosidl_typesupport_introspection_cppExport-noconfig.cmake
[1.289s] -- Up-to-date: /home/arael/Downloads/Mpala /mocap_ws/install/mocap4r2_robot_gt_msgs/share/mocap4r2_robot_gt_msgs/cmake/mocap4r2_robot_gt_msgs__rosidl_typesupport_cppExport.cmake
[1.289s] -- Up-to-date: /home/arael/Downloads/Mpala /mocap_ws/install/mocap4r2_robot_gt_msgs/share/mocap4r2_robot_gt_msgs/cmake/mocap4r2_robot_gt_msgs__rosidl_typesupport_cppExport-noconfig.cmake
[1.289s] -- Up-to-date: /home/arael/Downloads/Mpala /mocap_ws/install/mocap4r2_robot_gt_msgs/share/mocap4r2_robot_gt_msgs/cmake/export_mocap4r2_robot_gt_msgs__rosidl_generator_pyExport.cmake
[1.289s] -- Up-to-date: /home/arael/Downloads/Mpala /mocap_ws/install/mocap4r2_robot_gt_msgs/share/mocap4r2_robot_gt_msgs/cmake/export_mocap4r2_robot_gt_msgs__rosidl_generator_pyExport-noconfig.cmake
[1.300s] Invoked command in '/home/arael/Downloads/Mpala /mocap_ws/build/mocap4r2_robot_gt_msgs' returned '0': CMAKE_PREFIX_PATH=${CMAKE_PREFIX_PATH}:/home/arael/Downloads/Mpala /mocap_ws/install/mocap4r2cli:/opt/ros/jazzy DEBUGINFOD_URLS=https://debuginfod.ubuntu.com /usr/bin/cmake --install /home/arael/Downloads/Mpala /mocap_ws/build/mocap4r2_robot_gt_msgs
