[33mCMake Warning at CMakeLists.txt:4 (find_package):
  By not providing "Findament_cmake.cmake" in CMAKE_MODULE_PATH this project
  has asked CMake to find a package configuration file provided by
  "ament_cmake", but CMake did not find one.

  Could not find a package configuration file provided by "ament_cmake" with
  any of the following names:

    ament_cmakeConfig.cmake
    ament_cmake-config.cmake

  Add the installation prefix of "ament_cmake" to CMAKE_PREFIX_PATH or set
  "ament_cmake_DIR" to a directory containing one of the above files.  If
  "ament_cmake" provides a separate development package or SDK, be sure it
  has been installed.

[0m
[31mCMake Error at CMakeLists.txt:5 (find_package):
  By not providing "Findrosidl_default_generators.cmake" in CMAKE_MODULE_PATH
  this project has asked CMake to find a package configuration file provided
  by "rosidl_default_generators", but CMake did not find one.

  Could not find a package configuration file provided by
  "rosidl_default_generators" with any of the following names:

    rosidl_default_generatorsConfig.cmake
    rosidl_default_generators-config.cmake

  Add the installation prefix of "rosidl_default_generators" to
  CMAKE_PREFIX_PATH or set "rosidl_default_generators_DIR" to a directory
  containing one of the above files.  If "rosidl_default_generators" provides
  a separate development package or SDK, be sure it has been installed.

[0m
