[0.535s] Invoking command in '/home/arael/Downloads/Mpala /mocap_ws/build/mocap4r2_robot_gt': AMENT_PREFIX_PATH=/home/arael/Downloads/Mpala /mocap_ws/install/mocap4r2_robot_gt_msgs:/home/arael/Downloads/Mpala /mocap_ws/install/mocap4r2_msgs:${AMENT_PREFIX_PATH} CMAKE_PREFIX_PATH=/home/arael/Downloads/Mpala /mocap_ws/install/mocap4r2_robot_gt_msgs:/home/arael/Downloads/Mpala /mocap_ws/install/mocap4r2_msgs:/opt/ros/jazzy/opt/gz_math_vendor:/opt/ros/jazzy/opt/gz_utils_vendor:/opt/ros/jazzy/opt/gz_cmake_vendor:/opt/ros/jazzy DEBUGINFOD_URLS=https://debuginfod.ubuntu.com LD_LIBRARY_PATH=/home/arael/Downloads/Mpala /mocap_ws/install/mocap4r2_robot_gt_msgs/lib:/home/arael/Downloads/Mpala /mocap_ws/install/mocap4r2_msgs/lib:${LD_LIBRARY_PATH} PYTHONPATH=/home/arael/Downloads/Mpala /mocap_ws/install/mocap4r2_robot_gt_msgs/lib/python3.12/site-packages:/home/arael/Downloads/Mpala /mocap_ws/install/mocap4r2_msgs/lib/python3.12/site-packages:${PYTHONPATH} /usr/bin/cmake --build /home/arael/Downloads/Mpala /mocap_ws/build/mocap4r2_robot_gt -- -j16 -l16
[0.681s] [ 25%] Built target set_gt_component
[0.686s] [ 50%] Built target gt_component
[0.753s] [ 75%] Built target set_gt_cli
[0.754s] [100%] Built target gt_program
[0.814s] Invoked command in '/home/arael/Downloads/Mpala /mocap_ws/build/mocap4r2_robot_gt' returned '0': AMENT_PREFIX_PATH=/home/arael/Downloads/Mpala /mocap_ws/install/mocap4r2_robot_gt_msgs:/home/arael/Downloads/Mpala /mocap_ws/install/mocap4r2_msgs:${AMENT_PREFIX_PATH} CMAKE_PREFIX_PATH=/home/arael/Downloads/Mpala /mocap_ws/install/mocap4r2_robot_gt_msgs:/home/arael/Downloads/Mpala /mocap_ws/install/mocap4r2_msgs:/opt/ros/jazzy/opt/gz_math_vendor:/opt/ros/jazzy/opt/gz_utils_vendor:/opt/ros/jazzy/opt/gz_cmake_vendor:/opt/ros/jazzy DEBUGINFOD_URLS=https://debuginfod.ubuntu.com LD_LIBRARY_PATH=/home/arael/Downloads/Mpala /mocap_ws/install/mocap4r2_robot_gt_msgs/lib:/home/arael/Downloads/Mpala /mocap_ws/install/mocap4r2_msgs/lib:${LD_LIBRARY_PATH} PYTHONPATH=/home/arael/Downloads/Mpala /mocap_ws/install/mocap4r2_robot_gt_msgs/lib/python3.12/site-packages:/home/arael/Downloads/Mpala /mocap_ws/install/mocap4r2_msgs/lib/python3.12/site-packages:${PYTHONPATH} /usr/bin/cmake --build /home/arael/Downloads/Mpala /mocap_ws/build/mocap4r2_robot_gt -- -j16 -l16
[0.816s] Invoking command in '/home/arael/Downloads/Mpala /mocap_ws/build/mocap4r2_robot_gt': AMENT_PREFIX_PATH=/home/arael/Downloads/Mpala /mocap_ws/install/mocap4r2_robot_gt_msgs:/home/arael/Downloads/Mpala /mocap_ws/install/mocap4r2_msgs:${AMENT_PREFIX_PATH} CMAKE_PREFIX_PATH=/home/arael/Downloads/Mpala /mocap_ws/install/mocap4r2_robot_gt_msgs:/home/arael/Downloads/Mpala /mocap_ws/install/mocap4r2_msgs:/opt/ros/jazzy/opt/gz_math_vendor:/opt/ros/jazzy/opt/gz_utils_vendor:/opt/ros/jazzy/opt/gz_cmake_vendor:/opt/ros/jazzy DEBUGINFOD_URLS=https://debuginfod.ubuntu.com LD_LIBRARY_PATH=/home/arael/Downloads/Mpala /mocap_ws/install/mocap4r2_robot_gt_msgs/lib:/home/arael/Downloads/Mpala /mocap_ws/install/mocap4r2_msgs/lib:${LD_LIBRARY_PATH} PYTHONPATH=/home/arael/Downloads/Mpala /mocap_ws/install/mocap4r2_robot_gt_msgs/lib/python3.12/site-packages:/home/arael/Downloads/Mpala /mocap_ws/install/mocap4r2_msgs/lib/python3.12/site-packages:${PYTHONPATH} /usr/bin/cmake --install /home/arael/Downloads/Mpala /mocap_ws/build/mocap4r2_robot_gt
[0.835s] -- Install configuration: ""
[0.836s] -- Execute custom install script
[0.837s] -- Up-to-date symlink: /home/arael/Downloads/Mpala /mocap_ws/install/mocap4r2_robot_gt/lib/libgt_component.so
[0.838s] -- Up-to-date symlink: /home/arael/Downloads/Mpala /mocap_ws/install/mocap4r2_robot_gt/lib/mocap4r2_robot_gt/gt_program
[0.839s] -- Up-to-date symlink: /home/arael/Downloads/Mpala /mocap_ws/install/mocap4r2_robot_gt/lib/libset_gt_component.so
[0.839s] -- Up-to-date symlink: /home/arael/Downloads/Mpala /mocap_ws/install/mocap4r2_robot_gt/lib/mocap4r2_robot_gt/set_gt_cli
[0.840s] -- Up-to-date symlink: /home/arael/Downloads/Mpala /mocap_ws/install/mocap4r2_robot_gt/share/ament_index/resource_index/package_run_dependencies/mocap4r2_robot_gt
[0.840s] -- Up-to-date symlink: /home/arael/Downloads/Mpala /mocap_ws/install/mocap4r2_robot_gt/share/ament_index/resource_index/parent_prefix_path/mocap4r2_robot_gt
[0.840s] -- Up-to-date symlink: /home/arael/Downloads/Mpala /mocap_ws/install/mocap4r2_robot_gt/share/mocap4r2_robot_gt/environment/ament_prefix_path.sh
[0.841s] -- Up-to-date symlink: /home/arael/Downloads/Mpala /mocap_ws/install/mocap4r2_robot_gt/share/mocap4r2_robot_gt/environment/ament_prefix_path.dsv
[0.841s] -- Up-to-date symlink: /home/arael/Downloads/Mpala /mocap_ws/install/mocap4r2_robot_gt/share/mocap4r2_robot_gt/environment/path.sh
[0.841s] -- Up-to-date symlink: /home/arael/Downloads/Mpala /mocap_ws/install/mocap4r2_robot_gt/share/mocap4r2_robot_gt/environment/path.dsv
[0.842s] -- Up-to-date symlink: /home/arael/Downloads/Mpala /mocap_ws/install/mocap4r2_robot_gt/share/mocap4r2_robot_gt/local_setup.bash
[0.842s] -- Up-to-date symlink: /home/arael/Downloads/Mpala /mocap_ws/install/mocap4r2_robot_gt/share/mocap4r2_robot_gt/local_setup.sh
[0.842s] -- Up-to-date symlink: /home/arael/Downloads/Mpala /mocap_ws/install/mocap4r2_robot_gt/share/mocap4r2_robot_gt/local_setup.zsh
[0.843s] -- Up-to-date symlink: /home/arael/Downloads/Mpala /mocap_ws/install/mocap4r2_robot_gt/share/mocap4r2_robot_gt/local_setup.dsv
[0.843s] -- Symlinking: /home/arael/Downloads/Mpala /mocap_ws/install/mocap4r2_robot_gt/share/mocap4r2_robot_gt/package.dsv
[0.866s] -- Up-to-date symlink: /home/arael/Downloads/Mpala /mocap_ws/install/mocap4r2_robot_gt/share/ament_index/resource_index/packages/mocap4r2_robot_gt
[0.868s] -- Up-to-date symlink: /home/arael/Downloads/Mpala /mocap_ws/install/mocap4r2_robot_gt/share/ament_index/resource_index/rclcpp_components/mocap4r2_robot_gt
[0.868s] -- Up-to-date symlink: /home/arael/Downloads/Mpala /mocap_ws/install/mocap4r2_robot_gt/share/mocap4r2_robot_gt/cmake/mocap4r2_robot_gtConfig.cmake
[0.868s] -- Up-to-date symlink: /home/arael/Downloads/Mpala /mocap_ws/install/mocap4r2_robot_gt/share/mocap4r2_robot_gt/cmake/mocap4r2_robot_gtConfig-version.cmake
[0.868s] -- Up-to-date symlink: /home/arael/Downloads/Mpala /mocap_ws/install/mocap4r2_robot_gt/share/mocap4r2_robot_gt/package.xml
[0.873s] Invoked command in '/home/arael/Downloads/Mpala /mocap_ws/build/mocap4r2_robot_gt' returned '0': AMENT_PREFIX_PATH=/home/arael/Downloads/Mpala /mocap_ws/install/mocap4r2_robot_gt_msgs:/home/arael/Downloads/Mpala /mocap_ws/install/mocap4r2_msgs:${AMENT_PREFIX_PATH} CMAKE_PREFIX_PATH=/home/arael/Downloads/Mpala /mocap_ws/install/mocap4r2_robot_gt_msgs:/home/arael/Downloads/Mpala /mocap_ws/install/mocap4r2_msgs:/opt/ros/jazzy/opt/gz_math_vendor:/opt/ros/jazzy/opt/gz_utils_vendor:/opt/ros/jazzy/opt/gz_cmake_vendor:/opt/ros/jazzy DEBUGINFOD_URLS=https://debuginfod.ubuntu.com LD_LIBRARY_PATH=/home/arael/Downloads/Mpala /mocap_ws/install/mocap4r2_robot_gt_msgs/lib:/home/arael/Downloads/Mpala /mocap_ws/install/mocap4r2_msgs/lib:${LD_LIBRARY_PATH} PYTHONPATH=/home/arael/Downloads/Mpala /mocap_ws/install/mocap4r2_robot_gt_msgs/lib/python3.12/site-packages:/home/arael/Downloads/Mpala /mocap_ws/install/mocap4r2_msgs/lib/python3.12/site-packages:${PYTHONPATH} /usr/bin/cmake --install /home/arael/Downloads/Mpala /mocap_ws/build/mocap4r2_robot_gt
