[0.033s] Invoking command in '/home/arael/Downloads/Mpala /mocap_ws/src/build/mocap4r2_msgs': CMAKE_PREFIX_PATH=${CMAKE_PREFIX_PATH}:/opt/ros/jazzy DEBUGINFOD_URLS=https://debuginfod.ubuntu.com /usr/bin/cmake /home/arael/Downloads/Mpala /mocap_ws/src/mocap_msgs -DAMENT_CMAKE_SYMLINK_INSTALL=1 -DCMAKE_INSTALL_PREFIX=/home/arael/Downloads/Mpala /mocap_ws/src/install/mocap4r2_msgs
[0.164s] -- The C compiler identification is GNU 13.3.0
[0.303s] -- The CXX compiler identification is GNU 13.3.0
[0.344s] -- Detecting C compiler ABI info
[0.572s] -- Detecting C compiler ABI info - done
[0.595s] -- Check for working C compiler: /usr/bin/cc - skipped
[0.597s] -- Detecting C compile features
[0.597s] -- Detecting C compile features - done
[0.619s] -- Detecting CXX compiler ABI info
[0.869s] -- Detecting CXX compiler ABI info - done
[0.892s] -- Check for working CXX compiler: /usr/bin/c++ - skipped
[0.893s] -- Detecting CXX compile features
[0.894s] -- Detecting CXX compile features - done
[0.900s] -- Found ament_cmake: 2.5.3 (/opt/ros/jazzy/share/ament_cmake/cmake)
[1.255s] -- Found Python3: /usr/bin/python3 (found version "3.12.3") found components: Interpreter 
[1.438s] -- Override CMake install command with custom implementation using symlinks instead of copying resources
[1.508s] -- Found rosidl_default_generators: 1.6.0 (/opt/ros/jazzy/share/rosidl_default_generators/cmake)
[1.520s] -- Using all available rosidl_typesupport_c: rosidl_typesupport_fastrtps_c;rosidl_typesupport_introspection_c
[1.639s] -- Using all available rosidl_typesupport_cpp: rosidl_typesupport_fastrtps_cpp;rosidl_typesupport_introspection_cpp
[1.736s] -- Found rosidl_adapter: 4.6.5 (/opt/ros/jazzy/share/rosidl_adapter/cmake)
[1.744s] -- Found builtin_interfaces: 2.0.2 (/opt/ros/jazzy/share/builtin_interfaces/cmake)
[1.779s] -- Found std_msgs: 5.3.5 (/opt/ros/jazzy/share/std_msgs/cmake)
[1.822s] -- Found geometry_msgs: 5.3.5 (/opt/ros/jazzy/share/geometry_msgs/cmake)
[3.394s] -- Found ament_cmake_ros: 0.12.0 (/opt/ros/jazzy/share/ament_cmake_ros/cmake)
[4.592s] -- Using all available rosidl_typesupport_c: rosidl_typesupport_fastrtps_c;rosidl_typesupport_introspection_c
[6.150s] -- Using all available rosidl_typesupport_cpp: rosidl_typesupport_fastrtps_cpp;rosidl_typesupport_introspection_cpp
[6.156s] -- Found python_cmake_module: 0.11.1 (/opt/ros/jazzy/share/python_cmake_module/cmake)
[6.434s] -- Found PythonExtra: /usr/bin/python3  
[7.143s] -- Found Python3: /usr/bin/python3 (found version "3.12.3") found components: Interpreter Development NumPy Development.Module Development.Embed 
[7.240s] -- Configuring done (7.2s)
[7.305s] -- Generating done (0.1s)
[7.321s] -- Build files have been written to: /home/arael/Downloads/Mpala /mocap_ws/src/build/mocap4r2_msgs
[7.333s] Invoked command in '/home/arael/Downloads/Mpala /mocap_ws/src/build/mocap4r2_msgs' returned '0': CMAKE_PREFIX_PATH=${CMAKE_PREFIX_PATH}:/opt/ros/jazzy DEBUGINFOD_URLS=https://debuginfod.ubuntu.com /usr/bin/cmake /home/arael/Downloads/Mpala /mocap_ws/src/mocap_msgs -DAMENT_CMAKE_SYMLINK_INSTALL=1 -DCMAKE_INSTALL_PREFIX=/home/arael/Downloads/Mpala /mocap_ws/src/install/mocap4r2_msgs
[7.334s] Invoking command in '/home/arael/Downloads/Mpala /mocap_ws/src/build/mocap4r2_msgs': CMAKE_PREFIX_PATH=${CMAKE_PREFIX_PATH}:/opt/ros/jazzy DEBUGINFOD_URLS=https://debuginfod.ubuntu.com /usr/bin/cmake --build /home/arael/Downloads/Mpala /mocap_ws/src/build/mocap4r2_msgs -- -j16 -l16
[7.403s] [  1%] [34m[1mGenerating type hashes for ROS interfaces[0m
[7.414s] [  1%] Built target ament_cmake_python_symlink_mocap4r2_msgs
[7.663s] running egg_info
[7.664s] creating mocap4r2_msgs.egg-info
[7.689s] [  1%] Built target mocap4r2_msgs__rosidl_generator_type_description
[7.690s] writing mocap4r2_msgs.egg-info/PKG-INFO
[7.690s] writing dependency_links to mocap4r2_msgs.egg-info/dependency_links.txt
[7.690s] writing top-level names to mocap4r2_msgs.egg-info/top_level.txt
[7.690s] writing manifest file 'mocap4r2_msgs.egg-info/SOURCES.txt'
[7.706s] [  2%] [34m[1mGenerating C code for ROS interfaces[0m
[7.718s] [  4%] [34m[1mGenerating C++ code for ROS interfaces[0m
[7.753s] reading manifest file 'mocap4r2_msgs.egg-info/SOURCES.txt'
[7.754s] writing manifest file 'mocap4r2_msgs.egg-info/SOURCES.txt'
[7.791s] [  4%] Built target ament_cmake_python_build_mocap4r2_msgs_egg
[8.242s] [  4%] Built target mocap4r2_msgs__cpp
[8.391s] [  5%] [32mBuilding C object CMakeFiles/mocap4r2_msgs__rosidl_generator_c.dir/rosidl_generator_c/mocap4r2_msgs/msg/detail/marker__description.c.o[0m
[8.399s] [  6%] [32mBuilding C object CMakeFiles/mocap4r2_msgs__rosidl_generator_c.dir/rosidl_generator_c/mocap4r2_msgs/msg/detail/marker__type_support.c.o[0m
[8.401s] [  8%] [32mBuilding C object CMakeFiles/mocap4r2_msgs__rosidl_generator_c.dir/rosidl_generator_c/mocap4r2_msgs/msg/detail/marker__functions.c.o[0m
[8.408s] [  9%] [32mBuilding C object CMakeFiles/mocap4r2_msgs__rosidl_generator_c.dir/rosidl_generator_c/mocap4r2_msgs/msg/detail/markers__functions.c.o[0m
[8.413s] [ 10%] [32mBuilding C object CMakeFiles/mocap4r2_msgs__rosidl_generator_c.dir/rosidl_generator_c/mocap4r2_msgs/msg/detail/markers__description.c.o[0m
[8.419s] [ 12%] [32mBuilding C object CMakeFiles/mocap4r2_msgs__rosidl_generator_c.dir/rosidl_generator_c/mocap4r2_msgs/msg/detail/imus_info__functions.c.o[0m
[8.424s] [ 13%] [32mBuilding C object CMakeFiles/mocap4r2_msgs__rosidl_generator_c.dir/rosidl_generator_c/mocap4r2_msgs/msg/detail/markers__type_support.c.o[0m
[8.428s] [ 17%] [32mBuilding C object CMakeFiles/mocap4r2_msgs__rosidl_generator_c.dir/rosidl_generator_c/mocap4r2_msgs/msg/detail/rigid_body__description.c.o[0m
[8.428s] [ 17%] [32mBuilding C object CMakeFiles/mocap4r2_msgs__rosidl_generator_c.dir/rosidl_generator_c/mocap4r2_msgs/msg/detail/imus_info__type_support.c.o[0m
[8.428s] [ 14%] [32mBuilding C object CMakeFiles/mocap4r2_msgs__rosidl_generator_c.dir/rosidl_generator_c/mocap4r2_msgs/msg/detail/imus_info__description.c.o[0m
[8.435s] [ 18%] [32mBuilding C object CMakeFiles/mocap4r2_msgs__rosidl_generator_c.dir/rosidl_generator_c/mocap4r2_msgs/msg/detail/rigid_body__functions.c.o[0m
[8.478s] [ 20%] [32mBuilding C object CMakeFiles/mocap4r2_msgs__rosidl_generator_c.dir/rosidl_generator_c/mocap4r2_msgs/msg/detail/rigid_bodies__description.c.o[0m
[8.486s] [ 21%] [32mBuilding C object CMakeFiles/mocap4r2_msgs__rosidl_generator_c.dir/rosidl_generator_c/mocap4r2_msgs/msg/detail/rigid_bodies__functions.c.o[0m
[8.491s] [ 24%] [32mBuilding C object CMakeFiles/mocap4r2_msgs__rosidl_generator_c.dir/rosidl_generator_c/mocap4r2_msgs/msg/detail/rigid_bodies__type_support.c.o[0m
[8.491s] [ 22%] [32mBuilding C object CMakeFiles/mocap4r2_msgs__rosidl_generator_c.dir/rosidl_generator_c/mocap4r2_msgs/msg/detail/rigid_body__type_support.c.o[0m
[8.600s] [ 25%] [32m[1mLinking C shared library libmocap4r2_msgs__rosidl_generator_c.so[0m
[8.728s] [ 25%] Built target mocap4r2_msgs__rosidl_generator_c
[8.747s] [ 27%] [34m[1mGenerating C++ type support dispatch for ROS interfaces[0m
[8.754s] [ 28%] [34m[1mGenerating C++ introspection for ROS interfaces[0m
[8.760s] [ 29%] [34m[1mGenerating C introspection for ROS interfaces[0m
[8.772s] [ 31%] [34m[1mGenerating C type support for eProsima Fast-RTPS[0m
[8.780s] [ 32%] [34m[1mGenerating C++ type support for eProsima Fast-RTPS[0m
[8.781s] [ 33%] [34m[1mGenerating C type support dispatch for ROS interfaces[0m
[9.452s] Traceback (most recent call last):
[9.453s] Traceback (most recent call last):
[9.453s]   File "/opt/ros/jazzy/lib/rosidl_typesupport_fastrtps_c/rosidl_typesupport_fastrtps_c", line 33, in <module>
[9.455s] gmake[2]: *** Deleting file 'rosidl_typesupport_cpp/mocap4r2_msgs/msg/marker__type_support.cpp'
[9.456s]     sys.exit(main())
[9.456s]              ^^^^^^
[9.456s]   File "/opt/ros/jazzy/lib/rosidl_typesupport_fastrtps_c/rosidl_typesupport_fastrtps_c", line 29, in main
[9.456s] gmake[2]: *** Deleting file 'rosidl_typesupport_introspection_c/mocap4r2_msgs/msg/detail/rigid_body__rosidl_typesupport_introspection_c.h'
[9.456s] gmake[2]: *** Deleting file 'rosidl_typesupport_introspection_cpp/mocap4r2_msgs/msg/detail/marker__rosidl_typesupport_introspection_cpp.hpp'
[9.456s] gmake[2]: *** Deleting file 'rosidl_typesupport_introspection_c/mocap4r2_msgs/msg/detail/rigid_bodies__type_support.c'
[9.456s]     generate_typesupport_fastrtps_c(args.generator_arguments_file)
[9.456s] gmake[2]: *** Deleting file 'rosidl_typesupport_fastrtps_c/mocap4r2_msgs/msg/detail/marker__rosidl_typesupport_fastrtps_c.h'
[9.456s] gmake[2]: *** Deleting file 'rosidl_typesupport_introspection_c/mocap4r2_msgs/msg/detail/rigid_bodies__rosidl_typesupport_introspection_c.h'
[9.456s] Traceback (most recent call last):
[9.456s]   File "/opt/ros/jazzy/lib/rosidl_typesupport_cpp/rosidl_typesupport_cpp", line 28, in <module>
[9.456s]   File "/opt/ros/jazzy/lib/rosidl_typesupport_introspection_cpp/rosidl_typesupport_introspection_cpp", line 31, in <module>
[9.456s]     sys.exit(main())
[9.457s]     sys.exit(main())
[9.457s]              ^^^^^^
[9.457s]              ^^^^^^
[9.457s]   File "/opt/ros/jazzy/lib/rosidl_typesupport_cpp/rosidl_typesupport_cpp", line 24, in main
[9.457s]   File "/opt/ros/jazzy/lib/rosidl_typesupport_introspection_cpp/rosidl_typesupport_introspection_cpp", line 27, in main
[9.461s]     generate_cpp(args.generator_arguments_file, args.typesupports)
[9.462s]   File "/opt/ros/jazzy/lib/python3.12/site-packages/rosidl_typesupport_cpp/__init__.py", line 28, in generate_cpp
[9.462s]     generate_cpp(args.generator_arguments_file)
[9.462s]   File "/opt/ros/jazzy/lib/python3.12/site-packages/rosidl_typesupport_fastrtps_c/__init__.py", line 24, in generate_typesupport_fastrtps_c
[9.462s] gmake[2]: *** Deleting file 'rosidl_typesupport_introspection_c/mocap4r2_msgs/msg/detail/markers__type_support.c'
[9.462s]     return generate_files(
[9.462s]   File "/opt/ros/jazzy/lib/python3.12/site-packages/rosidl_typesupport_introspection_cpp/__init__.py", line 31, in generate_cpp
[9.462s]            ^^^^^^^^^^^^^^^
[9.462s] gmake[2]: *** Deleting file 'rosidl_typesupport_introspection_c/mocap4r2_msgs/msg/detail/markers__rosidl_typesupport_introspection_c.h'
[9.462s]   File "/opt/ros/jazzy/lib/python3.12/site-packages/rosidl_pycommon/__init__.py", line 102, in generate_files
[9.462s] gmake[2]: *** Deleting file 'rosidl_typesupport_introspection_c/mocap4r2_msgs/msg/detail/marker__type_support.c'
[9.462s] gmake[2]: *** Deleting file 'rosidl_typesupport_introspection_c/mocap4r2_msgs/msg/detail/imus_info__type_support.c'
[9.462s]     idl_file = parse_idl_file(locator)
[9.462s]                ^^^^^^^^^^^^^^^^^^^^^^^
[9.463s]   File "/opt/ros/jazzy/lib/python3.12/site-packages/rosidl_parser/parser.py", line 64, in parse_idl_file
[9.463s] gmake[2]: *** Deleting file 'rosidl_typesupport_introspection_c/mocap4r2_msgs/msg/detail/imus_info__rosidl_typesupport_introspection_c.h'
[9.463s] gmake[2]: *** Deleting file 'rosidl_typesupport_introspection_c/mocap4r2_msgs/msg/detail/rigid_body__type_support.c'
[9.463s]     content = parse_idl_string(string, png_file=png_file)
[9.463s]               ^^^^^^^^^^^^^^^^^^^^^^^^^^^^^^^^^^^^^^^^^^^
[9.463s]   File "/opt/ros/jazzy/lib/python3.12/site-packages/rosidl_parser/parser.py", line 73, in parse_idl_string
[9.463s] gmake[2]: *** [CMakeFiles/mocap4r2_msgs__rosidl_typesupport_introspection_c.dir/build.make:171: rosidl_typesupport_introspection_c/mocap4r2_msgs/msg/detail/imus_info__type_support.c] Interrupt
[9.463s]     content = extract_content_from_ast(tree)
[9.463s]               ^^^^^^^^^^^^^^^^^^^^^^^^^^^^^^
[9.463s]   File "/opt/ros/jazzy/lib/python3.12/site-packages/rosidl_parser/parser.py", line 146, in extract_content_from_ast
[9.463s]     return generate_files(generator_arguments_file, mapping)
[9.463s]     add_message_members(msg, struct_defs[0])
[9.463s]     return generate_files(generator_arguments_file, mapping)
[9.463s]   File "/opt/ros/jazzy/lib/python3.12/site-packages/rosidl_parser/parser.py", line 362, in add_message_members
[9.463s]            ^^^^^^^^^^^^^^^^^^^^^^^^^^^^^^^^^^^^^^^^^^^^^^^^^
[9.463s]   File "/opt/ros/jazzy/lib/python3.12/site-packages/rosidl_pycommon/__init__.py", line 102, in generate_files
[9.464s]     for member in members:
[9.464s]   File "/usr/lib/python3/dist-packages/lark/tree.py", line 175, in <lambda>
[9.464s]     idl_file = parse_idl_file(locator)
[9.464s]                ^^^^^^^^^^^^^^^^^^^^^^^
[9.464s]            ^^^^^^^^^^^^^^^^^^^^^^^^^^^^^^^^^^^^^^^^^^^^^^^^^
[9.464s]   File "/opt/ros/jazzy/lib/python3.12/site-packages/rosidl_parser/parser.py", line 64, in parse_idl_file
[9.464s]   File "/opt/ros/jazzy/lib/python3.12/site-packages/rosidl_pycommon/__init__.py", line 117, in generate_files
[9.464s]     content = parse_idl_string(string, png_file=png_file)
[9.464s]     expand_template(
[9.464s]               ^^^^^^^^^^^^^^^^^^^^^^^^^^^^^^^^^^^^^^^^^^^
[9.464s]   File "/opt/ros/jazzy/lib/python3.12/site-packages/rosidl_pycommon/__init__.py", line 193, in expand_template
[9.464s]   File "/opt/ros/jazzy/lib/python3.12/site-packages/rosidl_parser/parser.py", line 72, in parse_idl_string
[9.464s]     tree = get_ast_from_idl_string(idl_string)
[9.464s]     interpreter.string(template_content, template_path, locals=data)
[9.465s]            ^^^^^^^^^^^^^^^^^^^^^^^^^^^^^^^^^^^
[9.465s]   File "/opt/ros/jazzy/lib/python3.12/site-packages/rosidl_parser/parser.py", line 89, in get_ast_from_idl_string
[9.465s]   File "/usr/lib/python3/dist-packages/em.py", line 2391, in string
[9.465s]     return _parser.parse(idl_string)
[9.465s]            ^^^^^^^^^^^^^^^^^^^^^^^^^
[9.465s]   File "/usr/lib/python3/dist-packages/lark/lark.py", line 658, in parse
[9.465s]     return self.find_pred(lambda t: t.data == data)
[9.465s] gmake[2]: *** [CMakeFiles/mocap4r2_msgs__rosidl_typesupport_introspection_c.dir/build.make:156: rosidl_typesupport_introspection_c/mocap4r2_msgs/msg/detail/imus_info__rosidl_typesupport_introspection_c.h] Interrupt
[9.465s]                                     ^^^^^^^^^^^^^^
[9.465s]   File "/usr/lib/python3/dist-packages/lark/lexer.py", line 265, in __eq__
[9.465s]     def __eq__(self, other):
[9.465s] 
[9.465s] KeyboardInterrupt
[9.466s]     return self.parser.parse(text, start=start, on_error=on_error)
[9.466s]            ^^^^^^^^^^^^^^^^^^^^^^^^^^^^^^^^^^^^^^^^^^^^^^^^^^^^^^^
[9.466s]   File "/usr/lib/python3/dist-packages/lark/parser_frontends.py", line 104, in parse
[9.466s]     return self.parser.parse(stream, chosen_start, **kw)
[9.466s]            ^^^^^^^^^^^^^^^^^^^^^^^^^^^^^^^^^^^^^^^^^^^^^
[9.466s]   File "/usr/lib/python3/dist-packages/lark/parsers/earley.py", line 284, in parse
[9.466s]     solutions = [n.node for n in columns[-1] if n.is_complete and n.node is not None and n.s == start_symbol and n.start == 0]
[9.466s]                 ^^^^^^^^^^^^^^^^^^^^^^^^^^^^^^^^^^^^^^^^^^^^^^^^^^^^^^^^^^^^^^^^^^^^^^^^^^^^^^^^^^^^^^^^^^^^^^^^^^^^^^^^^^^^^^
[9.466s]   File "/usr/lib/python3/dist-packages/lark/utils.py", line 351, in __iter__
[9.467s] gmake[2]: *** [CMakeFiles/mocap4r2_msgs__rosidl_typesupport_introspection_c.dir/build.make:177: rosidl_typesupport_introspection_c/mocap4r2_msgs/msg/detail/rigid_bodies__type_support.c] Interrupt
[9.467s] Traceback (most recent call last):
[9.467s]   File "/opt/ros/jazzy/lib/rosidl_typesupport_fastrtps_cpp/rosidl_typesupport_fastrtps_cpp", line 23, in <module>
[9.467s]     sys.exit(main())
[9.467s]              ^^^^^^
[9.467s]   File "/opt/ros/jazzy/lib/rosidl_typesupport_fastrtps_cpp/rosidl_typesupport_fastrtps_cpp", line 19, in main
[9.468s]     generate_cpp(args.generator_arguments_file)
[9.468s]   File "/opt/ros/jazzy/lib/python3.12/site-packages/rosidl_typesupport_fastrtps_cpp/__init__.py", line 24, in generate_cpp
[9.468s]     def __iter__(self) -> Iterator[T]:
[9.468s] 
[9.468s] KeyboardInterrupt
[9.468s] gmake[2]: *** [CMakeFiles/mocap4r2_msgs__rosidl_typesupport_introspection_c.dir/build.make:174: rosidl_typesupport_introspection_c/mocap4r2_msgs/msg/detail/rigid_body__type_support.c] Interrupt
[9.468s] gmake[2]: *** [CMakeFiles/mocap4r2_msgs__rosidl_typesupport_c.dir/build.make:276: CMakeFiles/mocap4r2_msgs__rosidl_typesupport_c.dir/depend] Interrupt
[9.468s] gmake[1]: *** [CMakeFiles/Makefile2:318: CMakeFiles/mocap4r2_msgs__rosidl_typesupport_c.dir/all] Interrupt
[9.470s] gmake[2]: *** [CMakeFiles/mocap4r2_msgs__rosidl_typesupport_introspection_c.dir/build.make:165: rosidl_typesupport_introspection_c/mocap4r2_msgs/msg/detail/marker__type_support.c] Interrupt
[9.470s] gmake[2]: *** [CMakeFiles/mocap4r2_msgs__rosidl_typesupport_introspection_c.dir/build.make:168: rosidl_typesupport_introspection_c/mocap4r2_msgs/msg/detail/markers__type_support.c] Interrupt
[9.470s] gmake[2]: *** [CMakeFiles/mocap4r2_msgs__rosidl_typesupport_introspection_c.dir/build.make:162: rosidl_typesupport_introspection_c/mocap4r2_msgs/msg/detail/rigid_bodies__rosidl_typesupport_introspection_c.h] Interrupt
[9.470s] gmake[2]: *** [CMakeFiles/mocap4r2_msgs__rosidl_typesupport_introspection_c.dir/build.make:153: rosidl_typesupport_introspection_c/mocap4r2_msgs/msg/detail/markers__rosidl_typesupport_introspection_c.h] Interrupt
[9.470s]     return generate_files(generator_arguments_file, mapping)
[9.470s]            ^^^^^^^^^^^^^^^^^^^^^^^^^^^^^^^^^^^^^^^^^^^^^^^^^
[9.470s]   File "/opt/ros/jazzy/lib/python3.12/site-packages/rosidl_pycommon/__init__.py", line 117, in generate_files
[9.470s]     expand_template(
[9.470s]   File "/opt/ros/jazzy/lib/python3.12/site-packages/rosidl_pycommon/__init__.py", line 193, in expand_template
[9.470s]     interpreter.string(template_content, template_path, locals=data)
[9.470s]   File "/usr/lib/python3/dist-packages/em.py", line 2391, in string
[9.470s]     self.safe(scanner, True, locals)
[9.470s]   File "/usr/lib/python3/dist-packages/em.py", line 2401, in safe
[9.470s] gmake[2]: *** [CMakeFiles/mocap4r2_msgs__rosidl_typesupport_introspection_c.dir/build.make:159: rosidl_typesupport_introspection_c/mocap4r2_msgs/msg/detail/rigid_body__rosidl_typesupport_introspection_c.h] Interrupt
[9.470s]     self.parse(scanner, locals)
[9.471s]   File "/usr/lib/python3/dist-packages/em.py", line 2421, in parse
[9.471s] gmake[1]: *** [CMakeFiles/Makefile2:292: CMakeFiles/mocap4r2_msgs__rosidl_typesupport_introspection_c.dir/all] Interrupt
[9.471s]     token.run(self, locals)
[9.471s]   File "/usr/lib/python3/dist-packages/em.py", line 1425, in run
[9.471s]     self.safe(scanner, True, locals)
[9.471s]   File "/usr/lib/python3/dist-packages/em.py", line 2401, in safe
[9.471s]     interpreter.execute(self.code, locals)
[9.471s]   File "/usr/lib/python3/dist-packages/em.py", line 2596, in execute
[9.471s]     self.parse(scanner, locals)
[9.471s]     _exec(statements, self.globals, locals)
[9.471s]   File "/usr/lib/python3/dist-packages/em.py", line 2421, in parse
[9.471s]   File "<string>", line 10, in <module>
[9.471s]   File "/opt/ros/jazzy/lib/python3.12/site-packages/rosidl_pycommon/__init__.py", line 245, in _expand_template
[9.471s]     interpreter.string(content, template_path, locals=kwargs)
[9.471s]   File "/usr/lib/python3/dist-packages/em.py", line 2391, in string
[9.471s]     token.run(self, locals)
[9.471s]   File "/usr/lib/python3/dist-packages/em.py", line 1547, in run
[9.471s]     self.safe(scanner, True, locals)
[9.471s]   File "/usr/lib/python3/dist-packages/em.py", line 2401, in safe
[9.471s]     self.subrun(info[0][1], interpreter, locals)
[9.471s]   File "/usr/lib/python3/dist-packages/em.py", line 1631, in subrun
[9.471s]     self.parse(scanner, locals)
[9.471s]   File "/usr/lib/python3/dist-packages/em.py", line 2421, in parse
[9.472s]     token.run(interpreter, locals)
[9.472s]   File "/usr/lib/python3/dist-packages/em.py", line 1425, in run
[9.472s]     token.run(self, locals)
[9.472s]   File "/usr/lib/python3/dist-packages/em.py", line 1425, in run
[9.472s]     interpreter.execute(self.code, locals)
[9.472s]   File "/usr/lib/python3/dist-packages/em.py", line 2596, in execute
[9.472s]     interpreter.execute(self.code, locals)
[9.472s]   File "/usr/lib/python3/dist-packages/em.py", line 2596, in execute
[9.472s]     _exec(statements, self.globals, locals)
[9.472s]   File "<string>", line 2, in <module>
[9.472s]   File "/opt/ros/jazzy/lib/python3.12/site-packages/rosidl_pycommon/__init__.py", line 245, in _expand_template
[9.472s]     interpreter.string(content, template_path, locals=kwargs)
[9.472s]   File "/usr/lib/python3/dist-packages/em.py", line 2391, in string
[9.472s]     _exec(statements, self.globals, locals)
[9.472s]   File "<string>", line 0, in <module>
[9.472s] KeyboardInterrupt
[9.472s]     self.safe(scanner, True, locals)
[9.472s]   File "/usr/lib/python3/dist-packages/em.py", line 2401, in safe
[9.472s]     self.parse(scanner, locals)
[9.472s]   File "/usr/lib/python3/dist-packages/em.py", line 2421, in parse
[9.472s]     token.run(self, locals)
[9.472s]   File "/usr/lib/python3/dist-packages/em.py", line 1547, in run
[9.473s]     self.subrun(info[0][1], interpreter, locals)
[9.473s]   File "/usr/lib/python3/dist-packages/em.py", line 1631, in subrun
[9.473s]     token.run(interpreter, locals)
[9.473s]   File "/usr/lib/python3/dist-packages/em.py", line 1531, in run
[9.473s]     self.subrun(elseTokens, interpreter, locals)
[9.473s]   File "/usr/lib/python3/dist-packages/em.py", line 1631, in subrun
[9.473s]     token.run(interpreter, locals)
[9.473s]   File "/usr/lib/python3/dist-packages/em.py", line 1333, in run
[9.473s]     result = interpreter.evaluate(self.testCode, locals)
[9.473s]              ^^^^^^^^^^^^^^^^^^^^^^^^^^^^^^^^^^^^^^^^^^^
[9.473s]   File "/usr/lib/python3/dist-packages/em.py", line 2564, in evaluate
[9.473s]     def evaluate(self, expression, locals=None):
[9.473s] 
[9.473s] KeyboardInterrupt
[9.478s] Exception ignored in: <function Interpreter.__del__ at 0x724dae807380>
[9.478s] Traceback (most recent call last):
[9.478s]   File "/usr/lib/python3/dist-packages/em.py", line 2094, in __del__
[9.478s]   File "/usr/lib/python3/dist-packages/em.py", line 2157, in shutdown
[9.478s]   File "/usr/lib/python3/dist-packages/em.py", line 2647, in finalize
[9.479s]   File "/usr/lib/python3/dist-packages/em.py", line 2200, in push
[9.479s] AttributeError: '_io.TextIOWrapper' object has no attribute 'push'
[9.479s] Exception ignored in: <function Interpreter.__del__ at 0x780ae3007380>
[9.479s] Traceback (most recent call last):
[9.479s]   File "/usr/lib/python3/dist-packages/em.py", line 2094, in __del__
[9.479s]   File "/usr/lib/python3/dist-packages/em.py", line 2157, in shutdown
[9.479s]   File "/usr/lib/python3/dist-packages/em.py", line 2647, in finalize
[9.480s]   File "/usr/lib/python3/dist-packages/em.py", line 2200, in push
[9.480s] AttributeError: '_io.TextIOWrapper' object has no attribute 'push'
[9.486s] gmake[2]: *** [CMakeFiles/mocap4r2_msgs__rosidl_typesupport_introspection_cpp.dir/build.make:150: rosidl_typesupport_introspection_cpp/mocap4r2_msgs/msg/detail/marker__rosidl_typesupport_introspection_cpp.hpp] Interrupt
[9.486s] gmake[1]: *** [CMakeFiles/Makefile2:398: CMakeFiles/mocap4r2_msgs__rosidl_typesupport_introspection_cpp.dir/all] Interrupt
[9.487s] gmake[2]: *** [CMakeFiles/mocap4r2_msgs__rosidl_typesupport_fastrtps_c.dir/build.make:150: rosidl_typesupport_fastrtps_c/mocap4r2_msgs/msg/detail/marker__rosidl_typesupport_fastrtps_c.h] Interrupt
[9.488s] gmake[1]: *** [CMakeFiles/Makefile2:266: CMakeFiles/mocap4r2_msgs__rosidl_typesupport_fastrtps_c.dir/all] Interrupt
[9.488s] gmake[2]: *** [CMakeFiles/mocap4r2_msgs__rosidl_typesupport_fastrtps_cpp.dir/build.make:150: rosidl_typesupport_fastrtps_cpp/mocap4r2_msgs/msg/detail/dds_fastrtps/marker__type_support.cpp] Interrupt
[9.489s] gmake[1]: *** [CMakeFiles/Makefile2:371: CMakeFiles/mocap4r2_msgs__rosidl_typesupport_fastrtps_cpp.dir/all] Interrupt
[9.490s] gmake[2]: *** [CMakeFiles/mocap4r2_msgs__rosidl_typesupport_cpp.dir/build.make:148: rosidl_typesupport_cpp/mocap4r2_msgs/msg/marker__type_support.cpp] Interrupt
[9.490s] gmake[1]: *** [CMakeFiles/Makefile2:425: CMakeFiles/mocap4r2_msgs__rosidl_typesupport_cpp.dir/all] Interrupt
[9.490s] gmake: *** [Makefile:146: all] Interrupt
