[0.028s] Invoking command in '/home/arael/Downloads/Mpala /mocap_ws/build/rqt_mocap4r2_control': AMENT_PREFIX_PATH=/home/arael/Downloads/Mpala /mocap_ws/install/mocap4r2_control:/home/arael/Downloads/Mpala /mocap_ws/install/mocap4r2_control_msgs:${AMENT_PREFIX_PATH} CMAKE_PREFIX_PATH=/home/arael/Downloads/Mpala /mocap_ws/install/mocap4r2_control:/home/arael/Downloads/Mpala /mocap_ws/install/mocap4r2_control_msgs:/opt/ros/jazzy/opt/gz_math_vendor:/opt/ros/jazzy/opt/gz_utils_vendor:/opt/ros/jazzy/opt/gz_cmake_vendor:/opt/ros/jazzy DEBUGINFOD_URLS=https://debuginfod.ubuntu.com LD_LIBRARY_PATH=/home/arael/Downloads/Mpala /mocap_ws/install/mocap4r2_control/lib:/home/arael/Downloads/Mpala /mocap_ws/install/mocap4r2_control_msgs/lib:${LD_LIBRARY_PATH} PYTHONPATH=/home/arael/Downloads/Mpala /mocap_ws/install/mocap4r2_control_msgs/lib/python3.12/site-packages:${PYTHONPATH} /usr/bin/cmake --build /home/arael/Downloads/Mpala /mocap_ws/build/rqt_mocap4r2_control -- -j16 -l16
[0.190s] [100%] Built target rqt_mocap4r2_control
[0.252s] Invoked command in '/home/arael/Downloads/Mpala /mocap_ws/build/rqt_mocap4r2_control' returned '0': AMENT_PREFIX_PATH=/home/arael/Downloads/Mpala /mocap_ws/install/mocap4r2_control:/home/arael/Downloads/Mpala /mocap_ws/install/mocap4r2_control_msgs:${AMENT_PREFIX_PATH} CMAKE_PREFIX_PATH=/home/arael/Downloads/Mpala /mocap_ws/install/mocap4r2_control:/home/arael/Downloads/Mpala /mocap_ws/install/mocap4r2_control_msgs:/opt/ros/jazzy/opt/gz_math_vendor:/opt/ros/jazzy/opt/gz_utils_vendor:/opt/ros/jazzy/opt/gz_cmake_vendor:/opt/ros/jazzy DEBUGINFOD_URLS=https://debuginfod.ubuntu.com LD_LIBRARY_PATH=/home/arael/Downloads/Mpala /mocap_ws/install/mocap4r2_control/lib:/home/arael/Downloads/Mpala /mocap_ws/install/mocap4r2_control_msgs/lib:${LD_LIBRARY_PATH} PYTHONPATH=/home/arael/Downloads/Mpala /mocap_ws/install/mocap4r2_control_msgs/lib/python3.12/site-packages:${PYTHONPATH} /usr/bin/cmake --build /home/arael/Downloads/Mpala /mocap_ws/build/rqt_mocap4r2_control -- -j16 -l16
[0.254s] Invoking command in '/home/arael/Downloads/Mpala /mocap_ws/build/rqt_mocap4r2_control': AMENT_PREFIX_PATH=/home/arael/Downloads/Mpala /mocap_ws/install/mocap4r2_control:/home/arael/Downloads/Mpala /mocap_ws/install/mocap4r2_control_msgs:${AMENT_PREFIX_PATH} CMAKE_PREFIX_PATH=/home/arael/Downloads/Mpala /mocap_ws/install/mocap4r2_control:/home/arael/Downloads/Mpala /mocap_ws/install/mocap4r2_control_msgs:/opt/ros/jazzy/opt/gz_math_vendor:/opt/ros/jazzy/opt/gz_utils_vendor:/opt/ros/jazzy/opt/gz_cmake_vendor:/opt/ros/jazzy DEBUGINFOD_URLS=https://debuginfod.ubuntu.com LD_LIBRARY_PATH=/home/arael/Downloads/Mpala /mocap_ws/install/mocap4r2_control/lib:/home/arael/Downloads/Mpala /mocap_ws/install/mocap4r2_control_msgs/lib:${LD_LIBRARY_PATH} PYTHONPATH=/home/arael/Downloads/Mpala /mocap_ws/install/mocap4r2_control_msgs/lib/python3.12/site-packages:${PYTHONPATH} /usr/bin/cmake --install /home/arael/Downloads/Mpala /mocap_ws/build/rqt_mocap4r2_control
[0.273s] -- Install configuration: ""
[0.274s] -- Execute custom install script
[0.274s] -- Up-to-date symlink: /home/arael/Downloads/Mpala /mocap_ws/install/rqt_mocap4r2_control/lib/rqt_mocap4r2_control/rqt_mocap4r2_control
[0.275s] -- Up-to-date symlink: /home/arael/Downloads/Mpala /mocap_ws/install/rqt_mocap4r2_control/include/rqt_mocap4r2_control/SystemController.hpp
[0.276s] -- Up-to-date symlink: /home/arael/Downloads/Mpala /mocap_ws/install/rqt_mocap4r2_control/include/rqt_mocap4r2_control/mocap4r2_control.hpp
[0.276s] -- Up-to-date symlink: /home/arael/Downloads/Mpala /mocap_ws/install/rqt_mocap4r2_control/include/rqt_mocap4r2_control/utils.hpp
[0.277s] -- Up-to-date symlink: /home/arael/Downloads/Mpala /mocap_ws/install/rqt_mocap4r2_control/share/rqt_mocap4r2_control/plugin.xml
[0.277s] -- Up-to-date symlink: /home/arael/Downloads/Mpala /mocap_ws/install/rqt_mocap4r2_control/share/rqt_mocap4r2_control//plugin.xml
[0.277s] -- Up-to-date symlink: /home/arael/Downloads/Mpala /mocap_ws/install/rqt_mocap4r2_control/share/rqt_mocap4r2_control/environment/library_path.sh
[0.278s] -- Up-to-date symlink: /home/arael/Downloads/Mpala /mocap_ws/install/rqt_mocap4r2_control/share/rqt_mocap4r2_control/environment/library_path.dsv
[0.279s] -- Up-to-date symlink: /home/arael/Downloads/Mpala /mocap_ws/install/rqt_mocap4r2_control/share/ament_index/resource_index/package_run_dependencies/rqt_mocap4r2_control
[0.279s] -- Up-to-date symlink: /home/arael/Downloads/Mpala /mocap_ws/install/rqt_mocap4r2_control/share/ament_index/resource_index/parent_prefix_path/rqt_mocap4r2_control
[0.280s] -- Up-to-date symlink: /home/arael/Downloads/Mpala /mocap_ws/install/rqt_mocap4r2_control/share/rqt_mocap4r2_control/environment/ament_prefix_path.sh
[0.280s] -- Up-to-date symlink: /home/arael/Downloads/Mpala /mocap_ws/install/rqt_mocap4r2_control/share/rqt_mocap4r2_control/environment/ament_prefix_path.dsv
[0.280s] -- Up-to-date symlink: /home/arael/Downloads/Mpala /mocap_ws/install/rqt_mocap4r2_control/share/rqt_mocap4r2_control/environment/path.sh
[0.281s] -- Up-to-date symlink: /home/arael/Downloads/Mpala /mocap_ws/install/rqt_mocap4r2_control/share/rqt_mocap4r2_control/environment/path.dsv
[0.281s] -- Up-to-date symlink: /home/arael/Downloads/Mpala /mocap_ws/install/rqt_mocap4r2_control/share/rqt_mocap4r2_control/local_setup.bash
[0.281s] -- Up-to-date symlink: /home/arael/Downloads/Mpala /mocap_ws/install/rqt_mocap4r2_control/share/rqt_mocap4r2_control/local_setup.sh
[0.282s] -- Up-to-date symlink: /home/arael/Downloads/Mpala /mocap_ws/install/rqt_mocap4r2_control/share/rqt_mocap4r2_control/local_setup.zsh
[0.283s] -- Up-to-date symlink: /home/arael/Downloads/Mpala /mocap_ws/install/rqt_mocap4r2_control/share/rqt_mocap4r2_control/local_setup.dsv
[0.283s] -- Symlinking: /home/arael/Downloads/Mpala /mocap_ws/install/rqt_mocap4r2_control/share/rqt_mocap4r2_control/package.dsv
[0.303s] -- Up-to-date symlink: /home/arael/Downloads/Mpala /mocap_ws/install/rqt_mocap4r2_control/share/ament_index/resource_index/packages/rqt_mocap4r2_control
[0.304s] -- Up-to-date symlink: /home/arael/Downloads/Mpala /mocap_ws/install/rqt_mocap4r2_control/share/ament_index/resource_index/rqt_gui__pluginlib__plugin/rqt_mocap4r2_control
[0.304s] -- Up-to-date symlink: /home/arael/Downloads/Mpala /mocap_ws/install/rqt_mocap4r2_control/share/rqt_mocap4r2_control/cmake/ament_cmake_export_include_directories-extras.cmake
[0.305s] -- Up-to-date symlink: /home/arael/Downloads/Mpala /mocap_ws/install/rqt_mocap4r2_control/share/rqt_mocap4r2_control/cmake/ament_cmake_export_libraries-extras.cmake
[0.305s] -- Up-to-date symlink: /home/arael/Downloads/Mpala /mocap_ws/install/rqt_mocap4r2_control/share/rqt_mocap4r2_control/cmake/rqt_mocap4r2_controlConfig.cmake
[0.305s] -- Up-to-date symlink: /home/arael/Downloads/Mpala /mocap_ws/install/rqt_mocap4r2_control/share/rqt_mocap4r2_control/cmake/rqt_mocap4r2_controlConfig-version.cmake
[0.306s] -- Up-to-date symlink: /home/arael/Downloads/Mpala /mocap_ws/install/rqt_mocap4r2_control/share/rqt_mocap4r2_control/package.xml
[0.306s] -- Up-to-date: /home/arael/Downloads/Mpala /mocap_ws/install/rqt_mocap4r2_control/lib/rqt_mocap4r2_control/librqt_mocap4r2_control.so
[0.316s] Invoked command in '/home/arael/Downloads/Mpala /mocap_ws/build/rqt_mocap4r2_control' returned '0': AMENT_PREFIX_PATH=/home/arael/Downloads/Mpala /mocap_ws/install/mocap4r2_control:/home/arael/Downloads/Mpala /mocap_ws/install/mocap4r2_control_msgs:${AMENT_PREFIX_PATH} CMAKE_PREFIX_PATH=/home/arael/Downloads/Mpala /mocap_ws/install/mocap4r2_control:/home/arael/Downloads/Mpala /mocap_ws/install/mocap4r2_control_msgs:/opt/ros/jazzy/opt/gz_math_vendor:/opt/ros/jazzy/opt/gz_utils_vendor:/opt/ros/jazzy/opt/gz_cmake_vendor:/opt/ros/jazzy DEBUGINFOD_URLS=https://debuginfod.ubuntu.com LD_LIBRARY_PATH=/home/arael/Downloads/Mpala /mocap_ws/install/mocap4r2_control/lib:/home/arael/Downloads/Mpala /mocap_ws/install/mocap4r2_control_msgs/lib:${LD_LIBRARY_PATH} PYTHONPATH=/home/arael/Downloads/Mpala /mocap_ws/install/mocap4r2_control_msgs/lib/python3.12/site-packages:${PYTHONPATH} /usr/bin/cmake --install /home/arael/Downloads/Mpala /mocap_ws/build/rqt_mocap4r2_control
