[0.006s] Invoking command in '/home/arael/Downloads/Mpala /mocap_ws/build/mocap4r2_msgs': DEBUGINFOD_URLS=https://debuginfod.ubuntu.com /usr/bin/cmake /home/arael/Downloads/Mpala /mocap_ws/src/mocap_msgs -DAMENT_CMAKE_SYMLINK_INSTALL=1 -DCMAKE_INSTALL_PREFIX=/home/arael/Downloads/Mpala /mocap_ws/install/mocap4r2_msgs
[0.046s] -- The C compiler identification is GNU 13.3.0
[0.089s] -- The CXX compiler identification is GNU 13.3.0
[0.101s] -- Detecting C compiler ABI info
[0.167s] -- Detecting C compiler ABI info - done
[0.174s] -- Check for working C compiler: /usr/bin/cc - skipped
[0.174s] -- Detecting C compile features
[0.174s] -- Detecting C compile features - done
[0.181s] -- Detecting CXX compiler ABI info
[0.255s] -- Detecting CXX compiler ABI info - done
[0.262s] -- Check for working CXX compiler: /usr/bin/c++ - skipped
[0.262s] -- Detecting CXX compile features
[0.263s] -- Detecting CXX compile features - done
[0.271s] [33mCMake Warning at CMakeLists.txt:4 (find_package):
[0.271s]   By not providing "Findament_cmake.cmake" in CMAKE_MODULE_PATH this project
[0.271s]   has asked CMake to find a package configuration file provided by
[0.271s]   "ament_cmake", but CMake did not find one.
[0.271s] 
[0.271s]   Could not find a package configuration file provided by "ament_cmake" with
[0.271s]   any of the following names:
[0.271s] 
[0.271s]     ament_cmakeConfig.cmake
[0.271s]     ament_cmake-config.cmake
[0.271s] 
[0.271s]   Add the installation prefix of "ament_cmake" to CMAKE_PREFIX_PATH or set
[0.271s]   "ament_cmake_DIR" to a directory containing one of the above files.  If
[0.271s]   "ament_cmake" provides a separate development package or SDK, be sure it
[0.271s]   has been installed.
[0.271s] 
[0.271s] [0m
[0.277s] [31mCMake Error at CMakeLists.txt:5 (find_package):
[0.277s]   By not providing "Findrosidl_default_generators.cmake" in CMAKE_MODULE_PATH
[0.277s]   this project has asked CMake to find a package configuration file provided
[0.277s]   by "rosidl_default_generators", but CMake did not find one.
[0.277s] 
[0.278s]   Could not find a package configuration file provided by
[0.278s]   "rosidl_default_generators" with any of the following names:
[0.278s] 
[0.278s]     rosidl_default_generatorsConfig.cmake
[0.278s]     rosidl_default_generators-config.cmake
[0.278s] 
[0.278s]   Add the installation prefix of "rosidl_default_generators" to
[0.278s]   CMAKE_PREFIX_PATH or set "rosidl_default_generators_DIR" to a directory
[0.278s]   containing one of the above files.  If "rosidl_default_generators" provides
[0.278s]   a separate development package or SDK, be sure it has been installed.
[0.278s] 
[0.278s] [0m
[0.278s] -- Configuring incomplete, errors occurred!
[0.280s] Invoked command in '/home/arael/Downloads/Mpala /mocap_ws/build/mocap4r2_msgs' returned '1': DEBUGINFOD_URLS=https://debuginfod.ubuntu.com /usr/bin/cmake /home/arael/Downloads/Mpala /mocap_ws/src/mocap_msgs -DAMENT_CMAKE_SYMLINK_INSTALL=1 -DCMAKE_INSTALL_PREFIX=/home/arael/Downloads/Mpala /mocap_ws/install/mocap4r2_msgs
