[0.040s] Invoking command in '/home/arael/Downloads/Mpala /mocap_ws/build/mocap4r2_robot_gt_msgs': CMAKE_PREFIX_PATH=${CMAKE_PREFIX_PATH}:/home/arael/Downloads/Mpala /mocap_ws/install/mocap4r2cli:/opt/ros/jazzy DEBUGINFOD_URLS=https://debuginfod.ubuntu.com /usr/bin/cmake --build /home/arael/Downloads/Mpala /mocap_ws/build/mocap4r2_robot_gt_msgs -- -j16 -l16
[0.176s] [  2%] Built target mocap4r2_robot_gt_msgs__rosidl_generator_type_description
[0.209s] [  2%] Built target ament_cmake_python_symlink_mocap4r2_robot_gt_msgs
[0.243s] [  5%] Built target mocap4r2_robot_gt_msgs__cpp
[0.260s] [ 20%] Built target mocap4r2_robot_gt_msgs__rosidl_generator_c
[0.440s] [ 29%] Built target mocap4r2_robot_gt_msgs__rosidl_typesupport_c
[0.442s] [ 38%] Built target mocap4r2_robot_gt_msgs__rosidl_typesupport_fastrtps_c
[0.443s] [ 47%] Built target mocap4r2_robot_gt_msgs__rosidl_typesupport_introspection_c
[0.445s] [ 55%] Built target mocap4r2_robot_gt_msgs__rosidl_typesupport_fastrtps_cpp
[0.464s] [ 64%] Built target mocap4r2_robot_gt_msgs__rosidl_typesupport_introspection_cpp
[0.483s] [ 73%] Built target mocap4r2_robot_gt_msgs__rosidl_typesupport_cpp
[0.542s] [ 73%] Built target mocap4r2_robot_gt_msgs
[0.602s] [ 76%] Built target mocap4r2_robot_gt_msgs__py
[0.664s] [ 82%] Built target mocap4r2_robot_gt_msgs__rosidl_generator_py
[0.739s] [ 88%] Built target mocap4r2_robot_gt_msgs_s__rosidl_typesupport_fastrtps_c
[0.745s] [ 94%] Built target mocap4r2_robot_gt_msgs_s__rosidl_typesupport_c
[0.745s] [100%] Built target mocap4r2_robot_gt_msgs_s__rosidl_typesupport_introspection_c
[0.943s] running egg_info
[0.997s] writing mocap4r2_robot_gt_msgs.egg-info/PKG-INFO
[0.997s] writing dependency_links to mocap4r2_robot_gt_msgs.egg-info/dependency_links.txt
[0.998s] writing top-level names to mocap4r2_robot_gt_msgs.egg-info/top_level.txt
[1.147s] reading manifest file 'mocap4r2_robot_gt_msgs.egg-info/SOURCES.txt'
[1.148s] writing manifest file 'mocap4r2_robot_gt_msgs.egg-info/SOURCES.txt'
[1.216s] [100%] Built target ament_cmake_python_build_mocap4r2_robot_gt_msgs_egg
[1.256s] Invoked command in '/home/arael/Downloads/Mpala /mocap_ws/build/mocap4r2_robot_gt_msgs' returned '0': CMAKE_PREFIX_PATH=${CMAKE_PREFIX_PATH}:/home/arael/Downloads/Mpala /mocap_ws/install/mocap4r2cli:/opt/ros/jazzy DEBUGINFOD_URLS=https://debuginfod.ubuntu.com /usr/bin/cmake --build /home/arael/Downloads/Mpala /mocap_ws/build/mocap4r2_robot_gt_msgs -- -j16 -l16
[1.257s] Invoking command in '/home/arael/Downloads/Mpala /mocap_ws/build/mocap4r2_robot_gt_msgs': CMAKE_PREFIX_PATH=${CMAKE_PREFIX_PATH}:/home/arael/Downloads/Mpala /mocap_ws/install/mocap4r2cli:/opt/ros/jazzy DEBUGINFOD_URLS=https://debuginfod.ubuntu.com /usr/bin/cmake --install /home/arael/Downloads/Mpala /mocap_ws/build/mocap4r2_robot_gt_msgs
[1.281s] -- Install configuration: ""
[1.283s] -- Execute custom install script
[1.284s] -- Up-to-date symlink: /home/arael/Downloads/Mpala /mocap_ws/install/mocap4r2_robot_gt_msgs/share/ament_index/resource_index/rosidl_interfaces/mocap4r2_robot_gt_msgs
[1.285s] -- Up-to-date symlink: /home/arael/Downloads/Mpala /mocap_ws/install/mocap4r2_robot_gt_msgs/share/mocap4r2_robot_gt_msgs/srv/SetGTOrigin.json
[1.288s] -- Up-to-date symlink: /home/arael/Downloads/Mpala /mocap_ws/install/mocap4r2_robot_gt_msgs/include/mocap4r2_robot_gt_msgs/mocap4r2_robot_gt_msgs/msg/rosidl_generator_c__visibility_control.h
[1.289s] -- Up-to-date symlink: /home/arael/Downloads/Mpala /mocap_ws/install/mocap4r2_robot_gt_msgs/include/mocap4r2_robot_gt_msgs/mocap4r2_robot_gt_msgs/srv/detail/set_gt_origin__functions.h
[1.289s] -- Up-to-date symlink: /home/arael/Downloads/Mpala /mocap_ws/install/mocap4r2_robot_gt_msgs/include/mocap4r2_robot_gt_msgs/mocap4r2_robot_gt_msgs/srv/detail/set_gt_origin__struct.h
[1.290s] -- Up-to-date symlink: /home/arael/Downloads/Mpala /mocap_ws/install/mocap4r2_robot_gt_msgs/include/mocap4r2_robot_gt_msgs/mocap4r2_robot_gt_msgs/srv/detail/set_gt_origin__type_support.h
[1.291s] -- Up-to-date symlink: /home/arael/Downloads/Mpala /mocap_ws/install/mocap4r2_robot_gt_msgs/include/mocap4r2_robot_gt_msgs/mocap4r2_robot_gt_msgs/srv/set_gt_origin.h
[1.291s] -- Up-to-date symlink: /home/arael/Downloads/Mpala /mocap_ws/install/mocap4r2_robot_gt_msgs/share/mocap4r2_robot_gt_msgs/environment/library_path.sh
[1.292s] -- Up-to-date symlink: /home/arael/Downloads/Mpala /mocap_ws/install/mocap4r2_robot_gt_msgs/share/mocap4r2_robot_gt_msgs/environment/library_path.dsv
[1.293s] -- Up-to-date symlink: /home/arael/Downloads/Mpala /mocap_ws/install/mocap4r2_robot_gt_msgs/include/mocap4r2_robot_gt_msgs/mocap4r2_robot_gt_msgs/msg/rosidl_typesupport_fastrtps_c__visibility_control.h
[1.296s] -- Up-to-date symlink: /home/arael/Downloads/Mpala /mocap_ws/install/mocap4r2_robot_gt_msgs/include/mocap4r2_robot_gt_msgs/mocap4r2_robot_gt_msgs/srv/detail/set_gt_origin__rosidl_typesupport_fastrtps_c.h
[1.296s] -- Up-to-date symlink: /home/arael/Downloads/Mpala /mocap_ws/install/mocap4r2_robot_gt_msgs/include/mocap4r2_robot_gt_msgs/mocap4r2_robot_gt_msgs/msg/rosidl_typesupport_introspection_c__visibility_control.h
[1.297s] -- Up-to-date symlink: /home/arael/Downloads/Mpala /mocap_ws/install/mocap4r2_robot_gt_msgs/include/mocap4r2_robot_gt_msgs/mocap4r2_robot_gt_msgs/srv/detail/set_gt_origin__rosidl_typesupport_introspection_c.h
[1.297s] -- Up-to-date symlink: /home/arael/Downloads/Mpala /mocap_ws/install/mocap4r2_robot_gt_msgs/include/mocap4r2_robot_gt_msgs/mocap4r2_robot_gt_msgs/msg/rosidl_generator_cpp__visibility_control.hpp
[1.299s] -- Up-to-date symlink: /home/arael/Downloads/Mpala /mocap_ws/install/mocap4r2_robot_gt_msgs/include/mocap4r2_robot_gt_msgs/mocap4r2_robot_gt_msgs/srv/detail/set_gt_origin__builder.hpp
[1.300s] -- Up-to-date symlink: /home/arael/Downloads/Mpala /mocap_ws/install/mocap4r2_robot_gt_msgs/include/mocap4r2_robot_gt_msgs/mocap4r2_robot_gt_msgs/srv/detail/set_gt_origin__struct.hpp
[1.300s] -- Up-to-date symlink: /home/arael/Downloads/Mpala /mocap_ws/install/mocap4r2_robot_gt_msgs/include/mocap4r2_robot_gt_msgs/mocap4r2_robot_gt_msgs/srv/detail/set_gt_origin__traits.hpp
[1.300s] -- Up-to-date symlink: /home/arael/Downloads/Mpala /mocap_ws/install/mocap4r2_robot_gt_msgs/include/mocap4r2_robot_gt_msgs/mocap4r2_robot_gt_msgs/srv/detail/set_gt_origin__type_support.hpp
[1.301s] -- Up-to-date symlink: /home/arael/Downloads/Mpala /mocap_ws/install/mocap4r2_robot_gt_msgs/include/mocap4r2_robot_gt_msgs/mocap4r2_robot_gt_msgs/srv/set_gt_origin.hpp
[1.302s] -- Up-to-date symlink: /home/arael/Downloads/Mpala /mocap_ws/install/mocap4r2_robot_gt_msgs/include/mocap4r2_robot_gt_msgs/mocap4r2_robot_gt_msgs/msg/rosidl_typesupport_fastrtps_cpp__visibility_control.h
[1.302s] -- Up-to-date symlink: /home/arael/Downloads/Mpala /mocap_ws/install/mocap4r2_robot_gt_msgs/include/mocap4r2_robot_gt_msgs/mocap4r2_robot_gt_msgs/srv/detail/set_gt_origin__rosidl_typesupport_fastrtps_cpp.hpp
[1.303s] -- Up-to-date symlink: /home/arael/Downloads/Mpala /mocap_ws/install/mocap4r2_robot_gt_msgs/include/mocap4r2_robot_gt_msgs/mocap4r2_robot_gt_msgs/srv/detail/set_gt_origin__rosidl_typesupport_introspection_cpp.hpp
[1.304s] -- Up-to-date symlink: /home/arael/Downloads/Mpala /mocap_ws/install/mocap4r2_robot_gt_msgs/share/mocap4r2_robot_gt_msgs/environment/pythonpath.sh
[1.304s] -- Up-to-date symlink: /home/arael/Downloads/Mpala /mocap_ws/install/mocap4r2_robot_gt_msgs/share/mocap4r2_robot_gt_msgs/environment/pythonpath.dsv
[1.305s] -- Up-to-date symlink: /home/arael/Downloads/Mpala /mocap_ws/install/mocap4r2_robot_gt_msgs/lib/python3.12/site-packages/mocap4r2_robot_gt_msgs-0.0.7-py3.12.egg-info/PKG-INFO
[1.305s] -- Up-to-date symlink: /home/arael/Downloads/Mpala /mocap_ws/install/mocap4r2_robot_gt_msgs/lib/python3.12/site-packages/mocap4r2_robot_gt_msgs-0.0.7-py3.12.egg-info/SOURCES.txt
[1.306s] -- Up-to-date symlink: /home/arael/Downloads/Mpala /mocap_ws/install/mocap4r2_robot_gt_msgs/lib/python3.12/site-packages/mocap4r2_robot_gt_msgs-0.0.7-py3.12.egg-info/dependency_links.txt
[1.306s] -- Up-to-date symlink: /home/arael/Downloads/Mpala /mocap_ws/install/mocap4r2_robot_gt_msgs/lib/python3.12/site-packages/mocap4r2_robot_gt_msgs-0.0.7-py3.12.egg-info/top_level.txt
[1.307s] -- Up-to-date symlink: /home/arael/Downloads/Mpala /mocap_ws/install/mocap4r2_robot_gt_msgs/lib/python3.12/site-packages/mocap4r2_robot_gt_msgs/__init__.py
[1.307s] -- Up-to-date symlink: /home/arael/Downloads/Mpala /mocap_ws/install/mocap4r2_robot_gt_msgs/lib/python3.12/site-packages/mocap4r2_robot_gt_msgs/_mocap4r2_robot_gt_msgs_s.ep.rosidl_typesupport_c.c
[1.308s] -- Up-to-date symlink: /home/arael/Downloads/Mpala /mocap_ws/install/mocap4r2_robot_gt_msgs/lib/python3.12/site-packages/mocap4r2_robot_gt_msgs/_mocap4r2_robot_gt_msgs_s.ep.rosidl_typesupport_fastrtps_c.c
[1.308s] -- Up-to-date symlink: /home/arael/Downloads/Mpala /mocap_ws/install/mocap4r2_robot_gt_msgs/lib/python3.12/site-packages/mocap4r2_robot_gt_msgs/_mocap4r2_robot_gt_msgs_s.ep.rosidl_typesupport_introspection_c.c
[1.308s] -- Up-to-date symlink: /home/arael/Downloads/Mpala /mocap_ws/install/mocap4r2_robot_gt_msgs/lib/python3.12/site-packages/mocap4r2_robot_gt_msgs/mocap4r2_robot_gt_msgs_s__rosidl_typesupport_c.so
[1.308s] -- Up-to-date symlink: /home/arael/Downloads/Mpala /mocap_ws/install/mocap4r2_robot_gt_msgs/lib/python3.12/site-packages/mocap4r2_robot_gt_msgs/mocap4r2_robot_gt_msgs_s__rosidl_typesupport_fastrtps_c.so
[1.309s] -- Up-to-date symlink: /home/arael/Downloads/Mpala /mocap_ws/install/mocap4r2_robot_gt_msgs/lib/python3.12/site-packages/mocap4r2_robot_gt_msgs/mocap4r2_robot_gt_msgs_s__rosidl_typesupport_introspection_c.so
[1.309s] -- Up-to-date symlink: /home/arael/Downloads/Mpala /mocap_ws/install/mocap4r2_robot_gt_msgs/lib/python3.12/site-packages/mocap4r2_robot_gt_msgs/srv/__init__.py
[1.309s] -- Up-to-date symlink: /home/arael/Downloads/Mpala /mocap_ws/install/mocap4r2_robot_gt_msgs/lib/python3.12/site-packages/mocap4r2_robot_gt_msgs/srv/_set_gt_origin.py
[1.309s] -- Up-to-date symlink: /home/arael/Downloads/Mpala /mocap_ws/install/mocap4r2_robot_gt_msgs/lib/python3.12/site-packages/mocap4r2_robot_gt_msgs/srv/_set_gt_origin_s.c
[1.309s] -- Up-to-date symlink: /home/arael/Downloads/Mpala /mocap_ws/install/mocap4r2_robot_gt_msgs/lib/python3.12/site-packages/mocap4r2_robot_gt_msgs/mocap4r2_robot_gt_msgs_s__rosidl_typesupport_fastrtps_c.so
[1.309s] -- Up-to-date symlink: /home/arael/Downloads/Mpala /mocap_ws/install/mocap4r2_robot_gt_msgs/lib/python3.12/site-packages/mocap4r2_robot_gt_msgs/mocap4r2_robot_gt_msgs_s__rosidl_typesupport_introspection_c.so
[1.311s] -- Up-to-date symlink: /home/arael/Downloads/Mpala /mocap_ws/install/mocap4r2_robot_gt_msgs/lib/python3.12/site-packages/mocap4r2_robot_gt_msgs/mocap4r2_robot_gt_msgs_s__rosidl_typesupport_c.so
[1.311s] -- Up-to-date symlink: /home/arael/Downloads/Mpala /mocap_ws/install/mocap4r2_robot_gt_msgs/share/mocap4r2_robot_gt_msgs/srv/SetGTOrigin.idl
[1.311s] -- Up-to-date symlink: /home/arael/Downloads/Mpala /mocap_ws/install/mocap4r2_robot_gt_msgs/share/mocap4r2_robot_gt_msgs/srv/SetGTOrigin.srv
[1.312s] -- Up-to-date symlink: /home/arael/Downloads/Mpala /mocap_ws/install/mocap4r2_robot_gt_msgs/share/ament_index/resource_index/package_run_dependencies/mocap4r2_robot_gt_msgs
[1.312s] -- Up-to-date symlink: /home/arael/Downloads/Mpala /mocap_ws/install/mocap4r2_robot_gt_msgs/share/ament_index/resource_index/parent_prefix_path/mocap4r2_robot_gt_msgs
[1.312s] -- Up-to-date symlink: /home/arael/Downloads/Mpala /mocap_ws/install/mocap4r2_robot_gt_msgs/share/mocap4r2_robot_gt_msgs/environment/ament_prefix_path.sh
[1.313s] -- Up-to-date symlink: /home/arael/Downloads/Mpala /mocap_ws/install/mocap4r2_robot_gt_msgs/share/mocap4r2_robot_gt_msgs/environment/ament_prefix_path.dsv
[1.313s] -- Up-to-date symlink: /home/arael/Downloads/Mpala /mocap_ws/install/mocap4r2_robot_gt_msgs/share/mocap4r2_robot_gt_msgs/environment/path.sh
[1.313s] -- Up-to-date symlink: /home/arael/Downloads/Mpala /mocap_ws/install/mocap4r2_robot_gt_msgs/share/mocap4r2_robot_gt_msgs/environment/path.dsv
[1.313s] -- Up-to-date symlink: /home/arael/Downloads/Mpala /mocap_ws/install/mocap4r2_robot_gt_msgs/share/mocap4r2_robot_gt_msgs/local_setup.bash
[1.314s] -- Up-to-date symlink: /home/arael/Downloads/Mpala /mocap_ws/install/mocap4r2_robot_gt_msgs/share/mocap4r2_robot_gt_msgs/local_setup.sh
[1.314s] -- Up-to-date symlink: /home/arael/Downloads/Mpala /mocap_ws/install/mocap4r2_robot_gt_msgs/share/mocap4r2_robot_gt_msgs/local_setup.zsh
[1.314s] -- Up-to-date symlink: /home/arael/Downloads/Mpala /mocap_ws/install/mocap4r2_robot_gt_msgs/share/mocap4r2_robot_gt_msgs/local_setup.dsv
[1.314s] -- Symlinking: /home/arael/Downloads/Mpala /mocap_ws/install/mocap4r2_robot_gt_msgs/share/mocap4r2_robot_gt_msgs/package.dsv
[1.322s] -- Up-to-date symlink: /home/arael/Downloads/Mpala /mocap_ws/install/mocap4r2_robot_gt_msgs/share/ament_index/resource_index/packages/mocap4r2_robot_gt_msgs
[1.323s] -- Up-to-date symlink: /home/arael/Downloads/Mpala /mocap_ws/install/mocap4r2_robot_gt_msgs/share/mocap4r2_robot_gt_msgs/cmake/rosidl_cmake-extras.cmake
[1.323s] -- Up-to-date symlink: /home/arael/Downloads/Mpala /mocap_ws/install/mocap4r2_robot_gt_msgs/share/mocap4r2_robot_gt_msgs/cmake/ament_cmake_export_dependencies-extras.cmake
[1.325s] -- Up-to-date symlink: /home/arael/Downloads/Mpala /mocap_ws/install/mocap4r2_robot_gt_msgs/share/mocap4r2_robot_gt_msgs/cmake/ament_cmake_export_include_directories-extras.cmake
[1.325s] -- Up-to-date symlink: /home/arael/Downloads/Mpala /mocap_ws/install/mocap4r2_robot_gt_msgs/share/mocap4r2_robot_gt_msgs/cmake/ament_cmake_export_libraries-extras.cmake
[1.326s] -- Up-to-date symlink: /home/arael/Downloads/Mpala /mocap_ws/install/mocap4r2_robot_gt_msgs/share/mocap4r2_robot_gt_msgs/cmake/ament_cmake_export_targets-extras.cmake
[1.327s] -- Up-to-date symlink: /home/arael/Downloads/Mpala /mocap_ws/install/mocap4r2_robot_gt_msgs/share/mocap4r2_robot_gt_msgs/cmake/rosidl_cmake_export_typesupport_targets-extras.cmake
[1.328s] -- Up-to-date symlink: /home/arael/Downloads/Mpala /mocap_ws/install/mocap4r2_robot_gt_msgs/share/mocap4r2_robot_gt_msgs/cmake/rosidl_cmake_export_typesupport_libraries-extras.cmake
[1.328s] -- Up-to-date symlink: /home/arael/Downloads/Mpala /mocap_ws/install/mocap4r2_robot_gt_msgs/share/mocap4r2_robot_gt_msgs/cmake/mocap4r2_robot_gt_msgsConfig.cmake
[1.329s] -- Up-to-date symlink: /home/arael/Downloads/Mpala /mocap_ws/install/mocap4r2_robot_gt_msgs/share/mocap4r2_robot_gt_msgs/cmake/mocap4r2_robot_gt_msgsConfig-version.cmake
[1.329s] -- Up-to-date symlink: /home/arael/Downloads/Mpala /mocap_ws/install/mocap4r2_robot_gt_msgs/share/mocap4r2_robot_gt_msgs/package.xml
[1.330s] -- Up-to-date: /home/arael/Downloads/Mpala /mocap_ws/install/mocap4r2_robot_gt_msgs/lib/libmocap4r2_robot_gt_msgs__rosidl_generator_c.so
[1.331s] -- Up-to-date: /home/arael/Downloads/Mpala /mocap_ws/install/mocap4r2_robot_gt_msgs/lib/libmocap4r2_robot_gt_msgs__rosidl_typesupport_fastrtps_c.so
[1.333s] -- Up-to-date: /home/arael/Downloads/Mpala /mocap_ws/install/mocap4r2_robot_gt_msgs/lib/libmocap4r2_robot_gt_msgs__rosidl_typesupport_introspection_c.so
[1.333s] -- Up-to-date: /home/arael/Downloads/Mpala /mocap_ws/install/mocap4r2_robot_gt_msgs/lib/libmocap4r2_robot_gt_msgs__rosidl_typesupport_c.so
[1.336s] -- Up-to-date: /home/arael/Downloads/Mpala /mocap_ws/install/mocap4r2_robot_gt_msgs/lib/libmocap4r2_robot_gt_msgs__rosidl_typesupport_fastrtps_cpp.so
[1.337s] -- Up-to-date: /home/arael/Downloads/Mpala /mocap_ws/install/mocap4r2_robot_gt_msgs/lib/libmocap4r2_robot_gt_msgs__rosidl_typesupport_introspection_cpp.so
[1.338s] -- Up-to-date: /home/arael/Downloads/Mpala /mocap_ws/install/mocap4r2_robot_gt_msgs/lib/libmocap4r2_robot_gt_msgs__rosidl_typesupport_cpp.so
[1.420s] Listing '/home/arael/Downloads/Mpala /mocap_ws/install/mocap4r2_robot_gt_msgs/lib/python3.12/site-packages/mocap4r2_robot_gt_msgs'...
[1.420s] Listing '/home/arael/Downloads/Mpala /mocap_ws/install/mocap4r2_robot_gt_msgs/lib/python3.12/site-packages/mocap4r2_robot_gt_msgs/srv'...
[1.431s] -- Up-to-date: /home/arael/Downloads/Mpala /mocap_ws/install/mocap4r2_robot_gt_msgs/lib/libmocap4r2_robot_gt_msgs__rosidl_generator_py.so
[1.431s] -- Up-to-date: /home/arael/Downloads/Mpala /mocap_ws/install/mocap4r2_robot_gt_msgs/share/mocap4r2_robot_gt_msgs/cmake/export_mocap4r2_robot_gt_msgs__rosidl_generator_cExport.cmake
[1.432s] -- Up-to-date: /home/arael/Downloads/Mpala /mocap_ws/install/mocap4r2_robot_gt_msgs/share/mocap4r2_robot_gt_msgs/cmake/export_mocap4r2_robot_gt_msgs__rosidl_generator_cExport-noconfig.cmake
[1.432s] -- Up-to-date: /home/arael/Downloads/Mpala /mocap_ws/install/mocap4r2_robot_gt_msgs/share/mocap4r2_robot_gt_msgs/cmake/export_mocap4r2_robot_gt_msgs__rosidl_typesupport_fastrtps_cExport.cmake
[1.433s] -- Up-to-date: /home/arael/Downloads/Mpala /mocap_ws/install/mocap4r2_robot_gt_msgs/share/mocap4r2_robot_gt_msgs/cmake/export_mocap4r2_robot_gt_msgs__rosidl_typesupport_fastrtps_cExport-noconfig.cmake
[1.433s] -- Up-to-date: /home/arael/Downloads/Mpala /mocap_ws/install/mocap4r2_robot_gt_msgs/share/mocap4r2_robot_gt_msgs/cmake/mocap4r2_robot_gt_msgs__rosidl_typesupport_introspection_cExport.cmake
[1.433s] -- Up-to-date: /home/arael/Downloads/Mpala /mocap_ws/install/mocap4r2_robot_gt_msgs/share/mocap4r2_robot_gt_msgs/cmake/mocap4r2_robot_gt_msgs__rosidl_typesupport_introspection_cExport-noconfig.cmake
[1.434s] -- Up-to-date: /home/arael/Downloads/Mpala /mocap_ws/install/mocap4r2_robot_gt_msgs/share/mocap4r2_robot_gt_msgs/cmake/mocap4r2_robot_gt_msgs__rosidl_typesupport_cExport.cmake
[1.434s] -- Up-to-date: /home/arael/Downloads/Mpala /mocap_ws/install/mocap4r2_robot_gt_msgs/share/mocap4r2_robot_gt_msgs/cmake/mocap4r2_robot_gt_msgs__rosidl_typesupport_cExport-noconfig.cmake
[1.434s] -- Up-to-date: /home/arael/Downloads/Mpala /mocap_ws/install/mocap4r2_robot_gt_msgs/share/mocap4r2_robot_gt_msgs/cmake/export_mocap4r2_robot_gt_msgs__rosidl_generator_cppExport.cmake
[1.435s] -- Up-to-date: /home/arael/Downloads/Mpala /mocap_ws/install/mocap4r2_robot_gt_msgs/share/mocap4r2_robot_gt_msgs/cmake/export_mocap4r2_robot_gt_msgs__rosidl_typesupport_fastrtps_cppExport.cmake
[1.435s] -- Up-to-date: /home/arael/Downloads/Mpala /mocap_ws/install/mocap4r2_robot_gt_msgs/share/mocap4r2_robot_gt_msgs/cmake/export_mocap4r2_robot_gt_msgs__rosidl_typesupport_fastrtps_cppExport-noconfig.cmake
[1.435s] -- Up-to-date: /home/arael/Downloads/Mpala /mocap_ws/install/mocap4r2_robot_gt_msgs/share/mocap4r2_robot_gt_msgs/cmake/mocap4r2_robot_gt_msgs__rosidl_typesupport_introspection_cppExport.cmake
[1.435s] -- Up-to-date: /home/arael/Downloads/Mpala /mocap_ws/install/mocap4r2_robot_gt_msgs/share/mocap4r2_robot_gt_msgs/cmake/mocap4r2_robot_gt_msgs__rosidl_typesupport_introspection_cppExport-noconfig.cmake
[1.436s] -- Up-to-date: /home/arael/Downloads/Mpala /mocap_ws/install/mocap4r2_robot_gt_msgs/share/mocap4r2_robot_gt_msgs/cmake/mocap4r2_robot_gt_msgs__rosidl_typesupport_cppExport.cmake
[1.436s] -- Up-to-date: /home/arael/Downloads/Mpala /mocap_ws/install/mocap4r2_robot_gt_msgs/share/mocap4r2_robot_gt_msgs/cmake/mocap4r2_robot_gt_msgs__rosidl_typesupport_cppExport-noconfig.cmake
[1.436s] -- Up-to-date: /home/arael/Downloads/Mpala /mocap_ws/install/mocap4r2_robot_gt_msgs/share/mocap4r2_robot_gt_msgs/cmake/export_mocap4r2_robot_gt_msgs__rosidl_generator_pyExport.cmake
[1.436s] -- Up-to-date: /home/arael/Downloads/Mpala /mocap_ws/install/mocap4r2_robot_gt_msgs/share/mocap4r2_robot_gt_msgs/cmake/export_mocap4r2_robot_gt_msgs__rosidl_generator_pyExport-noconfig.cmake
[1.517s] Invoked command in '/home/arael/Downloads/Mpala /mocap_ws/build/mocap4r2_robot_gt_msgs' returned '0': CMAKE_PREFIX_PATH=${CMAKE_PREFIX_PATH}:/home/arael/Downloads/Mpala /mocap_ws/install/mocap4r2cli:/opt/ros/jazzy DEBUGINFOD_URLS=https://debuginfod.ubuntu.com /usr/bin/cmake --install /home/arael/Downloads/Mpala /mocap_ws/build/mocap4r2_robot_gt_msgs
