[0.008s] Invoking command in '/home/arael/Downloads/Mpala /mocap_ws/build/mocap4r2_marker_viz_srvs': DEBUGINFOD_URLS=https://debuginfod.ubuntu.com /usr/bin/cmake /home/arael/Downloads/Mpala /mocap_ws/src/mocap4r2/mocap4r2_marker_viz/mocap4r2_marker_viz_srvs -DAMENT_CMAKE_SYMLINK_INSTALL=1 -DCMAKE_INSTALL_PREFIX=/home/arael/Downloads/Mpala /mocap_ws/install/mocap4r2_marker_viz_srvs
[0.046s] -- The C compiler identification is GNU 13.3.0
[0.089s] -- The CXX compiler identification is GNU 13.3.0
[0.102s] -- Detecting C compiler ABI info
[0.166s] -- Detecting C compiler ABI info - done
[0.172s] -- Check for working C compiler: /usr/bin/cc - skipped
[0.172s] -- Detecting C compile features
[0.173s] -- Detecting C compile features - done
[0.180s] -- Detecting CXX compiler ABI info
[0.253s] -- Detecting CXX compiler ABI info - done
[0.261s] -- Check for working CXX compiler: /usr/bin/c++ - skipped
[0.261s] -- Detecting CXX compile features
[0.262s] -- Detecting CXX compile features - done
[0.269s] [31mCMake Error at CMakeLists.txt:13 (find_package):
[0.269s]   By not providing "Findament_cmake.cmake" in CMAKE_MODULE_PATH this project
[0.269s]   has asked CMake to find a package configuration file provided by
[0.269s]   "ament_cmake", but CMake did not find one.
[0.269s] 
[0.269s]   Could not find a package configuration file provided by "ament_cmake" with
[0.269s]   any of the following names:
[0.269s] 
[0.269s]     ament_cmakeConfig.cmake
[0.269s]     ament_cmake-config.cmake
[0.269s] 
[0.269s]   Add the installation prefix of "ament_cmake" to CMAKE_PREFIX_PATH or set
[0.269s]   "ament_cmake_DIR" to a directory containing one of the above files.  If
[0.269s]   "ament_cmake" provides a separate development package or SDK, be sure it
[0.270s]   has been installed.
[0.270s] 
[0.270s] [0m
[0.270s] -- Configuring incomplete, errors occurred!
[0.272s] Invoked command in '/home/arael/Downloads/Mpala /mocap_ws/build/mocap4r2_marker_viz_srvs' returned '1': DEBUGINFOD_URLS=https://debuginfod.ubuntu.com /usr/bin/cmake /home/arael/Downloads/Mpala /mocap_ws/src/mocap4r2/mocap4r2_marker_viz/mocap4r2_marker_viz_srvs -DAMENT_CMAKE_SYMLINK_INSTALL=1 -DCMAKE_INSTALL_PREFIX=/home/arael/Downloads/Mpala /mocap_ws/install/mocap4r2_marker_viz_srvs
