[0.030s] Invoking command in '/home/arael/Downloads/Mpala /mocap_ws/src/build/mocap4r2_marker_viz_srvs': CMAKE_PREFIX_PATH=${CMAKE_PREFIX_PATH}:/opt/ros/jazzy DEBUGINFOD_URLS=https://debuginfod.ubuntu.com /usr/bin/cmake /home/arael/Downloads/Mpala /mocap_ws/src/mocap4r2/mocap4r2_marker_viz/mocap4r2_marker_viz_srvs -DAMENT_CMAKE_SYMLINK_INSTALL=1 -DCMAKE_INSTALL_PREFIX=/home/arael/Downloads/Mpala /mocap_ws/src/install/mocap4r2_marker_viz_srvs
[0.158s] -- The C compiler identification is GNU 13.3.0
[0.296s] -- The CXX compiler identification is GNU 13.3.0
[0.336s] -- Detecting C compiler ABI info
[0.565s] -- Detecting C compiler ABI info - done
[0.587s] -- Check for working C compiler: /usr/bin/cc - skipped
[0.588s] -- Detecting C compile features
[0.589s] -- Detecting C compile features - done
[0.612s] -- Detecting CXX compiler ABI info
[0.862s] -- Detecting CXX compiler ABI info - done
[0.886s] -- Check for working CXX compiler: /usr/bin/c++ - skipped
[0.886s] -- Detecting CXX compile features
[0.887s] -- Detecting CXX compile features - done
[0.893s] -- Found ament_cmake: 2.5.3 (/opt/ros/jazzy/share/ament_cmake/cmake)
[1.247s] -- Found Python3: /usr/bin/python3 (found version "3.12.3") found components: Interpreter 
[1.432s] -- Override CMake install command with custom implementation using symlinks instead of copying resources
[1.501s] -- Found rosidl_default_generators: 1.6.0 (/opt/ros/jazzy/share/rosidl_default_generators/cmake)
[1.514s] -- Using all available rosidl_typesupport_c: rosidl_typesupport_fastrtps_c;rosidl_typesupport_introspection_c
[1.634s] -- Using all available rosidl_typesupport_cpp: rosidl_typesupport_fastrtps_cpp;rosidl_typesupport_introspection_cpp
[1.734s] -- Found rosidl_adapter: 4.6.5 (/opt/ros/jazzy/share/rosidl_adapter/cmake)
[1.742s] -- Found std_msgs: 5.3.5 (/opt/ros/jazzy/share/std_msgs/cmake)
[3.311s] -- Found ament_cmake_cppcheck: 0.17.1 (/opt/ros/jazzy/share/ament_cmake_cppcheck/cmake)
[3.317s] -- Found ament_cmake_cpplint: 0.17.1 (/opt/ros/jazzy/share/ament_cmake_cpplint/cmake)
[3.323s] -- Found ament_cmake_uncrustify: 0.17.1 (/opt/ros/jazzy/share/ament_cmake_uncrustify/cmake)
[3.329s] -- Found ament_cmake_ros: 0.12.0 (/opt/ros/jazzy/share/ament_cmake_ros/cmake)
[4.424s] -- Using all available rosidl_typesupport_c: rosidl_typesupport_fastrtps_c;rosidl_typesupport_introspection_c
[5.867s] -- Using all available rosidl_typesupport_cpp: rosidl_typesupport_fastrtps_cpp;rosidl_typesupport_introspection_cpp
[5.876s] -- Found python_cmake_module: 0.11.1 (/opt/ros/jazzy/share/python_cmake_module/cmake)
[6.179s] -- Found PythonExtra: /usr/bin/python3  
[6.963s] -- Found Python3: /usr/bin/python3 (found version "3.12.3") found components: Interpreter Development NumPy Development.Module Development.Embed 
[7.037s] -- Found ament_cmake_flake8: 0.17.1 (/opt/ros/jazzy/share/ament_cmake_flake8/cmake)
[7.041s] -- Found ament_cmake_pep257: 0.17.1 (/opt/ros/jazzy/share/ament_cmake_pep257/cmake)
[7.057s] -- Configuring done (7.0s)
[7.119s] -- Generating done (0.0s)
[7.135s] -- Build files have been written to: /home/arael/Downloads/Mpala /mocap_ws/src/build/mocap4r2_marker_viz_srvs
[7.152s] Invoked command in '/home/arael/Downloads/Mpala /mocap_ws/src/build/mocap4r2_marker_viz_srvs' returned '0': CMAKE_PREFIX_PATH=${CMAKE_PREFIX_PATH}:/opt/ros/jazzy DEBUGINFOD_URLS=https://debuginfod.ubuntu.com /usr/bin/cmake /home/arael/Downloads/Mpala /mocap_ws/src/mocap4r2/mocap4r2_marker_viz/mocap4r2_marker_viz_srvs -DAMENT_CMAKE_SYMLINK_INSTALL=1 -DCMAKE_INSTALL_PREFIX=/home/arael/Downloads/Mpala /mocap_ws/src/install/mocap4r2_marker_viz_srvs
[7.153s] Invoking command in '/home/arael/Downloads/Mpala /mocap_ws/src/build/mocap4r2_marker_viz_srvs': CMAKE_PREFIX_PATH=${CMAKE_PREFIX_PATH}:/opt/ros/jazzy DEBUGINFOD_URLS=https://debuginfod.ubuntu.com /usr/bin/cmake --build /home/arael/Downloads/Mpala /mocap_ws/src/build/mocap4r2_marker_viz_srvs -- -j16 -l16
[7.231s] [  2%] [34m[1mGenerating type hashes for ROS interfaces[0m
[7.243s] [  2%] Built target ament_cmake_python_symlink_mocap4r2_marker_viz_srvs
[7.488s] [  2%] Built target mocap4r2_marker_viz_srvs__rosidl_generator_type_description
[7.502s] [  4%] [34m[1mGenerating C code for ROS interfaces[0m
[7.514s] running egg_info
[7.515s] creating mocap4r2_marker_viz_srvs.egg-info
[7.523s] [  6%] [34m[1mGenerating C++ code for ROS interfaces[0m
[7.538s] writing mocap4r2_marker_viz_srvs.egg-info/PKG-INFO
[7.538s] writing dependency_links to mocap4r2_marker_viz_srvs.egg-info/dependency_links.txt
[7.538s] writing top-level names to mocap4r2_marker_viz_srvs.egg-info/top_level.txt
[7.538s] writing manifest file 'mocap4r2_marker_viz_srvs.egg-info/SOURCES.txt'
[7.604s] reading manifest file 'mocap4r2_marker_viz_srvs.egg-info/SOURCES.txt'
[7.604s] writing manifest file 'mocap4r2_marker_viz_srvs.egg-info/SOURCES.txt'
[7.643s] [  6%] Built target ament_cmake_python_build_mocap4r2_marker_viz_srvs_egg
[7.919s] [  9%] [32mBuilding C object CMakeFiles/mocap4r2_marker_viz_srvs__rosidl_generator_c.dir/rosidl_generator_c/mocap4r2_marker_viz_srvs/srv/detail/reset_marker_color__description.c.o[0m
[7.920s] [ 18%] [32mBuilding C object CMakeFiles/mocap4r2_marker_viz_srvs__rosidl_generator_c.dir/rosidl_generator_c/mocap4r2_marker_viz_srvs/srv/detail/set_marker_color__description.c.o[0m
[7.920s] [ 18%] [32mBuilding C object CMakeFiles/mocap4r2_marker_viz_srvs__rosidl_generator_c.dir/rosidl_generator_c/mocap4r2_marker_viz_srvs/srv/detail/set_marker_color__functions.c.o[0m
[7.920s] [ 18%] [32mBuilding C object CMakeFiles/mocap4r2_marker_viz_srvs__rosidl_generator_c.dir/rosidl_generator_c/mocap4r2_marker_viz_srvs/srv/detail/set_marker_color__type_support.c.o[0m
[7.920s] [ 18%] [32mBuilding C object CMakeFiles/mocap4r2_marker_viz_srvs__rosidl_generator_c.dir/rosidl_generator_c/mocap4r2_marker_viz_srvs/srv/detail/reset_marker_color__functions.c.o[0m
[7.920s] [ 20%] [32mBuilding C object CMakeFiles/mocap4r2_marker_viz_srvs__rosidl_generator_c.dir/rosidl_generator_c/mocap4r2_marker_viz_srvs/srv/detail/reset_marker_color__type_support.c.o[0m
[8.007s] [ 20%] Built target mocap4r2_marker_viz_srvs__cpp
[8.021s] [ 22%] [32m[1mLinking C shared library libmocap4r2_marker_viz_srvs__rosidl_generator_c.so[0m
[8.064s] [ 22%] Built target mocap4r2_marker_viz_srvs__rosidl_generator_c
[8.074s] [ 25%] [34m[1mGenerating C type support dispatch for ROS interfaces[0m
[8.075s] [ 31%] [34m[1mGenerating C++ type support dispatch for ROS interfaces[0m
[8.075s] [ 31%] [34m[1mGenerating C introspection for ROS interfaces[0m
[8.076s] [ 31%] [34m[1mGenerating C type support for eProsima Fast-RTPS[0m
[8.076s] [ 34%] [34m[1mGenerating C++ type support for eProsima Fast-RTPS[0m
[8.078s] [ 36%] [34m[1mGenerating C++ introspection for ROS interfaces[0m
[8.541s] [ 38%] [32mBuilding CXX object CMakeFiles/mocap4r2_marker_viz_srvs__rosidl_typesupport_cpp.dir/rosidl_typesupport_cpp/mocap4r2_marker_viz_srvs/srv/set_marker_color__type_support.cpp.o[0m
[8.547s] [ 40%] [32mBuilding CXX object CMakeFiles/mocap4r2_marker_viz_srvs__rosidl_typesupport_cpp.dir/rosidl_typesupport_cpp/mocap4r2_marker_viz_srvs/srv/reset_marker_color__type_support.cpp.o[0m
[8.583s] [ 43%] [32mBuilding CXX object CMakeFiles/mocap4r2_marker_viz_srvs__rosidl_typesupport_c.dir/rosidl_typesupport_c/mocap4r2_marker_viz_srvs/srv/reset_marker_color__type_support.cpp.o[0m
[8.591s] [ 45%] [32mBuilding CXX object CMakeFiles/mocap4r2_marker_viz_srvs__rosidl_typesupport_c.dir/rosidl_typesupport_c/mocap4r2_marker_viz_srvs/srv/set_marker_color__type_support.cpp.o[0m
[8.612s] [ 47%] [32mBuilding CXX object CMakeFiles/mocap4r2_marker_viz_srvs__rosidl_typesupport_introspection_cpp.dir/rosidl_typesupport_introspection_cpp/mocap4r2_marker_viz_srvs/srv/detail/set_marker_color__type_support.cpp.o[0m
[8.619s] [ 50%] [32mBuilding CXX object CMakeFiles/mocap4r2_marker_viz_srvs__rosidl_typesupport_introspection_cpp.dir/rosidl_typesupport_introspection_cpp/mocap4r2_marker_viz_srvs/srv/detail/reset_marker_color__type_support.cpp.o[0m
[8.727s] [ 52%] [32m[1mLinking CXX shared library libmocap4r2_marker_viz_srvs__rosidl_typesupport_c.so[0m
[8.735s] [ 54%] [32mBuilding CXX object CMakeFiles/mocap4r2_marker_viz_srvs__rosidl_typesupport_fastrtps_c.dir/rosidl_typesupport_fastrtps_c/mocap4r2_marker_viz_srvs/srv/detail/reset_marker_color__type_support_c.cpp.o[0m
[8.735s] [ 56%] [32mBuilding CXX object CMakeFiles/mocap4r2_marker_viz_srvs__rosidl_typesupport_fastrtps_c.dir/rosidl_typesupport_fastrtps_c/mocap4r2_marker_viz_srvs/srv/detail/set_marker_color__type_support_c.cpp.o[0m
[8.738s] [ 59%] [32mBuilding C object CMakeFiles/mocap4r2_marker_viz_srvs__rosidl_typesupport_introspection_c.dir/rosidl_typesupport_introspection_c/mocap4r2_marker_viz_srvs/srv/detail/set_marker_color__type_support.c.o[0m
[8.753s] [ 61%] [32mBuilding C object CMakeFiles/mocap4r2_marker_viz_srvs__rosidl_typesupport_introspection_c.dir/rosidl_typesupport_introspection_c/mocap4r2_marker_viz_srvs/srv/detail/reset_marker_color__type_support.c.o[0m
[8.761s] [ 63%] [32mBuilding CXX object CMakeFiles/mocap4r2_marker_viz_srvs__rosidl_typesupport_fastrtps_cpp.dir/rosidl_typesupport_fastrtps_cpp/mocap4r2_marker_viz_srvs/srv/detail/dds_fastrtps/set_marker_color__type_support.cpp.o[0m
[8.777s] [ 65%] [32mBuilding CXX object CMakeFiles/mocap4r2_marker_viz_srvs__rosidl_typesupport_fastrtps_cpp.dir/rosidl_typesupport_fastrtps_cpp/mocap4r2_marker_viz_srvs/srv/detail/dds_fastrtps/reset_marker_color__type_support.cpp.o[0m
[8.869s] [ 65%] Built target mocap4r2_marker_viz_srvs__rosidl_typesupport_c
[8.874s] [ 68%] [32m[1mLinking C shared library libmocap4r2_marker_viz_srvs__rosidl_typesupport_introspection_c.so[0m
[8.971s] [ 68%] Built target mocap4r2_marker_viz_srvs__rosidl_typesupport_introspection_c
[9.454s] gmake[2]: *** [CMakeFiles/mocap4r2_marker_viz_srvs__rosidl_typesupport_fastrtps_c.dir/build.make:131: CMakeFiles/mocap4r2_marker_viz_srvs__rosidl_typesupport_fastrtps_c.dir/rosidl_typesupport_fastrtps_c/mocap4r2_marker_viz_srvs/srv/detail/set_marker_color__type_support_c.cpp.o] Interrupt
[9.454s] gmake[2]: *** [CMakeFiles/mocap4r2_marker_viz_srvs__rosidl_typesupport_cpp.dir/build.make:123: CMakeFiles/mocap4r2_marker_viz_srvs__rosidl_typesupport_cpp.dir/rosidl_typesupport_cpp/mocap4r2_marker_viz_srvs/srv/set_marker_color__type_support.cpp.o] Interrupt
[9.454s] gmake[2]: *** [CMakeFiles/mocap4r2_marker_viz_srvs__rosidl_typesupport_fastrtps_c.dir/build.make:145: CMakeFiles/mocap4r2_marker_viz_srvs__rosidl_typesupport_fastrtps_c.dir/rosidl_typesupport_fastrtps_c/mocap4r2_marker_viz_srvs/srv/detail/reset_marker_color__type_support_c.cpp.o] Interrupt
[9.454s] gmake[1]: *** [CMakeFiles/Makefile2:426: CMakeFiles/mocap4r2_marker_viz_srvs__rosidl_typesupport_cpp.dir/all] Interrupt
[9.454s] gmake[2]: *** wait: No child processes.  Stop.
[9.454s] gmake[2]: *** Waiting for unfinished jobs....
[9.454s] gmake[1]: *** [CMakeFiles/Makefile2:267: CMakeFiles/mocap4r2_marker_viz_srvs__rosidl_typesupport_fastrtps_c.dir/all] Interrupt
[9.454s] gmake[2]: *** wait: No child processes.  Stop.
[9.455s] gmake[1]: *** [CMakeFiles/Makefile2:399: CMakeFiles/mocap4r2_marker_viz_srvs__rosidl_typesupport_introspection_cpp.dir/all] Error 2
[9.457s] gmake[2]: *** [CMakeFiles/mocap4r2_marker_viz_srvs__rosidl_typesupport_fastrtps_cpp.dir/build.make:131: CMakeFiles/mocap4r2_marker_viz_srvs__rosidl_typesupport_fastrtps_cpp.dir/rosidl_typesupport_fastrtps_cpp/mocap4r2_marker_viz_srvs/srv/detail/dds_fastrtps/set_marker_color__type_support.cpp.o] Interrupt
[9.459s] gmake[2]: *** [CMakeFiles/mocap4r2_marker_viz_srvs__rosidl_typesupport_fastrtps_cpp.dir/build.make:145: CMakeFiles/mocap4r2_marker_viz_srvs__rosidl_typesupport_fastrtps_cpp.dir/rosidl_typesupport_fastrtps_cpp/mocap4r2_marker_viz_srvs/srv/detail/dds_fastrtps/reset_marker_color__type_support.cpp.o] Interrupt
[9.459s] gmake[1]: *** [CMakeFiles/Makefile2:372: CMakeFiles/mocap4r2_marker_viz_srvs__rosidl_typesupport_fastrtps_cpp.dir/all] Interrupt
[9.461s] gmake: *** wait: No child processes.  Stop.
[9.461s] gmake: *** Waiting for unfinished jobs....
[9.461s] gmake: *** wait: No child processes.  Stop.
[9.466s] Invoked command in '/home/arael/Downloads/Mpala /mocap_ws/src/build/mocap4r2_marker_viz_srvs' returned '-2': CMAKE_PREFIX_PATH=${CMAKE_PREFIX_PATH}:/opt/ros/jazzy DEBUGINFOD_URLS=https://debuginfod.ubuntu.com /usr/bin/cmake --build /home/arael/Downloads/Mpala /mocap_ws/src/build/mocap4r2_marker_viz_srvs -- -j16 -l16
