-- The C compiler identification is GNU 13.3.0
-- The CXX compiler identification is GNU 13.3.0
-- Detecting C compiler ABI info
-- Detecting C compiler ABI info - done
-- Check for working C compiler: /usr/bin/cc - skipped
-- Detecting C compile features
-- Detecting C compile features - done
-- Detecting CXX compiler ABI info
-- Detecting CXX compiler ABI info - done
-- Check for working CXX compiler: /usr/bin/c++ - skipped
-- Detecting CXX compile features
-- Detecting CXX compile features - done
-- Found ament_cmake: 2.5.3 (/opt/ros/jazzy/share/ament_cmake/cmake)
-- Found Python3: /usr/bin/python3 (found version "3.12.3") found components: Interpreter 
-- Override CMake install command with custom implementation using symlinks instead of copying resources
-- Found rclcpp: 28.1.6 (/opt/ros/jazzy/share/rclcpp/cmake)
-- Found rosidl_generator_c: 4.6.5 (/opt/ros/jazzy/share/rosidl_generator_c/cmake)
-- Found rosidl_generator_cpp: 4.6.5 (/opt/ros/jazzy/share/rosidl_generator_cpp/cmake)
-- Using all available rosidl_typesupport_c: rosidl_typesupport_fastrtps_c;rosidl_typesupport_introspection_c
-- Using all available rosidl_typesupport_cpp: rosidl_typesupport_fastrtps_cpp;rosidl_typesupport_introspection_cpp
-- Found rmw_implementation_cmake: 7.3.1 (/opt/ros/jazzy/share/rmw_implementation_cmake/cmake)
-- Found rmw_fastrtps_cpp: 8.4.1 (/opt/ros/jazzy/share/rmw_fastrtps_cpp/cmake)
-- Found OpenSSL: /usr/lib/x86_64-linux-gnu/libcrypto.so (found version "3.0.13")  
-- Found FastRTPS: /opt/ros/jazzy/include (Required is at least version "2.13") 
-- Using RMW implementation 'rmw_fastrtps_cpp' as default
-- Found rclcpp_lifecycle: 28.1.6 (/opt/ros/jazzy/share/rclcpp_lifecycle/cmake)
-- Found mocap4r2_control_msgs: 0.0.7 (/home/arael/Downloads/Mpala /mocap_ws/install/mocap4r2_control_msgs/share/mocap4r2_control_msgs/cmake)
-- Found ament_lint_auto: 0.17.1 (/opt/ros/jazzy/share/ament_lint_auto/cmake)
-- Found gtest sources under '/opt/ros/jazzy/src/gtest_vendor': C++ tests using 'Google Test' will be built
-- Performing Test CMAKE_HAVE_LIBC_PTHREAD
-- Performing Test CMAKE_HAVE_LIBC_PTHREAD - Success
-- Found Threads: TRUE  
-- Added test 'copyright' to check source files copyright and LICENSE
-- Added test 'cppcheck' to perform static code analysis on C / C++ code
-- Configured cppcheck include dirs: /home/arael/Downloads/Mpala /mocap_ws/src/mocap4r2/mocap4r2_control/mocap4r2_control/include
-- Configured cppcheck exclude dirs and/or files: 
-- Added test 'cpplint' to check C / C++ code against the Google style
-- Configured cpplint exclude dirs and/or files: 
-- Added test 'flake8' to check Python code syntax and style conventions
-- Configured 'flake8' exclude dirs and/or files: 
-- Added test 'lint_cmake' to check CMake code style
-- Added test 'pep257' to check Python code against some of the docstring style conventions in PEP 257
-- Added test 'uncrustify' to check C / C++ code style
-- Configured uncrustify additional arguments: 
-- Added test 'xmllint' to check XML markup files
-- Configuring done (1.1s)
-- Generating done (0.0s)
-- Build files have been written to: /home/arael/Downloads/Mpala /mocap_ws/build/mocap4r2_control
[ 28%] [32mBuilding CXX object CMakeFiles/mocap4r2_control.dir/src/mocap4r2_control/ControlledLifecycleNode.cpp.o[0m
[ 28%] [32mBuilding CXX object gtest/CMakeFiles/gtest.dir/src/gtest-all.cc.o[0m
[ 28%] [32mBuilding CXX object gtest/CMakeFiles/gtest_main.dir/src/gtest_main.cc.o[0m
[ 28%] [32mBuilding CXX object CMakeFiles/mocap4r2_control.dir/src/mocap4r2_control/ControllerNode.cpp.o[0m
[ 35%] [32mBuilding CXX object CMakeFiles/mocap4r2_control.dir/src/mocap4r2_control/AuxiliarNode.cpp.o[0m
[ 42%] [32m[1mLinking CXX static library libgtest_main.a[0m
[ 42%] Built target gtest_main
[ 50%] [32m[1mLinking CXX static library libgtest.a[0m
[ 50%] Built target gtest
[ 57%] [32m[1mLinking CXX shared library libmocap4r2_control.so[0m
[ 57%] Built target mocap4r2_control
[ 78%] [32mBuilding CXX object test/CMakeFiles/test_auxiliar.dir/test_auxiliar.cpp.o[0m
[ 78%] [32mBuilding CXX object test/CMakeFiles/test_control.dir/test_control.cpp.o[0m
[ 78%] [32mBuilding CXX object CMakeFiles/auxiliar_main.dir/src/auxiliar_main.cpp.o[0m
[ 85%] [32m[1mLinking CXX executable auxiliar_main[0m
[ 85%] Built target auxiliar_main
[ 92%] [32m[1mLinking CXX executable test_auxiliar[0m
[ 92%] Built target test_auxiliar
[100%] [32m[1mLinking CXX executable test_control[0m
[100%] Built target test_control
-- Install configuration: ""
-- Execute custom install script
-- Symlinking: /home/arael/Downloads/Mpala /mocap_ws/install/mocap4r2_control/include//mocap4r2_control/AuxiliarNode.hpp
-- Symlinking: /home/arael/Downloads/Mpala /mocap_ws/install/mocap4r2_control/include//mocap4r2_control/ControlledLifecycleNode.hpp
-- Symlinking: /home/arael/Downloads/Mpala /mocap_ws/install/mocap4r2_control/include//mocap4r2_control/ControllerNode.hpp
-- Symlinking: /home/arael/Downloads/Mpala /mocap_ws/install/mocap4r2_control/share/mocap4r2_control/config/config_example.yaml
-- Symlinking: /home/arael/Downloads/Mpala /mocap_ws/install/mocap4r2_control/share/mocap4r2_control/launch/auxiliar.launch.py
-- Symlinking: /home/arael/Downloads/Mpala /mocap_ws/install/mocap4r2_control/lib/libmocap4r2_control.so
-- Symlinking: /home/arael/Downloads/Mpala /mocap_ws/install/mocap4r2_control/lib/mocap4r2_control/auxiliar_main
-- Symlinking: /home/arael/Downloads/Mpala /mocap_ws/install/mocap4r2_control/share/mocap4r2_control/environment/library_path.sh
-- Symlinking: /home/arael/Downloads/Mpala /mocap_ws/install/mocap4r2_control/share/mocap4r2_control/environment/library_path.dsv
-- Symlinking: /home/arael/Downloads/Mpala /mocap_ws/install/mocap4r2_control/share/ament_index/resource_index/package_run_dependencies/mocap4r2_control
-- Symlinking: /home/arael/Downloads/Mpala /mocap_ws/install/mocap4r2_control/share/ament_index/resource_index/parent_prefix_path/mocap4r2_control
-- Symlinking: /home/arael/Downloads/Mpala /mocap_ws/install/mocap4r2_control/share/mocap4r2_control/environment/ament_prefix_path.sh
-- Symlinking: /home/arael/Downloads/Mpala /mocap_ws/install/mocap4r2_control/share/mocap4r2_control/environment/ament_prefix_path.dsv
-- Symlinking: /home/arael/Downloads/Mpala /mocap_ws/install/mocap4r2_control/share/mocap4r2_control/environment/path.sh
-- Symlinking: /home/arael/Downloads/Mpala /mocap_ws/install/mocap4r2_control/share/mocap4r2_control/environment/path.dsv
-- Symlinking: /home/arael/Downloads/Mpala /mocap_ws/install/mocap4r2_control/share/mocap4r2_control/local_setup.bash
-- Symlinking: /home/arael/Downloads/Mpala /mocap_ws/install/mocap4r2_control/share/mocap4r2_control/local_setup.sh
-- Symlinking: /home/arael/Downloads/Mpala /mocap_ws/install/mocap4r2_control/share/mocap4r2_control/local_setup.zsh
-- Symlinking: /home/arael/Downloads/Mpala /mocap_ws/install/mocap4r2_control/share/mocap4r2_control/local_setup.dsv
-- Symlinking: /home/arael/Downloads/Mpala /mocap_ws/install/mocap4r2_control/share/mocap4r2_control/package.dsv
-- Symlinking: /home/arael/Downloads/Mpala /mocap_ws/install/mocap4r2_control/share/ament_index/resource_index/packages/mocap4r2_control
-- Symlinking: /home/arael/Downloads/Mpala /mocap_ws/install/mocap4r2_control/share/mocap4r2_control/cmake/ament_cmake_export_include_directories-extras.cmake
-- Symlinking: /home/arael/Downloads/Mpala /mocap_ws/install/mocap4r2_control/share/mocap4r2_control/cmake/ament_cmake_export_libraries-extras.cmake
-- Symlinking: /home/arael/Downloads/Mpala /mocap_ws/install/mocap4r2_control/share/mocap4r2_control/cmake/ament_cmake_export_dependencies-extras.cmake
-- Symlinking: /home/arael/Downloads/Mpala /mocap_ws/install/mocap4r2_control/share/mocap4r2_control/cmake/mocap4r2_controlConfig.cmake
-- Symlinking: /home/arael/Downloads/Mpala /mocap_ws/install/mocap4r2_control/share/mocap4r2_control/cmake/mocap4r2_controlConfig-version.cmake
-- Symlinking: /home/arael/Downloads/Mpala /mocap_ws/install/mocap4r2_control/share/mocap4r2_control/package.xml
