[0.033s] Invoking command in '/home/arael/Downloads/Mpala /mocap_ws/src/build/mocap4r2_robot_gt_msgs': CMAKE_PREFIX_PATH=${CMAKE_PREFIX_PATH}:/opt/ros/jazzy DEBUGINFOD_URLS=https://debuginfod.ubuntu.com /usr/bin/cmake /home/arael/Downloads/Mpala /mocap_ws/src/mocap4r2/mocap4r2_robot_gt/mocap4r2_robot_gt_msgs -DAMENT_CMAKE_SYMLINK_INSTALL=1 -DCMAKE_INSTALL_PREFIX=/home/arael/Downloads/Mpala /mocap_ws/src/install/mocap4r2_robot_gt_msgs
[0.160s] -- The C compiler identification is GNU 13.3.0
[0.297s] -- The CXX compiler identification is GNU 13.3.0
[0.335s] -- Detecting C compiler ABI info
[0.558s] -- Detecting C compiler ABI info - done
[0.583s] -- Check for working C compiler: /usr/bin/cc - skipped
[0.583s] -- Detecting C compile features
[0.584s] -- Detecting C compile features - done
[0.603s] -- Detecting CXX compiler ABI info
[0.855s] -- Detecting CXX compiler ABI info - done
[0.879s] -- Check for working CXX compiler: /usr/bin/c++ - skipped
[0.880s] -- Detecting CXX compile features
[0.880s] -- Detecting CXX compile features - done
[0.887s] -- Found ament_cmake: 2.5.3 (/opt/ros/jazzy/share/ament_cmake/cmake)
[1.240s] -- Found Python3: /usr/bin/python3 (found version "3.12.3") found components: Interpreter 
[1.429s] -- Override CMake install command with custom implementation using symlinks instead of copying resources
[1.498s] -- Found rosidl_default_generators: 1.6.0 (/opt/ros/jazzy/share/rosidl_default_generators/cmake)
[1.510s] -- Using all available rosidl_typesupport_c: rosidl_typesupport_fastrtps_c;rosidl_typesupport_introspection_c
[1.630s] -- Using all available rosidl_typesupport_cpp: rosidl_typesupport_fastrtps_cpp;rosidl_typesupport_introspection_cpp
[1.729s] -- Found rosidl_adapter: 4.6.5 (/opt/ros/jazzy/share/rosidl_adapter/cmake)
[1.736s] -- Found builtin_interfaces: 2.0.2 (/opt/ros/jazzy/share/builtin_interfaces/cmake)
[1.772s] -- Found std_msgs: 5.3.5 (/opt/ros/jazzy/share/std_msgs/cmake)
[1.816s] -- Found geometry_msgs: 5.3.5 (/opt/ros/jazzy/share/geometry_msgs/cmake)
[3.387s] -- Found ament_cmake_ros: 0.12.0 (/opt/ros/jazzy/share/ament_cmake_ros/cmake)
[4.574s] -- Using all available rosidl_typesupport_c: rosidl_typesupport_fastrtps_c;rosidl_typesupport_introspection_c
[6.136s] -- Using all available rosidl_typesupport_cpp: rosidl_typesupport_fastrtps_cpp;rosidl_typesupport_introspection_cpp
[6.141s] -- Found python_cmake_module: 0.11.1 (/opt/ros/jazzy/share/python_cmake_module/cmake)
[6.420s] -- Found PythonExtra: /usr/bin/python3  
[7.128s] -- Found Python3: /usr/bin/python3 (found version "3.12.3") found components: Interpreter Development NumPy Development.Module Development.Embed 
[7.223s] -- Configuring done (7.2s)
[7.280s] -- Generating done (0.0s)
[7.296s] -- Build files have been written to: /home/arael/Downloads/Mpala /mocap_ws/src/build/mocap4r2_robot_gt_msgs
[7.312s] Invoked command in '/home/arael/Downloads/Mpala /mocap_ws/src/build/mocap4r2_robot_gt_msgs' returned '0': CMAKE_PREFIX_PATH=${CMAKE_PREFIX_PATH}:/opt/ros/jazzy DEBUGINFOD_URLS=https://debuginfod.ubuntu.com /usr/bin/cmake /home/arael/Downloads/Mpala /mocap_ws/src/mocap4r2/mocap4r2_robot_gt/mocap4r2_robot_gt_msgs -DAMENT_CMAKE_SYMLINK_INSTALL=1 -DCMAKE_INSTALL_PREFIX=/home/arael/Downloads/Mpala /mocap_ws/src/install/mocap4r2_robot_gt_msgs
[7.314s] Invoking command in '/home/arael/Downloads/Mpala /mocap_ws/src/build/mocap4r2_robot_gt_msgs': CMAKE_PREFIX_PATH=${CMAKE_PREFIX_PATH}:/opt/ros/jazzy DEBUGINFOD_URLS=https://debuginfod.ubuntu.com /usr/bin/cmake --build /home/arael/Downloads/Mpala /mocap_ws/src/build/mocap4r2_robot_gt_msgs -- -j16 -l16
[7.377s] [  2%] [34m[1mGenerating type hashes for ROS interfaces[0m
[7.389s] [  2%] Built target ament_cmake_python_symlink_mocap4r2_robot_gt_msgs
[7.639s] running egg_info
[7.640s] creating mocap4r2_robot_gt_msgs.egg-info
[7.662s] writing mocap4r2_robot_gt_msgs.egg-info/PKG-INFO
[7.662s] writing dependency_links to mocap4r2_robot_gt_msgs.egg-info/dependency_links.txt
[7.662s] writing top-level names to mocap4r2_robot_gt_msgs.egg-info/top_level.txt
[7.663s] writing manifest file 'mocap4r2_robot_gt_msgs.egg-info/SOURCES.txt'
[7.682s] [  2%] Built target mocap4r2_robot_gt_msgs__rosidl_generator_type_description
[7.698s] [  5%] [34m[1mGenerating C code for ROS interfaces[0m
[7.713s] [  8%] [34m[1mGenerating C++ code for ROS interfaces[0m
[7.752s] reading manifest file 'mocap4r2_robot_gt_msgs.egg-info/SOURCES.txt'
[7.753s] writing manifest file 'mocap4r2_robot_gt_msgs.egg-info/SOURCES.txt'
[7.804s] [  8%] Built target ament_cmake_python_build_mocap4r2_robot_gt_msgs_egg
[8.050s] [  8%] Built target mocap4r2_robot_gt_msgs__cpp
[8.100s] [ 17%] [32mBuilding C object CMakeFiles/mocap4r2_robot_gt_msgs__rosidl_generator_c.dir/rosidl_generator_c/mocap4r2_robot_gt_msgs/srv/detail/set_gt_origin__description.c.o[0m
[8.100s] [ 17%] [32mBuilding C object CMakeFiles/mocap4r2_robot_gt_msgs__rosidl_generator_c.dir/rosidl_generator_c/mocap4r2_robot_gt_msgs/srv/detail/set_gt_origin__type_support.c.o[0m
[8.100s] [ 17%] [32mBuilding C object CMakeFiles/mocap4r2_robot_gt_msgs__rosidl_generator_c.dir/rosidl_generator_c/mocap4r2_robot_gt_msgs/srv/detail/set_gt_origin__functions.c.o[0m
[8.225s] [ 20%] [32m[1mLinking C shared library libmocap4r2_robot_gt_msgs__rosidl_generator_c.so[0m
[8.280s] [ 20%] Built target mocap4r2_robot_gt_msgs__rosidl_generator_c
[8.305s] [ 23%] [34m[1mGenerating C++ type support for eProsima Fast-RTPS[0m
[8.308s] [ 26%] [34m[1mGenerating C++ type support dispatch for ROS interfaces[0m
[8.310s] [ 29%] [34m[1mGenerating C type support dispatch for ROS interfaces[0m
[8.310s] [ 35%] [34m[1mGenerating C++ introspection for ROS interfaces[0m
[8.314s] [ 35%] [34m[1mGenerating C type support for eProsima Fast-RTPS[0m
[8.316s] [ 38%] [34m[1mGenerating C introspection for ROS interfaces[0m
[8.682s] [ 41%] [32mBuilding CXX object CMakeFiles/mocap4r2_robot_gt_msgs__rosidl_typesupport_c.dir/rosidl_typesupport_c/mocap4r2_robot_gt_msgs/srv/set_gt_origin__type_support.cpp.o[0m
[8.796s] [ 44%] [32mBuilding CXX object CMakeFiles/mocap4r2_robot_gt_msgs__rosidl_typesupport_cpp.dir/rosidl_typesupport_cpp/mocap4r2_robot_gt_msgs/srv/set_gt_origin__type_support.cpp.o[0m
[8.822s] [ 47%] [32m[1mLinking CXX shared library libmocap4r2_robot_gt_msgs__rosidl_typesupport_c.so[0m
[8.850s] [ 50%] [32mBuilding C object CMakeFiles/mocap4r2_robot_gt_msgs__rosidl_typesupport_introspection_c.dir/rosidl_typesupport_introspection_c/mocap4r2_robot_gt_msgs/srv/detail/set_gt_origin__type_support.c.o[0m
[8.858s] [ 52%] [32mBuilding CXX object CMakeFiles/mocap4r2_robot_gt_msgs__rosidl_typesupport_introspection_cpp.dir/rosidl_typesupport_introspection_cpp/mocap4r2_robot_gt_msgs/srv/detail/set_gt_origin__type_support.cpp.o[0m
[8.941s] [ 52%] Built target mocap4r2_robot_gt_msgs__rosidl_typesupport_c
[8.960s] [ 55%] [32m[1mLinking C shared library libmocap4r2_robot_gt_msgs__rosidl_typesupport_introspection_c.so[0m
[9.071s] [ 55%] Built target mocap4r2_robot_gt_msgs__rosidl_typesupport_introspection_c
[9.088s] [ 58%] [32mBuilding CXX object CMakeFiles/mocap4r2_robot_gt_msgs__rosidl_typesupport_fastrtps_cpp.dir/rosidl_typesupport_fastrtps_cpp/mocap4r2_robot_gt_msgs/srv/detail/dds_fastrtps/set_gt_origin__type_support.cpp.o[0m
[9.280s] [ 61%] [32mBuilding CXX object CMakeFiles/mocap4r2_robot_gt_msgs__rosidl_typesupport_fastrtps_c.dir/rosidl_typesupport_fastrtps_c/mocap4r2_robot_gt_msgs/srv/detail/set_gt_origin__type_support_c.cpp.o[0m
[9.451s] gmake[2]: *** [CMakeFiles/mocap4r2_robot_gt_msgs__rosidl_typesupport_cpp.dir/build.make:151: CMakeFiles/mocap4r2_robot_gt_msgs__rosidl_typesupport_cpp.dir/rosidl_typesupport_cpp/mocap4r2_robot_gt_msgs/srv/set_gt_origin__type_support.cpp.o] Interrupt
[9.451s] gmake[1]: *** [CMakeFiles/Makefile2:426: CMakeFiles/mocap4r2_robot_gt_msgs__rosidl_typesupport_cpp.dir/all] Interrupt
[9.454s] gmake[2]: *** wait: No child processes.  Stop.
[9.454s] gmake[2]: *** Waiting for unfinished jobs....
[9.454s] gmake[2]: *** wait: No child processes.  Stop.
[9.454s] gmake[1]: *** [CMakeFiles/Makefile2:372: CMakeFiles/mocap4r2_robot_gt_msgs__rosidl_typesupport_fastrtps_cpp.dir/all] Error 2
[9.455s] gmake[2]: *** [CMakeFiles/mocap4r2_robot_gt_msgs__rosidl_typesupport_introspection_cpp.dir/build.make:156: CMakeFiles/mocap4r2_robot_gt_msgs__rosidl_typesupport_introspection_cpp.dir/rosidl_typesupport_introspection_cpp/mocap4r2_robot_gt_msgs/srv/detail/set_gt_origin__type_support.cpp.o] Interrupt
[9.456s] gmake[1]: *** [CMakeFiles/Makefile2:399: CMakeFiles/mocap4r2_robot_gt_msgs__rosidl_typesupport_introspection_cpp.dir/all] Interrupt
[9.456s] gmake[2]: *** [CMakeFiles/mocap4r2_robot_gt_msgs__rosidl_typesupport_fastrtps_c.dir/build.make:156: CMakeFiles/mocap4r2_robot_gt_msgs__rosidl_typesupport_fastrtps_c.dir/rosidl_typesupport_fastrtps_c/mocap4r2_robot_gt_msgs/srv/detail/set_gt_origin__type_support_c.cpp.o] Interrupt
[9.456s] gmake[1]: *** [CMakeFiles/Makefile2:267: CMakeFiles/mocap4r2_robot_gt_msgs__rosidl_typesupport_fastrtps_c.dir/all] Interrupt
[9.456s] gmake: *** [Makefile:146: all] Interrupt
