[0.008s] Invoking command in '/home/arael/Downloads/Mpala /mocap_ws/build/mocap4r2_robot_gt': AMENT_PREFIX_PATH=/home/arael/Downloads/Mpala /mocap_ws/install/mocap4r2_robot_gt_msgs:/home/arael/Downloads/Mpala /mocap_ws/install/mocap4r2_msgs:${AMENT_PREFIX_PATH} CMAKE_PREFIX_PATH=/home/arael/Downloads/Mpala /mocap_ws/install/mocap4r2_robot_gt_msgs:/home/arael/Downloads/Mpala /mocap_ws/install/mocap4r2_msgs:/opt/ros/jazzy/opt/gz_math_vendor:/opt/ros/jazzy/opt/gz_utils_vendor:/opt/ros/jazzy/opt/gz_cmake_vendor:/opt/ros/jazzy DEBUGINFOD_URLS=https://debuginfod.ubuntu.com LD_LIBRARY_PATH=/home/arael/Downloads/Mpala /mocap_ws/install/mocap4r2_robot_gt_msgs/lib:/home/arael/Downloads/Mpala /mocap_ws/install/mocap4r2_msgs/lib:${LD_LIBRARY_PATH} PYTHONPATH=/home/arael/Downloads/Mpala /mocap_ws/install/mocap4r2_robot_gt_msgs/lib/python3.12/site-packages:/home/arael/Downloads/Mpala /mocap_ws/install/mocap4r2_msgs/lib/python3.12/site-packages:${PYTHONPATH} /usr/bin/cmake /home/arael/Downloads/Mpala /mocap_ws/src/mocap4r2/mocap4r2_robot_gt/mocap4r2_robot_gt -DAMENT_CMAKE_SYMLINK_INSTALL=1 -DCMAKE_INSTALL_PREFIX=/home/arael/Downloads/Mpala /mocap_ws/install/mocap4r2_robot_gt
[0.054s] -- The C compiler identification is GNU 13.3.0
[0.098s] -- The CXX compiler identification is GNU 13.3.0
[0.111s] -- Detecting C compiler ABI info
[0.184s] -- Detecting C compiler ABI info - done
[0.192s] -- Check for working C compiler: /usr/bin/cc - skipped
[0.192s] -- Detecting C compile features
[0.192s] -- Detecting C compile features - done
[0.200s] -- Detecting CXX compiler ABI info
[0.287s] -- Detecting CXX compiler ABI info - done
[0.295s] -- Check for working CXX compiler: /usr/bin/c++ - skipped
[0.295s] -- Detecting CXX compile features
[0.295s] -- Detecting CXX compile features - done
[0.298s] -- Found ament_cmake: 2.5.3 (/opt/ros/jazzy/share/ament_cmake/cmake)
[0.438s] -- Found Python3: /usr/bin/python3 (found version "3.12.3") found components: Interpreter 
[0.515s] -- Override CMake install command with custom implementation using symlinks instead of copying resources
[0.543s] -- Found rclcpp: 28.1.6 (/opt/ros/jazzy/share/rclcpp/cmake)
[0.579s] -- Found rosidl_generator_c: 4.6.5 (/opt/ros/jazzy/share/rosidl_generator_c/cmake)
[0.591s] -- Found rosidl_generator_cpp: 4.6.5 (/opt/ros/jazzy/share/rosidl_generator_cpp/cmake)
[0.605s] -- Using all available rosidl_typesupport_c: rosidl_typesupport_fastrtps_c;rosidl_typesupport_introspection_c
[0.622s] -- Using all available rosidl_typesupport_cpp: rosidl_typesupport_fastrtps_cpp;rosidl_typesupport_introspection_cpp
[0.694s] -- Found rmw_implementation_cmake: 7.3.1 (/opt/ros/jazzy/share/rmw_implementation_cmake/cmake)
[0.697s] -- Found rmw_fastrtps_cpp: 8.4.1 (/opt/ros/jazzy/share/rmw_fastrtps_cpp/cmake)
[0.773s] -- Found OpenSSL: /usr/lib/x86_64-linux-gnu/libcrypto.so (found version "3.0.13")  
[0.793s] -- Found FastRTPS: /opt/ros/jazzy/include (Required is at least version "2.13") 
[0.816s] -- Using RMW implementation 'rmw_fastrtps_cpp' as default
[0.887s] -- Found rclcpp_components: 28.1.6 (/opt/ros/jazzy/share/rclcpp_components/cmake)
[0.933s] -- Found mocap4r2_msgs: 0.0.3 (/home/arael/Downloads/Mpala /mocap_ws/install/mocap4r2_msgs/share/mocap4r2_msgs/cmake)
[0.982s] -- Found mocap4r2_robot_gt_msgs: 0.0.7 (/home/arael/Downloads/Mpala /mocap_ws/install/mocap4r2_robot_gt_msgs/share/mocap4r2_robot_gt_msgs/cmake)
[1.008s] -- Found tf2_ros: 0.36.8 (/opt/ros/jazzy/share/tf2_ros/cmake)
[1.116s] -- Found tf2_geometry_msgs: 0.36.8 (/opt/ros/jazzy/share/tf2_geometry_msgs/cmake)
[1.134s] -- Found eigen3_cmake_module: 0.3.0 (/opt/ros/jazzy/share/eigen3_cmake_module/cmake)
[1.136s] -- Found Eigen3: TRUE (found version "3.4.0") 
[1.136s] -- Ensuring Eigen3 include directory is part of orocos-kdl CMake target
[1.147s] -- Found ament_lint_auto: 0.17.1 (/opt/ros/jazzy/share/ament_lint_auto/cmake)
[1.256s] -- Added test 'cppcheck' to perform static code analysis on C / C++ code
[1.257s] -- Configured cppcheck include dirs: /home/arael/Downloads/Mpala /mocap_ws/src/mocap4r2/mocap4r2_robot_gt/mocap4r2_robot_gt/include
[1.257s] -- Configured cppcheck exclude dirs and/or files: 
[1.258s] -- Added test 'lint_cmake' to check CMake code style
[1.259s] -- Added test 'uncrustify' to check C / C++ code style
[1.259s] -- Configured uncrustify additional arguments: 
[1.259s] -- Added test 'xmllint' to check XML markup files
[1.261s] -- Configuring done (1.2s)
[1.300s] -- Generating done (0.0s)
[1.309s] -- Build files have been written to: /home/arael/Downloads/Mpala /mocap_ws/build/mocap4r2_robot_gt
[1.326s] Invoked command in '/home/arael/Downloads/Mpala /mocap_ws/build/mocap4r2_robot_gt' returned '0': AMENT_PREFIX_PATH=/home/arael/Downloads/Mpala /mocap_ws/install/mocap4r2_robot_gt_msgs:/home/arael/Downloads/Mpala /mocap_ws/install/mocap4r2_msgs:${AMENT_PREFIX_PATH} CMAKE_PREFIX_PATH=/home/arael/Downloads/Mpala /mocap_ws/install/mocap4r2_robot_gt_msgs:/home/arael/Downloads/Mpala /mocap_ws/install/mocap4r2_msgs:/opt/ros/jazzy/opt/gz_math_vendor:/opt/ros/jazzy/opt/gz_utils_vendor:/opt/ros/jazzy/opt/gz_cmake_vendor:/opt/ros/jazzy DEBUGINFOD_URLS=https://debuginfod.ubuntu.com LD_LIBRARY_PATH=/home/arael/Downloads/Mpala /mocap_ws/install/mocap4r2_robot_gt_msgs/lib:/home/arael/Downloads/Mpala /mocap_ws/install/mocap4r2_msgs/lib:${LD_LIBRARY_PATH} PYTHONPATH=/home/arael/Downloads/Mpala /mocap_ws/install/mocap4r2_robot_gt_msgs/lib/python3.12/site-packages:/home/arael/Downloads/Mpala /mocap_ws/install/mocap4r2_msgs/lib/python3.12/site-packages:${PYTHONPATH} /usr/bin/cmake /home/arael/Downloads/Mpala /mocap_ws/src/mocap4r2/mocap4r2_robot_gt/mocap4r2_robot_gt -DAMENT_CMAKE_SYMLINK_INSTALL=1 -DCMAKE_INSTALL_PREFIX=/home/arael/Downloads/Mpala /mocap_ws/install/mocap4r2_robot_gt
[1.327s] Invoking command in '/home/arael/Downloads/Mpala /mocap_ws/build/mocap4r2_robot_gt': AMENT_PREFIX_PATH=/home/arael/Downloads/Mpala /mocap_ws/install/mocap4r2_robot_gt_msgs:/home/arael/Downloads/Mpala /mocap_ws/install/mocap4r2_msgs:${AMENT_PREFIX_PATH} CMAKE_PREFIX_PATH=/home/arael/Downloads/Mpala /mocap_ws/install/mocap4r2_robot_gt_msgs:/home/arael/Downloads/Mpala /mocap_ws/install/mocap4r2_msgs:/opt/ros/jazzy/opt/gz_math_vendor:/opt/ros/jazzy/opt/gz_utils_vendor:/opt/ros/jazzy/opt/gz_cmake_vendor:/opt/ros/jazzy DEBUGINFOD_URLS=https://debuginfod.ubuntu.com LD_LIBRARY_PATH=/home/arael/Downloads/Mpala /mocap_ws/install/mocap4r2_robot_gt_msgs/lib:/home/arael/Downloads/Mpala /mocap_ws/install/mocap4r2_msgs/lib:${LD_LIBRARY_PATH} PYTHONPATH=/home/arael/Downloads/Mpala /mocap_ws/install/mocap4r2_robot_gt_msgs/lib/python3.12/site-packages:/home/arael/Downloads/Mpala /mocap_ws/install/mocap4r2_msgs/lib/python3.12/site-packages:${PYTHONPATH} /usr/bin/cmake --build /home/arael/Downloads/Mpala /mocap_ws/build/mocap4r2_robot_gt -- -j16 -l16
[1.381s] [ 12%] [32mBuilding CXX object CMakeFiles/gt_component.dir/src/mocap4r2_robot_gt/gt_component.cpp.o[0m
[1.383s] [ 25%] [32mBuilding CXX object CMakeFiles/set_gt_component.dir/src/mocap4r2_robot_gt/set_gt_component.cpp.o[0m
[5.153s] [ 37%] [32m[1mLinking CXX shared library libset_gt_component.so[0m
[5.332s] [ 37%] Built target set_gt_component
[5.353s] [ 50%] [32mBuilding CXX object CMakeFiles/set_gt_cli.dir/src/set_gt_cli.cpp.o[0m
[8.080s] [ 62%] [32m[1mLinking CXX executable set_gt_cli[0m
[8.218s] [ 62%] Built target set_gt_cli
[9.525s] [ 75%] [32m[1mLinking CXX shared library libgt_component.so[0m
[9.844s] [ 75%] Built target gt_component
[9.867s] [ 87%] [32mBuilding CXX object CMakeFiles/gt_program.dir/src/gt_program.cpp.o[0m
[12.581s] [100%] [32m[1mLinking CXX executable gt_program[0m
[12.809s] [100%] Built target gt_program
[12.823s] Invoked command in '/home/arael/Downloads/Mpala /mocap_ws/build/mocap4r2_robot_gt' returned '0': AMENT_PREFIX_PATH=/home/arael/Downloads/Mpala /mocap_ws/install/mocap4r2_robot_gt_msgs:/home/arael/Downloads/Mpala /mocap_ws/install/mocap4r2_msgs:${AMENT_PREFIX_PATH} CMAKE_PREFIX_PATH=/home/arael/Downloads/Mpala /mocap_ws/install/mocap4r2_robot_gt_msgs:/home/arael/Downloads/Mpala /mocap_ws/install/mocap4r2_msgs:/opt/ros/jazzy/opt/gz_math_vendor:/opt/ros/jazzy/opt/gz_utils_vendor:/opt/ros/jazzy/opt/gz_cmake_vendor:/opt/ros/jazzy DEBUGINFOD_URLS=https://debuginfod.ubuntu.com LD_LIBRARY_PATH=/home/arael/Downloads/Mpala /mocap_ws/install/mocap4r2_robot_gt_msgs/lib:/home/arael/Downloads/Mpala /mocap_ws/install/mocap4r2_msgs/lib:${LD_LIBRARY_PATH} PYTHONPATH=/home/arael/Downloads/Mpala /mocap_ws/install/mocap4r2_robot_gt_msgs/lib/python3.12/site-packages:/home/arael/Downloads/Mpala /mocap_ws/install/mocap4r2_msgs/lib/python3.12/site-packages:${PYTHONPATH} /usr/bin/cmake --build /home/arael/Downloads/Mpala /mocap_ws/build/mocap4r2_robot_gt -- -j16 -l16
[12.824s] Invoking command in '/home/arael/Downloads/Mpala /mocap_ws/build/mocap4r2_robot_gt': AMENT_PREFIX_PATH=/home/arael/Downloads/Mpala /mocap_ws/install/mocap4r2_robot_gt_msgs:/home/arael/Downloads/Mpala /mocap_ws/install/mocap4r2_msgs:${AMENT_PREFIX_PATH} CMAKE_PREFIX_PATH=/home/arael/Downloads/Mpala /mocap_ws/install/mocap4r2_robot_gt_msgs:/home/arael/Downloads/Mpala /mocap_ws/install/mocap4r2_msgs:/opt/ros/jazzy/opt/gz_math_vendor:/opt/ros/jazzy/opt/gz_utils_vendor:/opt/ros/jazzy/opt/gz_cmake_vendor:/opt/ros/jazzy DEBUGINFOD_URLS=https://debuginfod.ubuntu.com LD_LIBRARY_PATH=/home/arael/Downloads/Mpala /mocap_ws/install/mocap4r2_robot_gt_msgs/lib:/home/arael/Downloads/Mpala /mocap_ws/install/mocap4r2_msgs/lib:${LD_LIBRARY_PATH} PYTHONPATH=/home/arael/Downloads/Mpala /mocap_ws/install/mocap4r2_robot_gt_msgs/lib/python3.12/site-packages:/home/arael/Downloads/Mpala /mocap_ws/install/mocap4r2_msgs/lib/python3.12/site-packages:${PYTHONPATH} /usr/bin/cmake --install /home/arael/Downloads/Mpala /mocap_ws/build/mocap4r2_robot_gt
[12.832s] -- Install configuration: ""
[12.832s] -- Execute custom install script
[12.832s] -- Symlinking: /home/arael/Downloads/Mpala /mocap_ws/install/mocap4r2_robot_gt/lib/libgt_component.so
[12.842s] -- Symlinking: /home/arael/Downloads/Mpala /mocap_ws/install/mocap4r2_robot_gt/lib/mocap4r2_robot_gt/gt_program
[12.852s] -- Symlinking: /home/arael/Downloads/Mpala /mocap_ws/install/mocap4r2_robot_gt/lib/libset_gt_component.so
[12.862s] -- Symlinking: /home/arael/Downloads/Mpala /mocap_ws/install/mocap4r2_robot_gt/lib/mocap4r2_robot_gt/set_gt_cli
[12.873s] -- Symlinking: /home/arael/Downloads/Mpala /mocap_ws/install/mocap4r2_robot_gt/share/ament_index/resource_index/package_run_dependencies/mocap4r2_robot_gt
[12.883s] -- Symlinking: /home/arael/Downloads/Mpala /mocap_ws/install/mocap4r2_robot_gt/share/ament_index/resource_index/parent_prefix_path/mocap4r2_robot_gt
[12.893s] -- Symlinking: /home/arael/Downloads/Mpala /mocap_ws/install/mocap4r2_robot_gt/share/mocap4r2_robot_gt/environment/ament_prefix_path.sh
[12.903s] -- Symlinking: /home/arael/Downloads/Mpala /mocap_ws/install/mocap4r2_robot_gt/share/mocap4r2_robot_gt/environment/ament_prefix_path.dsv
[12.912s] -- Symlinking: /home/arael/Downloads/Mpala /mocap_ws/install/mocap4r2_robot_gt/share/mocap4r2_robot_gt/environment/path.sh
[12.922s] -- Symlinking: /home/arael/Downloads/Mpala /mocap_ws/install/mocap4r2_robot_gt/share/mocap4r2_robot_gt/environment/path.dsv
[12.932s] -- Symlinking: /home/arael/Downloads/Mpala /mocap_ws/install/mocap4r2_robot_gt/share/mocap4r2_robot_gt/local_setup.bash
[12.941s] -- Symlinking: /home/arael/Downloads/Mpala /mocap_ws/install/mocap4r2_robot_gt/share/mocap4r2_robot_gt/local_setup.sh
[12.951s] -- Symlinking: /home/arael/Downloads/Mpala /mocap_ws/install/mocap4r2_robot_gt/share/mocap4r2_robot_gt/local_setup.zsh
[12.961s] -- Symlinking: /home/arael/Downloads/Mpala /mocap_ws/install/mocap4r2_robot_gt/share/mocap4r2_robot_gt/local_setup.dsv
[12.969s] -- Symlinking: /home/arael/Downloads/Mpala /mocap_ws/install/mocap4r2_robot_gt/share/mocap4r2_robot_gt/package.dsv
[12.980s] -- Symlinking: /home/arael/Downloads/Mpala /mocap_ws/install/mocap4r2_robot_gt/share/ament_index/resource_index/packages/mocap4r2_robot_gt
[12.990s] -- Symlinking: /home/arael/Downloads/Mpala /mocap_ws/install/mocap4r2_robot_gt/share/ament_index/resource_index/rclcpp_components/mocap4r2_robot_gt
[12.998s] -- Symlinking: /home/arael/Downloads/Mpala /mocap_ws/install/mocap4r2_robot_gt/share/mocap4r2_robot_gt/cmake/mocap4r2_robot_gtConfig.cmake
[13.007s] -- Symlinking: /home/arael/Downloads/Mpala /mocap_ws/install/mocap4r2_robot_gt/share/mocap4r2_robot_gt/cmake/mocap4r2_robot_gtConfig-version.cmake
[13.017s] -- Symlinking: /home/arael/Downloads/Mpala /mocap_ws/install/mocap4r2_robot_gt/share/mocap4r2_robot_gt/package.xml
[13.028s] Invoked command in '/home/arael/Downloads/Mpala /mocap_ws/build/mocap4r2_robot_gt' returned '0': AMENT_PREFIX_PATH=/home/arael/Downloads/Mpala /mocap_ws/install/mocap4r2_robot_gt_msgs:/home/arael/Downloads/Mpala /mocap_ws/install/mocap4r2_msgs:${AMENT_PREFIX_PATH} CMAKE_PREFIX_PATH=/home/arael/Downloads/Mpala /mocap_ws/install/mocap4r2_robot_gt_msgs:/home/arael/Downloads/Mpala /mocap_ws/install/mocap4r2_msgs:/opt/ros/jazzy/opt/gz_math_vendor:/opt/ros/jazzy/opt/gz_utils_vendor:/opt/ros/jazzy/opt/gz_cmake_vendor:/opt/ros/jazzy DEBUGINFOD_URLS=https://debuginfod.ubuntu.com LD_LIBRARY_PATH=/home/arael/Downloads/Mpala /mocap_ws/install/mocap4r2_robot_gt_msgs/lib:/home/arael/Downloads/Mpala /mocap_ws/install/mocap4r2_msgs/lib:${LD_LIBRARY_PATH} PYTHONPATH=/home/arael/Downloads/Mpala /mocap_ws/install/mocap4r2_robot_gt_msgs/lib/python3.12/site-packages:/home/arael/Downloads/Mpala /mocap_ws/install/mocap4r2_msgs/lib/python3.12/site-packages:${PYTHONPATH} /usr/bin/cmake --install /home/arael/Downloads/Mpala /mocap_ws/build/mocap4r2_robot_gt
