[0.040s] Invoking command in '/home/arael/Downloads/Mpala /mocap_ws/build/mocap4r2_marker_viz_srvs': CMAKE_PREFIX_PATH=${CMAKE_PREFIX_PATH}:/home/arael/Downloads/Mpala /mocap_ws/install/mocap4r2cli:/opt/ros/jazzy DEBUGINFOD_URLS=https://debuginfod.ubuntu.com /usr/bin/cmake --build /home/arael/Downloads/Mpala /mocap_ws/build/mocap4r2_marker_viz_srvs -- -j16 -l16
[0.180s] [  2%] Built target mocap4r2_marker_viz_srvs__rosidl_generator_type_description
[0.211s] [  2%] Built target ament_cmake_python_symlink_mocap4r2_marker_viz_srvs
[0.250s] [ 11%] Built target mocap4r2_marker_viz_srvs__cpp
[0.250s] [ 22%] Built target mocap4r2_marker_viz_srvs__rosidl_generator_c
[0.385s] [ 31%] Built target mocap4r2_marker_viz_srvs__rosidl_typesupport_cpp
[0.391s] [ 40%] Built target mocap4r2_marker_viz_srvs__rosidl_typesupport_introspection_cpp
[0.391s] [ 50%] Built target mocap4r2_marker_viz_srvs__rosidl_typesupport_c
[0.402s] [ 59%] Built target mocap4r2_marker_viz_srvs__rosidl_typesupport_fastrtps_c
[0.404s] [ 72%] Built target mocap4r2_marker_viz_srvs__rosidl_typesupport_fastrtps_cpp
[0.406s] [ 77%] Built target mocap4r2_marker_viz_srvs__rosidl_typesupport_introspection_c
[0.473s] [ 77%] Built target mocap4r2_marker_viz_srvs
[0.543s] [ 79%] Built target mocap4r2_marker_viz_srvs__py
[0.602s] [ 86%] Built target mocap4r2_marker_viz_srvs__rosidl_generator_py
[0.694s] [ 95%] Built target mocap4r2_marker_viz_srvs_s__rosidl_typesupport_c
[0.695s] [ 93%] Built target mocap4r2_marker_viz_srvs_s__rosidl_typesupport_fastrtps_c
[0.696s] [100%] Built target mocap4r2_marker_viz_srvs_s__rosidl_typesupport_introspection_c
[0.930s] running egg_info
[0.981s] writing mocap4r2_marker_viz_srvs.egg-info/PKG-INFO
[0.982s] writing dependency_links to mocap4r2_marker_viz_srvs.egg-info/dependency_links.txt
[0.982s] writing top-level names to mocap4r2_marker_viz_srvs.egg-info/top_level.txt
[1.118s] reading manifest file 'mocap4r2_marker_viz_srvs.egg-info/SOURCES.txt'
[1.119s] writing manifest file 'mocap4r2_marker_viz_srvs.egg-info/SOURCES.txt'
[1.210s] [100%] Built target ament_cmake_python_build_mocap4r2_marker_viz_srvs_egg
[1.245s] Invoked command in '/home/arael/Downloads/Mpala /mocap_ws/build/mocap4r2_marker_viz_srvs' returned '0': CMAKE_PREFIX_PATH=${CMAKE_PREFIX_PATH}:/home/arael/Downloads/Mpala /mocap_ws/install/mocap4r2cli:/opt/ros/jazzy DEBUGINFOD_URLS=https://debuginfod.ubuntu.com /usr/bin/cmake --build /home/arael/Downloads/Mpala /mocap_ws/build/mocap4r2_marker_viz_srvs -- -j16 -l16
[1.248s] Invoking command in '/home/arael/Downloads/Mpala /mocap_ws/build/mocap4r2_marker_viz_srvs': CMAKE_PREFIX_PATH=${CMAKE_PREFIX_PATH}:/home/arael/Downloads/Mpala /mocap_ws/install/mocap4r2cli:/opt/ros/jazzy DEBUGINFOD_URLS=https://debuginfod.ubuntu.com /usr/bin/cmake --install /home/arael/Downloads/Mpala /mocap_ws/build/mocap4r2_marker_viz_srvs
[1.271s] -- Install configuration: ""
[1.272s] -- Execute custom install script
[1.273s] -- Up-to-date symlink: /home/arael/Downloads/Mpala /mocap_ws/install/mocap4r2_marker_viz_srvs/share/ament_index/resource_index/rosidl_interfaces/mocap4r2_marker_viz_srvs
[1.274s] -- Up-to-date symlink: /home/arael/Downloads/Mpala /mocap_ws/install/mocap4r2_marker_viz_srvs/share/mocap4r2_marker_viz_srvs/srv/SetMarkerColor.json
[1.274s] -- Up-to-date symlink: /home/arael/Downloads/Mpala /mocap_ws/install/mocap4r2_marker_viz_srvs/share/mocap4r2_marker_viz_srvs/srv/ResetMarkerColor.json
[1.275s] -- Up-to-date symlink: /home/arael/Downloads/Mpala /mocap_ws/install/mocap4r2_marker_viz_srvs/include/mocap4r2_marker_viz_srvs/mocap4r2_marker_viz_srvs/msg/rosidl_generator_c__visibility_control.h
[1.276s] -- Up-to-date symlink: /home/arael/Downloads/Mpala /mocap_ws/install/mocap4r2_marker_viz_srvs/include/mocap4r2_marker_viz_srvs/mocap4r2_marker_viz_srvs/srv/detail/reset_marker_color__functions.h
[1.276s] -- Up-to-date symlink: /home/arael/Downloads/Mpala /mocap_ws/install/mocap4r2_marker_viz_srvs/include/mocap4r2_marker_viz_srvs/mocap4r2_marker_viz_srvs/srv/detail/reset_marker_color__struct.h
[1.277s] -- Up-to-date symlink: /home/arael/Downloads/Mpala /mocap_ws/install/mocap4r2_marker_viz_srvs/include/mocap4r2_marker_viz_srvs/mocap4r2_marker_viz_srvs/srv/detail/reset_marker_color__type_support.h
[1.277s] -- Up-to-date symlink: /home/arael/Downloads/Mpala /mocap_ws/install/mocap4r2_marker_viz_srvs/include/mocap4r2_marker_viz_srvs/mocap4r2_marker_viz_srvs/srv/detail/set_marker_color__functions.h
[1.277s] -- Up-to-date symlink: /home/arael/Downloads/Mpala /mocap_ws/install/mocap4r2_marker_viz_srvs/include/mocap4r2_marker_viz_srvs/mocap4r2_marker_viz_srvs/srv/detail/set_marker_color__struct.h
[1.278s] -- Up-to-date symlink: /home/arael/Downloads/Mpala /mocap_ws/install/mocap4r2_marker_viz_srvs/include/mocap4r2_marker_viz_srvs/mocap4r2_marker_viz_srvs/srv/detail/set_marker_color__type_support.h
[1.278s] -- Up-to-date symlink: /home/arael/Downloads/Mpala /mocap_ws/install/mocap4r2_marker_viz_srvs/include/mocap4r2_marker_viz_srvs/mocap4r2_marker_viz_srvs/srv/reset_marker_color.h
[1.278s] -- Up-to-date symlink: /home/arael/Downloads/Mpala /mocap_ws/install/mocap4r2_marker_viz_srvs/include/mocap4r2_marker_viz_srvs/mocap4r2_marker_viz_srvs/srv/set_marker_color.h
[1.279s] -- Up-to-date symlink: /home/arael/Downloads/Mpala /mocap_ws/install/mocap4r2_marker_viz_srvs/share/mocap4r2_marker_viz_srvs/environment/library_path.sh
[1.279s] -- Up-to-date symlink: /home/arael/Downloads/Mpala /mocap_ws/install/mocap4r2_marker_viz_srvs/share/mocap4r2_marker_viz_srvs/environment/library_path.dsv
[1.280s] -- Up-to-date symlink: /home/arael/Downloads/Mpala /mocap_ws/install/mocap4r2_marker_viz_srvs/include/mocap4r2_marker_viz_srvs/mocap4r2_marker_viz_srvs/msg/rosidl_typesupport_fastrtps_c__visibility_control.h
[1.280s] -- Up-to-date symlink: /home/arael/Downloads/Mpala /mocap_ws/install/mocap4r2_marker_viz_srvs/include/mocap4r2_marker_viz_srvs/mocap4r2_marker_viz_srvs/srv/detail/reset_marker_color__rosidl_typesupport_fastrtps_c.h
[1.281s] -- Up-to-date symlink: /home/arael/Downloads/Mpala /mocap_ws/install/mocap4r2_marker_viz_srvs/include/mocap4r2_marker_viz_srvs/mocap4r2_marker_viz_srvs/srv/detail/set_marker_color__rosidl_typesupport_fastrtps_c.h
[1.282s] -- Up-to-date symlink: /home/arael/Downloads/Mpala /mocap_ws/install/mocap4r2_marker_viz_srvs/include/mocap4r2_marker_viz_srvs/mocap4r2_marker_viz_srvs/msg/rosidl_typesupport_introspection_c__visibility_control.h
[1.282s] -- Up-to-date symlink: /home/arael/Downloads/Mpala /mocap_ws/install/mocap4r2_marker_viz_srvs/include/mocap4r2_marker_viz_srvs/mocap4r2_marker_viz_srvs/srv/detail/reset_marker_color__rosidl_typesupport_introspection_c.h
[1.283s] -- Up-to-date symlink: /home/arael/Downloads/Mpala /mocap_ws/install/mocap4r2_marker_viz_srvs/include/mocap4r2_marker_viz_srvs/mocap4r2_marker_viz_srvs/srv/detail/set_marker_color__rosidl_typesupport_introspection_c.h
[1.284s] -- Up-to-date symlink: /home/arael/Downloads/Mpala /mocap_ws/install/mocap4r2_marker_viz_srvs/include/mocap4r2_marker_viz_srvs/mocap4r2_marker_viz_srvs/msg/rosidl_generator_cpp__visibility_control.hpp
[1.284s] -- Up-to-date symlink: /home/arael/Downloads/Mpala /mocap_ws/install/mocap4r2_marker_viz_srvs/include/mocap4r2_marker_viz_srvs/mocap4r2_marker_viz_srvs/srv/detail/reset_marker_color__builder.hpp
[1.284s] -- Up-to-date symlink: /home/arael/Downloads/Mpala /mocap_ws/install/mocap4r2_marker_viz_srvs/include/mocap4r2_marker_viz_srvs/mocap4r2_marker_viz_srvs/srv/detail/reset_marker_color__struct.hpp
[1.285s] -- Up-to-date symlink: /home/arael/Downloads/Mpala /mocap_ws/install/mocap4r2_marker_viz_srvs/include/mocap4r2_marker_viz_srvs/mocap4r2_marker_viz_srvs/srv/detail/reset_marker_color__traits.hpp
[1.285s] -- Up-to-date symlink: /home/arael/Downloads/Mpala /mocap_ws/install/mocap4r2_marker_viz_srvs/include/mocap4r2_marker_viz_srvs/mocap4r2_marker_viz_srvs/srv/detail/reset_marker_color__type_support.hpp
[1.285s] -- Up-to-date symlink: /home/arael/Downloads/Mpala /mocap_ws/install/mocap4r2_marker_viz_srvs/include/mocap4r2_marker_viz_srvs/mocap4r2_marker_viz_srvs/srv/detail/set_marker_color__builder.hpp
[1.286s] -- Up-to-date symlink: /home/arael/Downloads/Mpala /mocap_ws/install/mocap4r2_marker_viz_srvs/include/mocap4r2_marker_viz_srvs/mocap4r2_marker_viz_srvs/srv/detail/set_marker_color__struct.hpp
[1.286s] -- Up-to-date symlink: /home/arael/Downloads/Mpala /mocap_ws/install/mocap4r2_marker_viz_srvs/include/mocap4r2_marker_viz_srvs/mocap4r2_marker_viz_srvs/srv/detail/set_marker_color__traits.hpp
[1.286s] -- Up-to-date symlink: /home/arael/Downloads/Mpala /mocap_ws/install/mocap4r2_marker_viz_srvs/include/mocap4r2_marker_viz_srvs/mocap4r2_marker_viz_srvs/srv/detail/set_marker_color__type_support.hpp
[1.287s] -- Up-to-date symlink: /home/arael/Downloads/Mpala /mocap_ws/install/mocap4r2_marker_viz_srvs/include/mocap4r2_marker_viz_srvs/mocap4r2_marker_viz_srvs/srv/reset_marker_color.hpp
[1.287s] -- Up-to-date symlink: /home/arael/Downloads/Mpala /mocap_ws/install/mocap4r2_marker_viz_srvs/include/mocap4r2_marker_viz_srvs/mocap4r2_marker_viz_srvs/srv/set_marker_color.hpp
[1.288s] -- Up-to-date symlink: /home/arael/Downloads/Mpala /mocap_ws/install/mocap4r2_marker_viz_srvs/include/mocap4r2_marker_viz_srvs/mocap4r2_marker_viz_srvs/msg/rosidl_typesupport_fastrtps_cpp__visibility_control.h
[1.289s] -- Up-to-date symlink: /home/arael/Downloads/Mpala /mocap_ws/install/mocap4r2_marker_viz_srvs/include/mocap4r2_marker_viz_srvs/mocap4r2_marker_viz_srvs/srv/detail/reset_marker_color__rosidl_typesupport_fastrtps_cpp.hpp
[1.289s] -- Up-to-date symlink: /home/arael/Downloads/Mpala /mocap_ws/install/mocap4r2_marker_viz_srvs/include/mocap4r2_marker_viz_srvs/mocap4r2_marker_viz_srvs/srv/detail/set_marker_color__rosidl_typesupport_fastrtps_cpp.hpp
[1.290s] -- Up-to-date symlink: /home/arael/Downloads/Mpala /mocap_ws/install/mocap4r2_marker_viz_srvs/include/mocap4r2_marker_viz_srvs/mocap4r2_marker_viz_srvs/srv/detail/reset_marker_color__rosidl_typesupport_introspection_cpp.hpp
[1.290s] -- Up-to-date symlink: /home/arael/Downloads/Mpala /mocap_ws/install/mocap4r2_marker_viz_srvs/include/mocap4r2_marker_viz_srvs/mocap4r2_marker_viz_srvs/srv/detail/set_marker_color__rosidl_typesupport_introspection_cpp.hpp
[1.291s] -- Up-to-date symlink: /home/arael/Downloads/Mpala /mocap_ws/install/mocap4r2_marker_viz_srvs/share/mocap4r2_marker_viz_srvs/environment/pythonpath.sh
[1.291s] -- Up-to-date symlink: /home/arael/Downloads/Mpala /mocap_ws/install/mocap4r2_marker_viz_srvs/share/mocap4r2_marker_viz_srvs/environment/pythonpath.dsv
[1.292s] -- Up-to-date symlink: /home/arael/Downloads/Mpala /mocap_ws/install/mocap4r2_marker_viz_srvs/lib/python3.12/site-packages/mocap4r2_marker_viz_srvs-0.0.7-py3.12.egg-info/PKG-INFO
[1.292s] -- Up-to-date symlink: /home/arael/Downloads/Mpala /mocap_ws/install/mocap4r2_marker_viz_srvs/lib/python3.12/site-packages/mocap4r2_marker_viz_srvs-0.0.7-py3.12.egg-info/SOURCES.txt
[1.292s] -- Up-to-date symlink: /home/arael/Downloads/Mpala /mocap_ws/install/mocap4r2_marker_viz_srvs/lib/python3.12/site-packages/mocap4r2_marker_viz_srvs-0.0.7-py3.12.egg-info/dependency_links.txt
[1.293s] -- Up-to-date symlink: /home/arael/Downloads/Mpala /mocap_ws/install/mocap4r2_marker_viz_srvs/lib/python3.12/site-packages/mocap4r2_marker_viz_srvs-0.0.7-py3.12.egg-info/top_level.txt
[1.294s] -- Up-to-date symlink: /home/arael/Downloads/Mpala /mocap_ws/install/mocap4r2_marker_viz_srvs/lib/python3.12/site-packages/mocap4r2_marker_viz_srvs/__init__.py
[1.294s] -- Up-to-date symlink: /home/arael/Downloads/Mpala /mocap_ws/install/mocap4r2_marker_viz_srvs/lib/python3.12/site-packages/mocap4r2_marker_viz_srvs/_mocap4r2_marker_viz_srvs_s.ep.rosidl_typesupport_c.c
[1.295s] -- Up-to-date symlink: /home/arael/Downloads/Mpala /mocap_ws/install/mocap4r2_marker_viz_srvs/lib/python3.12/site-packages/mocap4r2_marker_viz_srvs/_mocap4r2_marker_viz_srvs_s.ep.rosidl_typesupport_fastrtps_c.c
[1.295s] -- Up-to-date symlink: /home/arael/Downloads/Mpala /mocap_ws/install/mocap4r2_marker_viz_srvs/lib/python3.12/site-packages/mocap4r2_marker_viz_srvs/_mocap4r2_marker_viz_srvs_s.ep.rosidl_typesupport_introspection_c.c
[1.295s] -- Up-to-date symlink: /home/arael/Downloads/Mpala /mocap_ws/install/mocap4r2_marker_viz_srvs/lib/python3.12/site-packages/mocap4r2_marker_viz_srvs/mocap4r2_marker_viz_srvs_s__rosidl_typesupport_c.so
[1.296s] -- Up-to-date symlink: /home/arael/Downloads/Mpala /mocap_ws/install/mocap4r2_marker_viz_srvs/lib/python3.12/site-packages/mocap4r2_marker_viz_srvs/mocap4r2_marker_viz_srvs_s__rosidl_typesupport_fastrtps_c.so
[1.296s] -- Up-to-date symlink: /home/arael/Downloads/Mpala /mocap_ws/install/mocap4r2_marker_viz_srvs/lib/python3.12/site-packages/mocap4r2_marker_viz_srvs/mocap4r2_marker_viz_srvs_s__rosidl_typesupport_introspection_c.so
[1.296s] -- Up-to-date symlink: /home/arael/Downloads/Mpala /mocap_ws/install/mocap4r2_marker_viz_srvs/lib/python3.12/site-packages/mocap4r2_marker_viz_srvs/srv/__init__.py
[1.297s] -- Up-to-date symlink: /home/arael/Downloads/Mpala /mocap_ws/install/mocap4r2_marker_viz_srvs/lib/python3.12/site-packages/mocap4r2_marker_viz_srvs/srv/_reset_marker_color.py
[1.297s] -- Up-to-date symlink: /home/arael/Downloads/Mpala /mocap_ws/install/mocap4r2_marker_viz_srvs/lib/python3.12/site-packages/mocap4r2_marker_viz_srvs/srv/_reset_marker_color_s.c
[1.297s] -- Up-to-date symlink: /home/arael/Downloads/Mpala /mocap_ws/install/mocap4r2_marker_viz_srvs/lib/python3.12/site-packages/mocap4r2_marker_viz_srvs/srv/_set_marker_color.py
[1.298s] -- Up-to-date symlink: /home/arael/Downloads/Mpala /mocap_ws/install/mocap4r2_marker_viz_srvs/lib/python3.12/site-packages/mocap4r2_marker_viz_srvs/srv/_set_marker_color_s.c
[1.298s] -- Up-to-date symlink: /home/arael/Downloads/Mpala /mocap_ws/install/mocap4r2_marker_viz_srvs/lib/python3.12/site-packages/mocap4r2_marker_viz_srvs/mocap4r2_marker_viz_srvs_s__rosidl_typesupport_fastrtps_c.so
[1.299s] -- Up-to-date symlink: /home/arael/Downloads/Mpala /mocap_ws/install/mocap4r2_marker_viz_srvs/lib/python3.12/site-packages/mocap4r2_marker_viz_srvs/mocap4r2_marker_viz_srvs_s__rosidl_typesupport_introspection_c.so
[1.299s] -- Up-to-date symlink: /home/arael/Downloads/Mpala /mocap_ws/install/mocap4r2_marker_viz_srvs/lib/python3.12/site-packages/mocap4r2_marker_viz_srvs/mocap4r2_marker_viz_srvs_s__rosidl_typesupport_c.so
[1.300s] -- Up-to-date symlink: /home/arael/Downloads/Mpala /mocap_ws/install/mocap4r2_marker_viz_srvs/share/mocap4r2_marker_viz_srvs/srv/SetMarkerColor.idl
[1.300s] -- Up-to-date symlink: /home/arael/Downloads/Mpala /mocap_ws/install/mocap4r2_marker_viz_srvs/share/mocap4r2_marker_viz_srvs/srv/ResetMarkerColor.idl
[1.301s] -- Up-to-date symlink: /home/arael/Downloads/Mpala /mocap_ws/install/mocap4r2_marker_viz_srvs/share/mocap4r2_marker_viz_srvs/srv/SetMarkerColor.srv
[1.301s] -- Up-to-date symlink: /home/arael/Downloads/Mpala /mocap_ws/install/mocap4r2_marker_viz_srvs/share/mocap4r2_marker_viz_srvs/srv/ResetMarkerColor.srv
[1.302s] -- Up-to-date symlink: /home/arael/Downloads/Mpala /mocap_ws/install/mocap4r2_marker_viz_srvs/share/ament_index/resource_index/package_run_dependencies/mocap4r2_marker_viz_srvs
[1.302s] -- Up-to-date symlink: /home/arael/Downloads/Mpala /mocap_ws/install/mocap4r2_marker_viz_srvs/share/ament_index/resource_index/parent_prefix_path/mocap4r2_marker_viz_srvs
[1.302s] -- Up-to-date symlink: /home/arael/Downloads/Mpala /mocap_ws/install/mocap4r2_marker_viz_srvs/share/mocap4r2_marker_viz_srvs/environment/ament_prefix_path.sh
[1.303s] -- Up-to-date symlink: /home/arael/Downloads/Mpala /mocap_ws/install/mocap4r2_marker_viz_srvs/share/mocap4r2_marker_viz_srvs/environment/ament_prefix_path.dsv
[1.303s] -- Up-to-date symlink: /home/arael/Downloads/Mpala /mocap_ws/install/mocap4r2_marker_viz_srvs/share/mocap4r2_marker_viz_srvs/environment/path.sh
[1.304s] -- Up-to-date symlink: /home/arael/Downloads/Mpala /mocap_ws/install/mocap4r2_marker_viz_srvs/share/mocap4r2_marker_viz_srvs/environment/path.dsv
[1.304s] -- Up-to-date symlink: /home/arael/Downloads/Mpala /mocap_ws/install/mocap4r2_marker_viz_srvs/share/mocap4r2_marker_viz_srvs/local_setup.bash
[1.304s] -- Up-to-date symlink: /home/arael/Downloads/Mpala /mocap_ws/install/mocap4r2_marker_viz_srvs/share/mocap4r2_marker_viz_srvs/local_setup.sh
[1.305s] -- Up-to-date symlink: /home/arael/Downloads/Mpala /mocap_ws/install/mocap4r2_marker_viz_srvs/share/mocap4r2_marker_viz_srvs/local_setup.zsh
[1.305s] -- Up-to-date symlink: /home/arael/Downloads/Mpala /mocap_ws/install/mocap4r2_marker_viz_srvs/share/mocap4r2_marker_viz_srvs/local_setup.dsv
[1.305s] -- Symlinking: /home/arael/Downloads/Mpala /mocap_ws/install/mocap4r2_marker_viz_srvs/share/mocap4r2_marker_viz_srvs/package.dsv
[1.334s] -- Up-to-date symlink: /home/arael/Downloads/Mpala /mocap_ws/install/mocap4r2_marker_viz_srvs/share/ament_index/resource_index/packages/mocap4r2_marker_viz_srvs
[1.335s] -- Up-to-date symlink: /home/arael/Downloads/Mpala /mocap_ws/install/mocap4r2_marker_viz_srvs/share/mocap4r2_marker_viz_srvs/cmake/rosidl_cmake-extras.cmake
[1.335s] -- Up-to-date symlink: /home/arael/Downloads/Mpala /mocap_ws/install/mocap4r2_marker_viz_srvs/share/mocap4r2_marker_viz_srvs/cmake/ament_cmake_export_dependencies-extras.cmake
[1.335s] -- Up-to-date symlink: /home/arael/Downloads/Mpala /mocap_ws/install/mocap4r2_marker_viz_srvs/share/mocap4r2_marker_viz_srvs/cmake/ament_cmake_export_include_directories-extras.cmake
[1.335s] -- Up-to-date symlink: /home/arael/Downloads/Mpala /mocap_ws/install/mocap4r2_marker_viz_srvs/share/mocap4r2_marker_viz_srvs/cmake/ament_cmake_export_libraries-extras.cmake
[1.336s] -- Up-to-date symlink: /home/arael/Downloads/Mpala /mocap_ws/install/mocap4r2_marker_viz_srvs/share/mocap4r2_marker_viz_srvs/cmake/ament_cmake_export_targets-extras.cmake
[1.337s] -- Up-to-date symlink: /home/arael/Downloads/Mpala /mocap_ws/install/mocap4r2_marker_viz_srvs/share/mocap4r2_marker_viz_srvs/cmake/rosidl_cmake_export_typesupport_targets-extras.cmake
[1.337s] -- Up-to-date symlink: /home/arael/Downloads/Mpala /mocap_ws/install/mocap4r2_marker_viz_srvs/share/mocap4r2_marker_viz_srvs/cmake/rosidl_cmake_export_typesupport_libraries-extras.cmake
[1.338s] -- Up-to-date symlink: /home/arael/Downloads/Mpala /mocap_ws/install/mocap4r2_marker_viz_srvs/share/mocap4r2_marker_viz_srvs/cmake/mocap4r2_marker_viz_srvsConfig.cmake
[1.339s] -- Up-to-date symlink: /home/arael/Downloads/Mpala /mocap_ws/install/mocap4r2_marker_viz_srvs/share/mocap4r2_marker_viz_srvs/cmake/mocap4r2_marker_viz_srvsConfig-version.cmake
[1.339s] -- Up-to-date symlink: /home/arael/Downloads/Mpala /mocap_ws/install/mocap4r2_marker_viz_srvs/share/mocap4r2_marker_viz_srvs/package.xml
[1.340s] -- Up-to-date: /home/arael/Downloads/Mpala /mocap_ws/install/mocap4r2_marker_viz_srvs/lib/libmocap4r2_marker_viz_srvs__rosidl_generator_c.so
[1.341s] -- Up-to-date: /home/arael/Downloads/Mpala /mocap_ws/install/mocap4r2_marker_viz_srvs/lib/libmocap4r2_marker_viz_srvs__rosidl_typesupport_fastrtps_c.so
[1.342s] -- Up-to-date: /home/arael/Downloads/Mpala /mocap_ws/install/mocap4r2_marker_viz_srvs/lib/libmocap4r2_marker_viz_srvs__rosidl_typesupport_introspection_c.so
[1.343s] -- Up-to-date: /home/arael/Downloads/Mpala /mocap_ws/install/mocap4r2_marker_viz_srvs/lib/libmocap4r2_marker_viz_srvs__rosidl_typesupport_c.so
[1.344s] -- Up-to-date: /home/arael/Downloads/Mpala /mocap_ws/install/mocap4r2_marker_viz_srvs/lib/libmocap4r2_marker_viz_srvs__rosidl_typesupport_fastrtps_cpp.so
[1.345s] -- Up-to-date: /home/arael/Downloads/Mpala /mocap_ws/install/mocap4r2_marker_viz_srvs/lib/libmocap4r2_marker_viz_srvs__rosidl_typesupport_introspection_cpp.so
[1.346s] -- Up-to-date: /home/arael/Downloads/Mpala /mocap_ws/install/mocap4r2_marker_viz_srvs/lib/libmocap4r2_marker_viz_srvs__rosidl_typesupport_cpp.so
[1.421s] Listing '/home/arael/Downloads/Mpala /mocap_ws/install/mocap4r2_marker_viz_srvs/lib/python3.12/site-packages/mocap4r2_marker_viz_srvs'...
[1.421s] Listing '/home/arael/Downloads/Mpala /mocap_ws/install/mocap4r2_marker_viz_srvs/lib/python3.12/site-packages/mocap4r2_marker_viz_srvs/srv'...
[1.430s] -- Up-to-date: /home/arael/Downloads/Mpala /mocap_ws/install/mocap4r2_marker_viz_srvs/lib/libmocap4r2_marker_viz_srvs__rosidl_generator_py.so
[1.433s] -- Up-to-date: /home/arael/Downloads/Mpala /mocap_ws/install/mocap4r2_marker_viz_srvs/share/mocap4r2_marker_viz_srvs/cmake/export_mocap4r2_marker_viz_srvs__rosidl_generator_cExport.cmake
[1.433s] -- Up-to-date: /home/arael/Downloads/Mpala /mocap_ws/install/mocap4r2_marker_viz_srvs/share/mocap4r2_marker_viz_srvs/cmake/export_mocap4r2_marker_viz_srvs__rosidl_generator_cExport-noconfig.cmake
[1.433s] -- Up-to-date: /home/arael/Downloads/Mpala /mocap_ws/install/mocap4r2_marker_viz_srvs/share/mocap4r2_marker_viz_srvs/cmake/export_mocap4r2_marker_viz_srvs__rosidl_typesupport_fastrtps_cExport.cmake
[1.433s] -- Up-to-date: /home/arael/Downloads/Mpala /mocap_ws/install/mocap4r2_marker_viz_srvs/share/mocap4r2_marker_viz_srvs/cmake/export_mocap4r2_marker_viz_srvs__rosidl_typesupport_fastrtps_cExport-noconfig.cmake
[1.433s] -- Up-to-date: /home/arael/Downloads/Mpala /mocap_ws/install/mocap4r2_marker_viz_srvs/share/mocap4r2_marker_viz_srvs/cmake/mocap4r2_marker_viz_srvs__rosidl_typesupport_introspection_cExport.cmake
[1.433s] -- Up-to-date: /home/arael/Downloads/Mpala /mocap_ws/install/mocap4r2_marker_viz_srvs/share/mocap4r2_marker_viz_srvs/cmake/mocap4r2_marker_viz_srvs__rosidl_typesupport_introspection_cExport-noconfig.cmake
[1.434s] -- Up-to-date: /home/arael/Downloads/Mpala /mocap_ws/install/mocap4r2_marker_viz_srvs/share/mocap4r2_marker_viz_srvs/cmake/mocap4r2_marker_viz_srvs__rosidl_typesupport_cExport.cmake
[1.434s] -- Up-to-date: /home/arael/Downloads/Mpala /mocap_ws/install/mocap4r2_marker_viz_srvs/share/mocap4r2_marker_viz_srvs/cmake/mocap4r2_marker_viz_srvs__rosidl_typesupport_cExport-noconfig.cmake
[1.434s] -- Up-to-date: /home/arael/Downloads/Mpala /mocap_ws/install/mocap4r2_marker_viz_srvs/share/mocap4r2_marker_viz_srvs/cmake/export_mocap4r2_marker_viz_srvs__rosidl_generator_cppExport.cmake
[1.434s] -- Up-to-date: /home/arael/Downloads/Mpala /mocap_ws/install/mocap4r2_marker_viz_srvs/share/mocap4r2_marker_viz_srvs/cmake/export_mocap4r2_marker_viz_srvs__rosidl_typesupport_fastrtps_cppExport.cmake
[1.434s] -- Up-to-date: /home/arael/Downloads/Mpala /mocap_ws/install/mocap4r2_marker_viz_srvs/share/mocap4r2_marker_viz_srvs/cmake/export_mocap4r2_marker_viz_srvs__rosidl_typesupport_fastrtps_cppExport-noconfig.cmake
[1.434s] -- Up-to-date: /home/arael/Downloads/Mpala /mocap_ws/install/mocap4r2_marker_viz_srvs/share/mocap4r2_marker_viz_srvs/cmake/mocap4r2_marker_viz_srvs__rosidl_typesupport_introspection_cppExport.cmake
[1.434s] -- Up-to-date: /home/arael/Downloads/Mpala /mocap_ws/install/mocap4r2_marker_viz_srvs/share/mocap4r2_marker_viz_srvs/cmake/mocap4r2_marker_viz_srvs__rosidl_typesupport_introspection_cppExport-noconfig.cmake
[1.435s] -- Up-to-date: /home/arael/Downloads/Mpala /mocap_ws/install/mocap4r2_marker_viz_srvs/share/mocap4r2_marker_viz_srvs/cmake/mocap4r2_marker_viz_srvs__rosidl_typesupport_cppExport.cmake
[1.435s] -- Up-to-date: /home/arael/Downloads/Mpala /mocap_ws/install/mocap4r2_marker_viz_srvs/share/mocap4r2_marker_viz_srvs/cmake/mocap4r2_marker_viz_srvs__rosidl_typesupport_cppExport-noconfig.cmake
[1.435s] -- Up-to-date: /home/arael/Downloads/Mpala /mocap_ws/install/mocap4r2_marker_viz_srvs/share/mocap4r2_marker_viz_srvs/cmake/export_mocap4r2_marker_viz_srvs__rosidl_generator_pyExport.cmake
[1.436s] -- Up-to-date: /home/arael/Downloads/Mpala /mocap_ws/install/mocap4r2_marker_viz_srvs/share/mocap4r2_marker_viz_srvs/cmake/export_mocap4r2_marker_viz_srvs__rosidl_generator_pyExport-noconfig.cmake
[1.473s] Invoked command in '/home/arael/Downloads/Mpala /mocap_ws/build/mocap4r2_marker_viz_srvs' returned '0': CMAKE_PREFIX_PATH=${CMAKE_PREFIX_PATH}:/home/arael/Downloads/Mpala /mocap_ws/install/mocap4r2cli:/opt/ros/jazzy DEBUGINFOD_URLS=https://debuginfod.ubuntu.com /usr/bin/cmake --install /home/arael/Downloads/Mpala /mocap_ws/build/mocap4r2_marker_viz_srvs
